ERROR - 2022-07-16 00:02:04 --> Column 'customer_name' cannot be null
CRITICAL - 2022-07-16 00:02:04 --> Column 'customer_name' cannot be null
in SYSTEMPATH\Database\MySQLi\Connection.php on line 292.
 1 SYSTEMPATH\Database\MySQLi\Connection.php(292): mysqli->query('INSERT INTO `customer` (`customer_name`, `customer_email`, `customer_password`, `customer_username`) VALUES (NULL, NULL, \'907f0102827f6db717d183cd2fb2cfa8\', \'lavish jain\')', 0)
 2 SYSTEMPATH\Database\BaseConnection.php(695): CodeIgniter\Database\MySQLi\Connection->execute('INSERT INTO `customer` (`customer_name`, `customer_email`, `customer_password`, `customer_username`) VALUES (NULL, NULL, \'907f0102827f6db717d183cd2fb2cfa8\', \'lavish jain\')')
 3 SYSTEMPATH\Database\BaseConnection.php(609): CodeIgniter\Database\BaseConnection->simpleQuery('INSERT INTO `customer` (`customer_name`, `customer_email`, `customer_password`, `customer_username`) VALUES (NULL, NULL, \'907f0102827f6db717d183cd2fb2cfa8\', \'lavish jain\')')
 4 SYSTEMPATH\Database\BaseBuilder.php(1904): CodeIgniter\Database\BaseConnection->query('INSERT INTO `customer` (`customer_name`, `customer_email`, `customer_password`, `customer_username`) VALUES (:customer_name:, :customer_email:, :customer_password:, :customer_username:)', [...], false)
 5 SYSTEMPATH\Model.php(278): CodeIgniter\Database\BaseBuilder->insert()
 6 SYSTEMPATH\BaseModel.php(738): CodeIgniter\Model->doInsert([...])
 7 SYSTEMPATH\Model.php(666): CodeIgniter\BaseModel->insert([...], true)
 8 APPPATH\Controllers\Register.php(45): CodeIgniter\Model->insert([...])
 9 SYSTEMPATH\CodeIgniter.php(896): App\Controllers\Register->userSignup()
10 SYSTEMPATH\CodeIgniter.php(466): CodeIgniter\CodeIgniter->runController(Object(App\Controllers\Register))
11 SYSTEMPATH\CodeIgniter.php(349): CodeIgniter\CodeIgniter->handleRequest(null, Object(Config\Cache), false)
12 FCPATH\index.php(55): CodeIgniter\CodeIgniter->run()
ERROR - 2022-07-16 00:03:49 --> Column 'customer_name' cannot be null
CRITICAL - 2022-07-16 00:03:49 --> Column 'customer_name' cannot be null
in SYSTEMPATH\Database\MySQLi\Connection.php on line 292.
 1 SYSTEMPATH\Database\MySQLi\Connection.php(292): mysqli->query('INSERT INTO `customer` (`customer_name`, `customer_email`, `customer_password`, `customer_username`) VALUES (NULL, NULL, \'907f0102827f6db717d183cd2fb2cfa8\', \'lavish jain\')', 0)
 2 SYSTEMPATH\Database\BaseConnection.php(695): CodeIgniter\Database\MySQLi\Connection->execute('INSERT INTO `customer` (`customer_name`, `customer_email`, `customer_password`, `customer_username`) VALUES (NULL, NULL, \'907f0102827f6db717d183cd2fb2cfa8\', \'lavish jain\')')
 3 SYSTEMPATH\Database\BaseConnection.php(609): CodeIgniter\Database\BaseConnection->simpleQuery('INSERT INTO `customer` (`customer_name`, `customer_email`, `customer_password`, `customer_username`) VALUES (NULL, NULL, \'907f0102827f6db717d183cd2fb2cfa8\', \'lavish jain\')')
 4 SYSTEMPATH\Database\BaseBuilder.php(1904): CodeIgniter\Database\BaseConnection->query('INSERT INTO `customer` (`customer_name`, `customer_email`, `customer_password`, `customer_username`) VALUES (:customer_name:, :customer_email:, :customer_password:, :customer_username:)', [...], false)
 5 SYSTEMPATH\Model.php(278): CodeIgniter\Database\BaseBuilder->insert()
 6 SYSTEMPATH\BaseModel.php(738): CodeIgniter\Model->doInsert([...])
 7 SYSTEMPATH\Model.php(666): CodeIgniter\BaseModel->insert([...], true)
 8 APPPATH\Controllers\Register.php(45): CodeIgniter\Model->insert([...])
 9 SYSTEMPATH\CodeIgniter.php(896): App\Controllers\Register->userSignup()
10 SYSTEMPATH\CodeIgniter.php(466): CodeIgniter\CodeIgniter->runController(Object(App\Controllers\Register))
11 SYSTEMPATH\CodeIgniter.php(349): CodeIgniter\CodeIgniter->handleRequest(null, Object(Config\Cache), false)
12 FCPATH\index.php(55): CodeIgniter\CodeIgniter->run()
