CRITICAL - 2022-07-21 01:32:09 --> Undefined index: category_name
in APPPATH\Views\admin\pages\display.php on line 145.
 1 APPPATH\Views\admin\pages\display.php(145): CodeIgniter\Debug\Exceptions->errorHandler(8, 'Undefined index: category_name', 'APPPATH\\Views\\admin\\pages\\display.php', 145, [...])
 2 SYSTEMPATH\View\View.php(213): include('APPPATH\\Views\\admin\\pages\\display.php')
 3 SYSTEMPATH\View\View.php(216): CodeIgniter\View\View->CodeIgniter\View\{closure}()
 4 SYSTEMPATH\Common.php(1135): CodeIgniter\View\View->render('admin/pages/display', [], true)
 5 APPPATH\Controllers\Admin.php(189): view('admin/pages/display', [...])
 6 SYSTEMPATH\CodeIgniter.php(896): App\Controllers\Admin->display()
 7 SYSTEMPATH\CodeIgniter.php(466): CodeIgniter\CodeIgniter->runController(Object(App\Controllers\Admin))
 8 SYSTEMPATH\CodeIgniter.php(349): CodeIgniter\CodeIgniter->handleRequest(null, Object(Config\Cache), false)
 9 FCPATH\index.php(55): CodeIgniter\CodeIgniter->run()
CRITICAL - 2022-07-21 01:39:51 --> Undefined variable: category
in APPPATH\Views\admin\pages\display.php on line 145.
 1 APPPATH\Views\admin\pages\display.php(145): CodeIgniter\Debug\Exceptions->errorHandler(8, 'Undefined variable: category', 'APPPATH\\Views\\admin\\pages\\display.php', 145, [...])
 2 SYSTEMPATH\View\View.php(213): include('APPPATH\\Views\\admin\\pages\\display.php')
 3 SYSTEMPATH\View\View.php(216): CodeIgniter\View\View->CodeIgniter\View\{closure}()
 4 SYSTEMPATH\Common.php(1135): CodeIgniter\View\View->render('admin/pages/display', [], true)
 5 APPPATH\Controllers\Admin.php(189): view('admin/pages/display', [...])
 6 SYSTEMPATH\CodeIgniter.php(896): App\Controllers\Admin->display()
 7 SYSTEMPATH\CodeIgniter.php(466): CodeIgniter\CodeIgniter->runController(Object(App\Controllers\Admin))
 8 SYSTEMPATH\CodeIgniter.php(349): CodeIgniter\CodeIgniter->handleRequest(null, Object(Config\Cache), false)
 9 FCPATH\index.php(55): CodeIgniter\CodeIgniter->run()
CRITICAL - 2022-07-21 01:41:48 --> Undefined variable: category
in APPPATH\Views\admin\pages\display.php on line 145.
 1 APPPATH\Views\admin\pages\display.php(145): CodeIgniter\Debug\Exceptions->errorHandler(8, 'Undefined variable: category', 'APPPATH\\Views\\admin\\pages\\display.php', 145, [...])
 2 SYSTEMPATH\View\View.php(213): include('APPPATH\\Views\\admin\\pages\\display.php')
 3 SYSTEMPATH\View\View.php(216): CodeIgniter\View\View->CodeIgniter\View\{closure}()
 4 SYSTEMPATH\Common.php(1135): CodeIgniter\View\View->render('admin/pages/display', [], true)
 5 APPPATH\Controllers\Admin.php(189): view('admin/pages/display', [...])
 6 SYSTEMPATH\CodeIgniter.php(896): App\Controllers\Admin->display()
 7 SYSTEMPATH\CodeIgniter.php(466): CodeIgniter\CodeIgniter->runController(Object(App\Controllers\Admin))
 8 SYSTEMPATH\CodeIgniter.php(349): CodeIgniter\CodeIgniter->handleRequest(null, Object(Config\Cache), false)
 9 FCPATH\index.php(55): CodeIgniter\CodeIgniter->run()
CRITICAL - 2022-07-21 01:44:16 --> Undefined index: category_name
in APPPATH\Views\admin\pages\display.php on line 146.
 1 APPPATH\Views\admin\pages\display.php(146): CodeIgniter\Debug\Exceptions->errorHandler(8, 'Undefined index: category_name', 'APPPATH\\Views\\admin\\pages\\display.php', 146, [...])
 2 SYSTEMPATH\View\View.php(213): include('APPPATH\\Views\\admin\\pages\\display.php')
 3 SYSTEMPATH\View\View.php(216): CodeIgniter\View\View->CodeIgniter\View\{closure}()
 4 SYSTEMPATH\Common.php(1135): CodeIgniter\View\View->render('admin/pages/display', [], true)
 5 APPPATH\Controllers\Admin.php(189): view('admin/pages/display', [...])
 6 SYSTEMPATH\CodeIgniter.php(896): App\Controllers\Admin->display()
 7 SYSTEMPATH\CodeIgniter.php(466): CodeIgniter\CodeIgniter->runController(Object(App\Controllers\Admin))
 8 SYSTEMPATH\CodeIgniter.php(349): CodeIgniter\CodeIgniter->handleRequest(null, Object(Config\Cache), false)
 9 FCPATH\index.php(55): CodeIgniter\CodeIgniter->run()
CRITICAL - 2022-07-21 01:47:56 --> Undefined index: category_name
in APPPATH\Views\admin\pages\display.php on line 146.
 1 APPPATH\Views\admin\pages\display.php(146): CodeIgniter\Debug\Exceptions->errorHandler(8, 'Undefined index: category_name', 'APPPATH\\Views\\admin\\pages\\display.php', 146, [...])
 2 SYSTEMPATH\View\View.php(213): include('APPPATH\\Views\\admin\\pages\\display.php')
 3 SYSTEMPATH\View\View.php(216): CodeIgniter\View\View->CodeIgniter\View\{closure}()
 4 SYSTEMPATH\Common.php(1135): CodeIgniter\View\View->render('admin/pages/display', [], true)
 5 APPPATH\Controllers\Admin.php(198): view('admin/pages/display', [...])
 6 SYSTEMPATH\CodeIgniter.php(896): App\Controllers\Admin->display()
 7 SYSTEMPATH\CodeIgniter.php(466): CodeIgniter\CodeIgniter->runController(Object(App\Controllers\Admin))
 8 SYSTEMPATH\CodeIgniter.php(349): CodeIgniter\CodeIgniter->handleRequest(null, Object(Config\Cache), false)
 9 FCPATH\index.php(55): CodeIgniter\CodeIgniter->run()
CRITICAL - 2022-07-21 01:47:57 --> Undefined index: category_name
in APPPATH\Views\admin\pages\display.php on line 146.
 1 APPPATH\Views\admin\pages\display.php(146): CodeIgniter\Debug\Exceptions->errorHandler(8, 'Undefined index: category_name', 'APPPATH\\Views\\admin\\pages\\display.php', 146, [...])
 2 SYSTEMPATH\View\View.php(213): include('APPPATH\\Views\\admin\\pages\\display.php')
 3 SYSTEMPATH\View\View.php(216): CodeIgniter\View\View->CodeIgniter\View\{closure}()
 4 SYSTEMPATH\Common.php(1135): CodeIgniter\View\View->render('admin/pages/display', [], true)
 5 APPPATH\Controllers\Admin.php(198): view('admin/pages/display', [...])
 6 SYSTEMPATH\CodeIgniter.php(896): App\Controllers\Admin->display()
 7 SYSTEMPATH\CodeIgniter.php(466): CodeIgniter\CodeIgniter->runController(Object(App\Controllers\Admin))
 8 SYSTEMPATH\CodeIgniter.php(349): CodeIgniter\CodeIgniter->handleRequest(null, Object(Config\Cache), false)
 9 FCPATH\index.php(55): CodeIgniter\CodeIgniter->run()
CRITICAL - 2022-07-21 01:47:58 --> Undefined index: category_name
in APPPATH\Views\admin\pages\display.php on line 146.
 1 APPPATH\Views\admin\pages\display.php(146): CodeIgniter\Debug\Exceptions->errorHandler(8, 'Undefined index: category_name', 'APPPATH\\Views\\admin\\pages\\display.php', 146, [...])
 2 SYSTEMPATH\View\View.php(213): include('APPPATH\\Views\\admin\\pages\\display.php')
 3 SYSTEMPATH\View\View.php(216): CodeIgniter\View\View->CodeIgniter\View\{closure}()
 4 SYSTEMPATH\Common.php(1135): CodeIgniter\View\View->render('admin/pages/display', [], true)
 5 APPPATH\Controllers\Admin.php(198): view('admin/pages/display', [...])
 6 SYSTEMPATH\CodeIgniter.php(896): App\Controllers\Admin->display()
 7 SYSTEMPATH\CodeIgniter.php(466): CodeIgniter\CodeIgniter->runController(Object(App\Controllers\Admin))
 8 SYSTEMPATH\CodeIgniter.php(349): CodeIgniter\CodeIgniter->handleRequest(null, Object(Config\Cache), false)
 9 FCPATH\index.php(55): CodeIgniter\CodeIgniter->run()
CRITICAL - 2022-07-21 01:47:58 --> Undefined index: category_name
in APPPATH\Views\admin\pages\display.php on line 146.
 1 APPPATH\Views\admin\pages\display.php(146): CodeIgniter\Debug\Exceptions->errorHandler(8, 'Undefined index: category_name', 'APPPATH\\Views\\admin\\pages\\display.php', 146, [...])
 2 SYSTEMPATH\View\View.php(213): include('APPPATH\\Views\\admin\\pages\\display.php')
 3 SYSTEMPATH\View\View.php(216): CodeIgniter\View\View->CodeIgniter\View\{closure}()
 4 SYSTEMPATH\Common.php(1135): CodeIgniter\View\View->render('admin/pages/display', [], true)
 5 APPPATH\Controllers\Admin.php(198): view('admin/pages/display', [...])
 6 SYSTEMPATH\CodeIgniter.php(896): App\Controllers\Admin->display()
 7 SYSTEMPATH\CodeIgniter.php(466): CodeIgniter\CodeIgniter->runController(Object(App\Controllers\Admin))
 8 SYSTEMPATH\CodeIgniter.php(349): CodeIgniter\CodeIgniter->handleRequest(null, Object(Config\Cache), false)
 9 FCPATH\index.php(55): CodeIgniter\CodeIgniter->run()
CRITICAL - 2022-07-21 01:47:58 --> Undefined index: category_name
in APPPATH\Views\admin\pages\display.php on line 146.
 1 APPPATH\Views\admin\pages\display.php(146): CodeIgniter\Debug\Exceptions->errorHandler(8, 'Undefined index: category_name', 'APPPATH\\Views\\admin\\pages\\display.php', 146, [...])
 2 SYSTEMPATH\View\View.php(213): include('APPPATH\\Views\\admin\\pages\\display.php')
 3 SYSTEMPATH\View\View.php(216): CodeIgniter\View\View->CodeIgniter\View\{closure}()
 4 SYSTEMPATH\Common.php(1135): CodeIgniter\View\View->render('admin/pages/display', [], true)
 5 APPPATH\Controllers\Admin.php(198): view('admin/pages/display', [...])
 6 SYSTEMPATH\CodeIgniter.php(896): App\Controllers\Admin->display()
 7 SYSTEMPATH\CodeIgniter.php(466): CodeIgniter\CodeIgniter->runController(Object(App\Controllers\Admin))
 8 SYSTEMPATH\CodeIgniter.php(349): CodeIgniter\CodeIgniter->handleRequest(null, Object(Config\Cache), false)
 9 FCPATH\index.php(55): CodeIgniter\CodeIgniter->run()
CRITICAL - 2022-07-21 01:47:59 --> Undefined index: category_name
in APPPATH\Views\admin\pages\display.php on line 146.
 1 APPPATH\Views\admin\pages\display.php(146): CodeIgniter\Debug\Exceptions->errorHandler(8, 'Undefined index: category_name', 'APPPATH\\Views\\admin\\pages\\display.php', 146, [...])
 2 SYSTEMPATH\View\View.php(213): include('APPPATH\\Views\\admin\\pages\\display.php')
 3 SYSTEMPATH\View\View.php(216): CodeIgniter\View\View->CodeIgniter\View\{closure}()
 4 SYSTEMPATH\Common.php(1135): CodeIgniter\View\View->render('admin/pages/display', [], true)
 5 APPPATH\Controllers\Admin.php(198): view('admin/pages/display', [...])
 6 SYSTEMPATH\CodeIgniter.php(896): App\Controllers\Admin->display()
 7 SYSTEMPATH\CodeIgniter.php(466): CodeIgniter\CodeIgniter->runController(Object(App\Controllers\Admin))
 8 SYSTEMPATH\CodeIgniter.php(349): CodeIgniter\CodeIgniter->handleRequest(null, Object(Config\Cache), false)
 9 FCPATH\index.php(55): CodeIgniter\CodeIgniter->run()
CRITICAL - 2022-07-21 01:47:59 --> Undefined index: category_name
in APPPATH\Views\admin\pages\display.php on line 146.
 1 APPPATH\Views\admin\pages\display.php(146): CodeIgniter\Debug\Exceptions->errorHandler(8, 'Undefined index: category_name', 'APPPATH\\Views\\admin\\pages\\display.php', 146, [...])
 2 SYSTEMPATH\View\View.php(213): include('APPPATH\\Views\\admin\\pages\\display.php')
 3 SYSTEMPATH\View\View.php(216): CodeIgniter\View\View->CodeIgniter\View\{closure}()
 4 SYSTEMPATH\Common.php(1135): CodeIgniter\View\View->render('admin/pages/display', [], true)
 5 APPPATH\Controllers\Admin.php(198): view('admin/pages/display', [...])
 6 SYSTEMPATH\CodeIgniter.php(896): App\Controllers\Admin->display()
 7 SYSTEMPATH\CodeIgniter.php(466): CodeIgniter\CodeIgniter->runController(Object(App\Controllers\Admin))
 8 SYSTEMPATH\CodeIgniter.php(349): CodeIgniter\CodeIgniter->handleRequest(null, Object(Config\Cache), false)
 9 FCPATH\index.php(55): CodeIgniter\CodeIgniter->run()
CRITICAL - 2022-07-21 01:49:32 --> Undefined index: category_name
in APPPATH\Views\admin\pages\display.php on line 145.
 1 APPPATH\Views\admin\pages\display.php(145): CodeIgniter\Debug\Exceptions->errorHandler(8, 'Undefined index: category_name', 'APPPATH\\Views\\admin\\pages\\display.php', 145, [...])
 2 SYSTEMPATH\View\View.php(213): include('APPPATH\\Views\\admin\\pages\\display.php')
 3 SYSTEMPATH\View\View.php(216): CodeIgniter\View\View->CodeIgniter\View\{closure}()
 4 SYSTEMPATH\Common.php(1135): CodeIgniter\View\View->render('admin/pages/display', [], true)
 5 APPPATH\Controllers\Admin.php(198): view('admin/pages/display', [...])
 6 SYSTEMPATH\CodeIgniter.php(896): App\Controllers\Admin->display()
 7 SYSTEMPATH\CodeIgniter.php(466): CodeIgniter\CodeIgniter->runController(Object(App\Controllers\Admin))
 8 SYSTEMPATH\CodeIgniter.php(349): CodeIgniter\CodeIgniter->handleRequest(null, Object(Config\Cache), false)
 9 FCPATH\index.php(55): CodeIgniter\CodeIgniter->run()
CRITICAL - 2022-07-21 01:54:15 --> Undefined index: category_name
in APPPATH\Views\admin\pages\display.php on line 145.
 1 APPPATH\Views\admin\pages\display.php(145): CodeIgniter\Debug\Exceptions->errorHandler(8, 'Undefined index: category_name', 'APPPATH\\Views\\admin\\pages\\display.php', 145, [...])
 2 SYSTEMPATH\View\View.php(213): include('APPPATH\\Views\\admin\\pages\\display.php')
 3 SYSTEMPATH\View\View.php(216): CodeIgniter\View\View->CodeIgniter\View\{closure}()
 4 SYSTEMPATH\Common.php(1135): CodeIgniter\View\View->render('admin/pages/display', [], true)
 5 APPPATH\Controllers\Admin.php(198): view('admin/pages/display', [...])
 6 SYSTEMPATH\CodeIgniter.php(896): App\Controllers\Admin->display()
 7 SYSTEMPATH\CodeIgniter.php(466): CodeIgniter\CodeIgniter->runController(Object(App\Controllers\Admin))
 8 SYSTEMPATH\CodeIgniter.php(349): CodeIgniter\CodeIgniter->handleRequest(null, Object(Config\Cache), false)
 9 FCPATH\index.php(55): CodeIgniter\CodeIgniter->run()
CRITICAL - 2022-07-21 01:54:17 --> Undefined index: category_name
in APPPATH\Views\admin\pages\display.php on line 145.
 1 APPPATH\Views\admin\pages\display.php(145): CodeIgniter\Debug\Exceptions->errorHandler(8, 'Undefined index: category_name', 'APPPATH\\Views\\admin\\pages\\display.php', 145, [...])
 2 SYSTEMPATH\View\View.php(213): include('APPPATH\\Views\\admin\\pages\\display.php')
 3 SYSTEMPATH\View\View.php(216): CodeIgniter\View\View->CodeIgniter\View\{closure}()
 4 SYSTEMPATH\Common.php(1135): CodeIgniter\View\View->render('admin/pages/display', [], true)
 5 APPPATH\Controllers\Admin.php(198): view('admin/pages/display', [...])
 6 SYSTEMPATH\CodeIgniter.php(896): App\Controllers\Admin->display()
 7 SYSTEMPATH\CodeIgniter.php(466): CodeIgniter\CodeIgniter->runController(Object(App\Controllers\Admin))
 8 SYSTEMPATH\CodeIgniter.php(349): CodeIgniter\CodeIgniter->handleRequest(null, Object(Config\Cache), false)
 9 FCPATH\index.php(55): CodeIgniter\CodeIgniter->run()
CRITICAL - 2022-07-21 01:54:17 --> Undefined index: category_name
in APPPATH\Views\admin\pages\display.php on line 145.
 1 APPPATH\Views\admin\pages\display.php(145): CodeIgniter\Debug\Exceptions->errorHandler(8, 'Undefined index: category_name', 'APPPATH\\Views\\admin\\pages\\display.php', 145, [...])
 2 SYSTEMPATH\View\View.php(213): include('APPPATH\\Views\\admin\\pages\\display.php')
 3 SYSTEMPATH\View\View.php(216): CodeIgniter\View\View->CodeIgniter\View\{closure}()
 4 SYSTEMPATH\Common.php(1135): CodeIgniter\View\View->render('admin/pages/display', [], true)
 5 APPPATH\Controllers\Admin.php(198): view('admin/pages/display', [...])
 6 SYSTEMPATH\CodeIgniter.php(896): App\Controllers\Admin->display()
 7 SYSTEMPATH\CodeIgniter.php(466): CodeIgniter\CodeIgniter->runController(Object(App\Controllers\Admin))
 8 SYSTEMPATH\CodeIgniter.php(349): CodeIgniter\CodeIgniter->handleRequest(null, Object(Config\Cache), false)
 9 FCPATH\index.php(55): CodeIgniter\CodeIgniter->run()
CRITICAL - 2022-07-21 01:54:17 --> Undefined index: category_name
in APPPATH\Views\admin\pages\display.php on line 145.
 1 APPPATH\Views\admin\pages\display.php(145): CodeIgniter\Debug\Exceptions->errorHandler(8, 'Undefined index: category_name', 'APPPATH\\Views\\admin\\pages\\display.php', 145, [...])
 2 SYSTEMPATH\View\View.php(213): include('APPPATH\\Views\\admin\\pages\\display.php')
 3 SYSTEMPATH\View\View.php(216): CodeIgniter\View\View->CodeIgniter\View\{closure}()
 4 SYSTEMPATH\Common.php(1135): CodeIgniter\View\View->render('admin/pages/display', [], true)
 5 APPPATH\Controllers\Admin.php(198): view('admin/pages/display', [...])
 6 SYSTEMPATH\CodeIgniter.php(896): App\Controllers\Admin->display()
 7 SYSTEMPATH\CodeIgniter.php(466): CodeIgniter\CodeIgniter->runController(Object(App\Controllers\Admin))
 8 SYSTEMPATH\CodeIgniter.php(349): CodeIgniter\CodeIgniter->handleRequest(null, Object(Config\Cache), false)
 9 FCPATH\index.php(55): CodeIgniter\CodeIgniter->run()
CRITICAL - 2022-07-21 01:54:17 --> Undefined index: category_name
in APPPATH\Views\admin\pages\display.php on line 145.
 1 APPPATH\Views\admin\pages\display.php(145): CodeIgniter\Debug\Exceptions->errorHandler(8, 'Undefined index: category_name', 'APPPATH\\Views\\admin\\pages\\display.php', 145, [...])
 2 SYSTEMPATH\View\View.php(213): include('APPPATH\\Views\\admin\\pages\\display.php')
 3 SYSTEMPATH\View\View.php(216): CodeIgniter\View\View->CodeIgniter\View\{closure}()
 4 SYSTEMPATH\Common.php(1135): CodeIgniter\View\View->render('admin/pages/display', [], true)
 5 APPPATH\Controllers\Admin.php(198): view('admin/pages/display', [...])
 6 SYSTEMPATH\CodeIgniter.php(896): App\Controllers\Admin->display()
 7 SYSTEMPATH\CodeIgniter.php(466): CodeIgniter\CodeIgniter->runController(Object(App\Controllers\Admin))
 8 SYSTEMPATH\CodeIgniter.php(349): CodeIgniter\CodeIgniter->handleRequest(null, Object(Config\Cache), false)
 9 FCPATH\index.php(55): CodeIgniter\CodeIgniter->run()
CRITICAL - 2022-07-21 01:54:17 --> Undefined index: category_name
in APPPATH\Views\admin\pages\display.php on line 145.
 1 APPPATH\Views\admin\pages\display.php(145): CodeIgniter\Debug\Exceptions->errorHandler(8, 'Undefined index: category_name', 'APPPATH\\Views\\admin\\pages\\display.php', 145, [...])
 2 SYSTEMPATH\View\View.php(213): include('APPPATH\\Views\\admin\\pages\\display.php')
 3 SYSTEMPATH\View\View.php(216): CodeIgniter\View\View->CodeIgniter\View\{closure}()
 4 SYSTEMPATH\Common.php(1135): CodeIgniter\View\View->render('admin/pages/display', [], true)
 5 APPPATH\Controllers\Admin.php(198): view('admin/pages/display', [...])
 6 SYSTEMPATH\CodeIgniter.php(896): App\Controllers\Admin->display()
 7 SYSTEMPATH\CodeIgniter.php(466): CodeIgniter\CodeIgniter->runController(Object(App\Controllers\Admin))
 8 SYSTEMPATH\CodeIgniter.php(349): CodeIgniter\CodeIgniter->handleRequest(null, Object(Config\Cache), false)
 9 FCPATH\index.php(55): CodeIgniter\CodeIgniter->run()
CRITICAL - 2022-07-21 01:54:18 --> Undefined index: category_name
in APPPATH\Views\admin\pages\display.php on line 145.
 1 APPPATH\Views\admin\pages\display.php(145): CodeIgniter\Debug\Exceptions->errorHandler(8, 'Undefined index: category_name', 'APPPATH\\Views\\admin\\pages\\display.php', 145, [...])
 2 SYSTEMPATH\View\View.php(213): include('APPPATH\\Views\\admin\\pages\\display.php')
 3 SYSTEMPATH\View\View.php(216): CodeIgniter\View\View->CodeIgniter\View\{closure}()
 4 SYSTEMPATH\Common.php(1135): CodeIgniter\View\View->render('admin/pages/display', [], true)
 5 APPPATH\Controllers\Admin.php(198): view('admin/pages/display', [...])
 6 SYSTEMPATH\CodeIgniter.php(896): App\Controllers\Admin->display()
 7 SYSTEMPATH\CodeIgniter.php(466): CodeIgniter\CodeIgniter->runController(Object(App\Controllers\Admin))
 8 SYSTEMPATH\CodeIgniter.php(349): CodeIgniter\CodeIgniter->handleRequest(null, Object(Config\Cache), false)
 9 FCPATH\index.php(55): CodeIgniter\CodeIgniter->run()
CRITICAL - 2022-07-21 01:54:18 --> Undefined index: category_name
in APPPATH\Views\admin\pages\display.php on line 145.
 1 APPPATH\Views\admin\pages\display.php(145): CodeIgniter\Debug\Exceptions->errorHandler(8, 'Undefined index: category_name', 'APPPATH\\Views\\admin\\pages\\display.php', 145, [...])
 2 SYSTEMPATH\View\View.php(213): include('APPPATH\\Views\\admin\\pages\\display.php')
 3 SYSTEMPATH\View\View.php(216): CodeIgniter\View\View->CodeIgniter\View\{closure}()
 4 SYSTEMPATH\Common.php(1135): CodeIgniter\View\View->render('admin/pages/display', [], true)
 5 APPPATH\Controllers\Admin.php(198): view('admin/pages/display', [...])
 6 SYSTEMPATH\CodeIgniter.php(896): App\Controllers\Admin->display()
 7 SYSTEMPATH\CodeIgniter.php(466): CodeIgniter\CodeIgniter->runController(Object(App\Controllers\Admin))
 8 SYSTEMPATH\CodeIgniter.php(349): CodeIgniter\CodeIgniter->handleRequest(null, Object(Config\Cache), false)
 9 FCPATH\index.php(55): CodeIgniter\CodeIgniter->run()
CRITICAL - 2022-07-21 01:56:37 --> Undefined index: category_name
in APPPATH\Views\admin\pages\display.php on line 145.
 1 APPPATH\Views\admin\pages\display.php(145): CodeIgniter\Debug\Exceptions->errorHandler(8, 'Undefined index: category_name', 'APPPATH\\Views\\admin\\pages\\display.php', 145, [...])
 2 SYSTEMPATH\View\View.php(213): include('APPPATH\\Views\\admin\\pages\\display.php')
 3 SYSTEMPATH\View\View.php(216): CodeIgniter\View\View->CodeIgniter\View\{closure}()
 4 SYSTEMPATH\Common.php(1135): CodeIgniter\View\View->render('admin/pages/display', [], true)
 5 APPPATH\Controllers\Admin.php(189): view('admin/pages/display', [...])
 6 SYSTEMPATH\CodeIgniter.php(896): App\Controllers\Admin->display()
 7 SYSTEMPATH\CodeIgniter.php(466): CodeIgniter\CodeIgniter->runController(Object(App\Controllers\Admin))
 8 SYSTEMPATH\CodeIgniter.php(349): CodeIgniter\CodeIgniter->handleRequest(null, Object(Config\Cache), false)
 9 FCPATH\index.php(55): CodeIgniter\CodeIgniter->run()
CRITICAL - 2022-07-21 01:56:38 --> Undefined index: category_name
in APPPATH\Views\admin\pages\display.php on line 145.
 1 APPPATH\Views\admin\pages\display.php(145): CodeIgniter\Debug\Exceptions->errorHandler(8, 'Undefined index: category_name', 'APPPATH\\Views\\admin\\pages\\display.php', 145, [...])
 2 SYSTEMPATH\View\View.php(213): include('APPPATH\\Views\\admin\\pages\\display.php')
 3 SYSTEMPATH\View\View.php(216): CodeIgniter\View\View->CodeIgniter\View\{closure}()
 4 SYSTEMPATH\Common.php(1135): CodeIgniter\View\View->render('admin/pages/display', [], true)
 5 APPPATH\Controllers\Admin.php(189): view('admin/pages/display', [...])
 6 SYSTEMPATH\CodeIgniter.php(896): App\Controllers\Admin->display()
 7 SYSTEMPATH\CodeIgniter.php(466): CodeIgniter\CodeIgniter->runController(Object(App\Controllers\Admin))
 8 SYSTEMPATH\CodeIgniter.php(349): CodeIgniter\CodeIgniter->handleRequest(null, Object(Config\Cache), false)
 9 FCPATH\index.php(55): CodeIgniter\CodeIgniter->run()
CRITICAL - 2022-07-21 01:56:38 --> Undefined index: category_name
in APPPATH\Views\admin\pages\display.php on line 145.
 1 APPPATH\Views\admin\pages\display.php(145): CodeIgniter\Debug\Exceptions->errorHandler(8, 'Undefined index: category_name', 'APPPATH\\Views\\admin\\pages\\display.php', 145, [...])
 2 SYSTEMPATH\View\View.php(213): include('APPPATH\\Views\\admin\\pages\\display.php')
 3 SYSTEMPATH\View\View.php(216): CodeIgniter\View\View->CodeIgniter\View\{closure}()
 4 SYSTEMPATH\Common.php(1135): CodeIgniter\View\View->render('admin/pages/display', [], true)
 5 APPPATH\Controllers\Admin.php(189): view('admin/pages/display', [...])
 6 SYSTEMPATH\CodeIgniter.php(896): App\Controllers\Admin->display()
 7 SYSTEMPATH\CodeIgniter.php(466): CodeIgniter\CodeIgniter->runController(Object(App\Controllers\Admin))
 8 SYSTEMPATH\CodeIgniter.php(349): CodeIgniter\CodeIgniter->handleRequest(null, Object(Config\Cache), false)
 9 FCPATH\index.php(55): CodeIgniter\CodeIgniter->run()
CRITICAL - 2022-07-21 01:56:38 --> Undefined index: category_name
in APPPATH\Views\admin\pages\display.php on line 145.
 1 APPPATH\Views\admin\pages\display.php(145): CodeIgniter\Debug\Exceptions->errorHandler(8, 'Undefined index: category_name', 'APPPATH\\Views\\admin\\pages\\display.php', 145, [...])
 2 SYSTEMPATH\View\View.php(213): include('APPPATH\\Views\\admin\\pages\\display.php')
 3 SYSTEMPATH\View\View.php(216): CodeIgniter\View\View->CodeIgniter\View\{closure}()
 4 SYSTEMPATH\Common.php(1135): CodeIgniter\View\View->render('admin/pages/display', [], true)
 5 APPPATH\Controllers\Admin.php(189): view('admin/pages/display', [...])
 6 SYSTEMPATH\CodeIgniter.php(896): App\Controllers\Admin->display()
 7 SYSTEMPATH\CodeIgniter.php(466): CodeIgniter\CodeIgniter->runController(Object(App\Controllers\Admin))
 8 SYSTEMPATH\CodeIgniter.php(349): CodeIgniter\CodeIgniter->handleRequest(null, Object(Config\Cache), false)
 9 FCPATH\index.php(55): CodeIgniter\CodeIgniter->run()
CRITICAL - 2022-07-21 01:56:38 --> Undefined index: category_name
in APPPATH\Views\admin\pages\display.php on line 145.
 1 APPPATH\Views\admin\pages\display.php(145): CodeIgniter\Debug\Exceptions->errorHandler(8, 'Undefined index: category_name', 'APPPATH\\Views\\admin\\pages\\display.php', 145, [...])
 2 SYSTEMPATH\View\View.php(213): include('APPPATH\\Views\\admin\\pages\\display.php')
 3 SYSTEMPATH\View\View.php(216): CodeIgniter\View\View->CodeIgniter\View\{closure}()
 4 SYSTEMPATH\Common.php(1135): CodeIgniter\View\View->render('admin/pages/display', [], true)
 5 APPPATH\Controllers\Admin.php(189): view('admin/pages/display', [...])
 6 SYSTEMPATH\CodeIgniter.php(896): App\Controllers\Admin->display()
 7 SYSTEMPATH\CodeIgniter.php(466): CodeIgniter\CodeIgniter->runController(Object(App\Controllers\Admin))
 8 SYSTEMPATH\CodeIgniter.php(349): CodeIgniter\CodeIgniter->handleRequest(null, Object(Config\Cache), false)
 9 FCPATH\index.php(55): CodeIgniter\CodeIgniter->run()
CRITICAL - 2022-07-21 01:56:38 --> Undefined index: category_name
in APPPATH\Views\admin\pages\display.php on line 145.
 1 APPPATH\Views\admin\pages\display.php(145): CodeIgniter\Debug\Exceptions->errorHandler(8, 'Undefined index: category_name', 'APPPATH\\Views\\admin\\pages\\display.php', 145, [...])
 2 SYSTEMPATH\View\View.php(213): include('APPPATH\\Views\\admin\\pages\\display.php')
 3 SYSTEMPATH\View\View.php(216): CodeIgniter\View\View->CodeIgniter\View\{closure}()
 4 SYSTEMPATH\Common.php(1135): CodeIgniter\View\View->render('admin/pages/display', [], true)
 5 APPPATH\Controllers\Admin.php(189): view('admin/pages/display', [...])
 6 SYSTEMPATH\CodeIgniter.php(896): App\Controllers\Admin->display()
 7 SYSTEMPATH\CodeIgniter.php(466): CodeIgniter\CodeIgniter->runController(Object(App\Controllers\Admin))
 8 SYSTEMPATH\CodeIgniter.php(349): CodeIgniter\CodeIgniter->handleRequest(null, Object(Config\Cache), false)
 9 FCPATH\index.php(55): CodeIgniter\CodeIgniter->run()
CRITICAL - 2022-07-21 01:56:39 --> Undefined index: category_name
in APPPATH\Views\admin\pages\display.php on line 145.
 1 APPPATH\Views\admin\pages\display.php(145): CodeIgniter\Debug\Exceptions->errorHandler(8, 'Undefined index: category_name', 'APPPATH\\Views\\admin\\pages\\display.php', 145, [...])
 2 SYSTEMPATH\View\View.php(213): include('APPPATH\\Views\\admin\\pages\\display.php')
 3 SYSTEMPATH\View\View.php(216): CodeIgniter\View\View->CodeIgniter\View\{closure}()
 4 SYSTEMPATH\Common.php(1135): CodeIgniter\View\View->render('admin/pages/display', [], true)
 5 APPPATH\Controllers\Admin.php(189): view('admin/pages/display', [...])
 6 SYSTEMPATH\CodeIgniter.php(896): App\Controllers\Admin->display()
 7 SYSTEMPATH\CodeIgniter.php(466): CodeIgniter\CodeIgniter->runController(Object(App\Controllers\Admin))
 8 SYSTEMPATH\CodeIgniter.php(349): CodeIgniter\CodeIgniter->handleRequest(null, Object(Config\Cache), false)
 9 FCPATH\index.php(55): CodeIgniter\CodeIgniter->run()
CRITICAL - 2022-07-21 01:56:39 --> Undefined index: category_name
in APPPATH\Views\admin\pages\display.php on line 145.
 1 APPPATH\Views\admin\pages\display.php(145): CodeIgniter\Debug\Exceptions->errorHandler(8, 'Undefined index: category_name', 'APPPATH\\Views\\admin\\pages\\display.php', 145, [...])
 2 SYSTEMPATH\View\View.php(213): include('APPPATH\\Views\\admin\\pages\\display.php')
 3 SYSTEMPATH\View\View.php(216): CodeIgniter\View\View->CodeIgniter\View\{closure}()
 4 SYSTEMPATH\Common.php(1135): CodeIgniter\View\View->render('admin/pages/display', [], true)
 5 APPPATH\Controllers\Admin.php(189): view('admin/pages/display', [...])
 6 SYSTEMPATH\CodeIgniter.php(896): App\Controllers\Admin->display()
 7 SYSTEMPATH\CodeIgniter.php(466): CodeIgniter\CodeIgniter->runController(Object(App\Controllers\Admin))
 8 SYSTEMPATH\CodeIgniter.php(349): CodeIgniter\CodeIgniter->handleRequest(null, Object(Config\Cache), false)
 9 FCPATH\index.php(55): CodeIgniter\CodeIgniter->run()
CRITICAL - 2022-07-21 02:51:26 --> Undefined variable: subname
in APPPATH\Views\admin\pages\product-upload.php on line 144.
 1 APPPATH\Views\admin\pages\product-upload.php(144): CodeIgniter\Debug\Exceptions->errorHandler(8, 'Undefined variable: subname', 'APPPATH\\Views\\admin\\pages\\product-upload.php', 144, [...])
 2 SYSTEMPATH\View\View.php(213): include('APPPATH\\Views\\admin\\pages\\product-upload.php')
 3 SYSTEMPATH\View\View.php(216): CodeIgniter\View\View->CodeIgniter\View\{closure}()
 4 SYSTEMPATH\Common.php(1135): CodeIgniter\View\View->render('admin/pages/product-upload', [], true)
 5 APPPATH\Controllers\Admin.php(184): view('admin/pages/product-upload', [...])
 6 SYSTEMPATH\CodeIgniter.php(896): App\Controllers\Admin->product()
 7 SYSTEMPATH\CodeIgniter.php(466): CodeIgniter\CodeIgniter->runController(Object(App\Controllers\Admin))
 8 SYSTEMPATH\CodeIgniter.php(349): CodeIgniter\CodeIgniter->handleRequest(null, Object(Config\Cache), false)
 9 FCPATH\index.php(55): CodeIgniter\CodeIgniter->run()
CRITICAL - 2022-07-21 02:53:51 --> Undefined index: subcategory_name
in APPPATH\Views\admin\pages\product-upload.php on line 145.
 1 APPPATH\Views\admin\pages\product-upload.php(145): CodeIgniter\Debug\Exceptions->errorHandler(8, 'Undefined index: subcategory_name', 'APPPATH\\Views\\admin\\pages\\product-upload.php', 145, [...])
 2 SYSTEMPATH\View\View.php(213): include('APPPATH\\Views\\admin\\pages\\product-upload.php')
 3 SYSTEMPATH\View\View.php(216): CodeIgniter\View\View->CodeIgniter\View\{closure}()
 4 SYSTEMPATH\Common.php(1135): CodeIgniter\View\View->render('admin/pages/product-upload', [], true)
 5 APPPATH\Controllers\Admin.php(186): view('admin/pages/product-upload', [...])
 6 SYSTEMPATH\CodeIgniter.php(896): App\Controllers\Admin->product()
 7 SYSTEMPATH\CodeIgniter.php(466): CodeIgniter\CodeIgniter->runController(Object(App\Controllers\Admin))
 8 SYSTEMPATH\CodeIgniter.php(349): CodeIgniter\CodeIgniter->handleRequest(null, Object(Config\Cache), false)
 9 FCPATH\index.php(55): CodeIgniter\CodeIgniter->run()
CRITICAL - 2022-07-21 02:54:30 --> Undefined variable: imageName
in APPPATH\Controllers\product.php on line 20.
 1 APPPATH\Controllers\product.php(20): CodeIgniter\Debug\Exceptions->errorHandler(8, 'Undefined variable: imageName', 'APPPATH\\Controllers\\product.php', 20, [...])
 2 SYSTEMPATH\CodeIgniter.php(896): App\Controllers\product->products()
 3 SYSTEMPATH\CodeIgniter.php(466): CodeIgniter\CodeIgniter->runController(Object(App\Controllers\product))
 4 SYSTEMPATH\CodeIgniter.php(349): CodeIgniter\CodeIgniter->handleRequest(null, Object(Config\Cache), false)
 5 FCPATH\index.php(55): CodeIgniter\CodeIgniter->run()
CRITICAL - 2022-07-21 02:54:40 --> Undefined variable: imageName
in APPPATH\Controllers\product.php on line 20.
 1 APPPATH\Controllers\product.php(20): CodeIgniter\Debug\Exceptions->errorHandler(8, 'Undefined variable: imageName', 'APPPATH\\Controllers\\product.php', 20, [...])
 2 SYSTEMPATH\CodeIgniter.php(896): App\Controllers\product->products()
 3 SYSTEMPATH\CodeIgniter.php(466): CodeIgniter\CodeIgniter->runController(Object(App\Controllers\product))
 4 SYSTEMPATH\CodeIgniter.php(349): CodeIgniter\CodeIgniter->handleRequest(null, Object(Config\Cache), false)
 5 FCPATH\index.php(55): CodeIgniter\CodeIgniter->run()
CRITICAL - 2022-07-21 03:08:46 --> Undefined variable: imageName
in APPPATH\Controllers\product.php on line 23.
 1 APPPATH\Controllers\product.php(23): CodeIgniter\Debug\Exceptions->errorHandler(8, 'Undefined variable: imageName', 'APPPATH\\Controllers\\product.php', 23, [...])
 2 SYSTEMPATH\CodeIgniter.php(896): App\Controllers\product->products()
 3 SYSTEMPATH\CodeIgniter.php(466): CodeIgniter\CodeIgniter->runController(Object(App\Controllers\product))
 4 SYSTEMPATH\CodeIgniter.php(349): CodeIgniter\CodeIgniter->handleRequest(null, Object(Config\Cache), false)
 5 FCPATH\index.php(55): CodeIgniter\CodeIgniter->run()
CRITICAL - 2022-07-21 03:08:53 --> Undefined variable: imageName
in APPPATH\Controllers\product.php on line 23.
 1 APPPATH\Controllers\product.php(23): CodeIgniter\Debug\Exceptions->errorHandler(8, 'Undefined variable: imageName', 'APPPATH\\Controllers\\product.php', 23, [...])
 2 SYSTEMPATH\CodeIgniter.php(896): App\Controllers\product->products()
 3 SYSTEMPATH\CodeIgniter.php(466): CodeIgniter\CodeIgniter->runController(Object(App\Controllers\product))
 4 SYSTEMPATH\CodeIgniter.php(349): CodeIgniter\CodeIgniter->handleRequest(null, Object(Config\Cache), false)
 5 FCPATH\index.php(55): CodeIgniter\CodeIgniter->run()
CRITICAL - 2022-07-21 03:14:35 --> Undefined index: category_name
in APPPATH\Views\admin\pages\display.php on line 145.
 1 APPPATH\Views\admin\pages\display.php(145): CodeIgniter\Debug\Exceptions->errorHandler(8, 'Undefined index: category_name', 'APPPATH\\Views\\admin\\pages\\display.php', 145, [...])
 2 SYSTEMPATH\View\View.php(213): include('APPPATH\\Views\\admin\\pages\\display.php')
 3 SYSTEMPATH\View\View.php(216): CodeIgniter\View\View->CodeIgniter\View\{closure}()
 4 SYSTEMPATH\Common.php(1135): CodeIgniter\View\View->render('admin/pages/display', [], true)
 5 APPPATH\Controllers\Admin.php(193): view('admin/pages/display', [...])
 6 SYSTEMPATH\CodeIgniter.php(896): App\Controllers\Admin->display()
 7 SYSTEMPATH\CodeIgniter.php(466): CodeIgniter\CodeIgniter->runController(Object(App\Controllers\Admin))
 8 SYSTEMPATH\CodeIgniter.php(349): CodeIgniter\CodeIgniter->handleRequest(null, Object(Config\Cache), false)
 9 FCPATH\index.php(55): CodeIgniter\CodeIgniter->run()
CRITICAL - 2022-07-21 03:28:02 --> Undefined index: category_name
in APPPATH\Views\admin\pages\display.php on line 146.
 1 APPPATH\Views\admin\pages\display.php(146): CodeIgniter\Debug\Exceptions->errorHandler(8, 'Undefined index: category_name', 'APPPATH\\Views\\admin\\pages\\display.php', 146, [...])
 2 SYSTEMPATH\View\View.php(213): include('APPPATH\\Views\\admin\\pages\\display.php')
 3 SYSTEMPATH\View\View.php(216): CodeIgniter\View\View->CodeIgniter\View\{closure}()
 4 SYSTEMPATH\Common.php(1135): CodeIgniter\View\View->render('admin/pages/display', [], true)
 5 APPPATH\Controllers\Admin.php(199): view('admin/pages/display', [...])
 6 SYSTEMPATH\CodeIgniter.php(896): App\Controllers\Admin->display()
 7 SYSTEMPATH\CodeIgniter.php(466): CodeIgniter\CodeIgniter->runController(Object(App\Controllers\Admin))
 8 SYSTEMPATH\CodeIgniter.php(349): CodeIgniter\CodeIgniter->handleRequest(null, Object(Config\Cache), false)
 9 FCPATH\index.php(55): CodeIgniter\CodeIgniter->run()
CRITICAL - 2022-07-21 04:04:19 --> Undefined variable: imageName
in APPPATH\Controllers\product.php on line 23.
 1 APPPATH\Controllers\product.php(23): CodeIgniter\Debug\Exceptions->errorHandler(8, 'Undefined variable: imageName', 'APPPATH\\Controllers\\product.php', 23, [...])
 2 SYSTEMPATH\CodeIgniter.php(896): App\Controllers\product->products()
 3 SYSTEMPATH\CodeIgniter.php(466): CodeIgniter\CodeIgniter->runController(Object(App\Controllers\product))
 4 SYSTEMPATH\CodeIgniter.php(349): CodeIgniter\CodeIgniter->handleRequest(null, Object(Config\Cache), false)
 5 FCPATH\index.php(55): CodeIgniter\CodeIgniter->run()
ERROR - 2022-07-21 04:05:24 --> Column 'subcategory_name' cannot be null
CRITICAL - 2022-07-21 04:05:24 --> Column 'subcategory_name' cannot be null
in SYSTEMPATH\Database\MySQLi\Connection.php on line 292.
 1 SYSTEMPATH\Database\MySQLi\Connection.php(292): mysqli->query('INSERT INTO `subcategory` (`subcategory_name`, `category_id`) VALUES (NULL, \'hhh\')', 0)
 2 SYSTEMPATH\Database\BaseConnection.php(695): CodeIgniter\Database\MySQLi\Connection->execute('INSERT INTO `subcategory` (`subcategory_name`, `category_id`) VALUES (NULL, \'hhh\')')
 3 SYSTEMPATH\Database\BaseConnection.php(609): CodeIgniter\Database\BaseConnection->simpleQuery('INSERT INTO `subcategory` (`subcategory_name`, `category_id`) VALUES (NULL, \'hhh\')')
 4 SYSTEMPATH\Database\BaseBuilder.php(1904): CodeIgniter\Database\BaseConnection->query('INSERT INTO `subcategory` (`subcategory_name`, `category_id`) VALUES (:subcategory_name:, :category_id:)', [...], false)
 5 SYSTEMPATH\Model.php(278): CodeIgniter\Database\BaseBuilder->insert()
 6 SYSTEMPATH\BaseModel.php(738): CodeIgniter\Model->doInsert([...])
 7 SYSTEMPATH\Model.php(666): CodeIgniter\BaseModel->insert([...], true)
 8 APPPATH\Controllers\Category.php(26): CodeIgniter\Model->insert([...])
 9 SYSTEMPATH\CodeIgniter.php(896): App\Controllers\Category->category()
10 SYSTEMPATH\CodeIgniter.php(466): CodeIgniter\CodeIgniter->runController(Object(App\Controllers\Category))
11 SYSTEMPATH\CodeIgniter.php(349): CodeIgniter\CodeIgniter->handleRequest(null, Object(Config\Cache), false)
12 FCPATH\index.php(55): CodeIgniter\CodeIgniter->run()
ERROR - 2022-07-21 04:07:24 --> Column 'subcategory_name' cannot be null
CRITICAL - 2022-07-21 04:07:24 --> Column 'subcategory_name' cannot be null
in SYSTEMPATH\Database\MySQLi\Connection.php on line 292.
 1 SYSTEMPATH\Database\MySQLi\Connection.php(292): mysqli->query('INSERT INTO `subcategory` (`subcategory_name`, `category_id`) VALUES (NULL, \'hhh\')', 0)
 2 SYSTEMPATH\Database\BaseConnection.php(695): CodeIgniter\Database\MySQLi\Connection->execute('INSERT INTO `subcategory` (`subcategory_name`, `category_id`) VALUES (NULL, \'hhh\')')
 3 SYSTEMPATH\Database\BaseConnection.php(609): CodeIgniter\Database\BaseConnection->simpleQuery('INSERT INTO `subcategory` (`subcategory_name`, `category_id`) VALUES (NULL, \'hhh\')')
 4 SYSTEMPATH\Database\BaseBuilder.php(1904): CodeIgniter\Database\BaseConnection->query('INSERT INTO `subcategory` (`subcategory_name`, `category_id`) VALUES (:subcategory_name:, :category_id:)', [...], false)
 5 SYSTEMPATH\Model.php(278): CodeIgniter\Database\BaseBuilder->insert()
 6 SYSTEMPATH\BaseModel.php(738): CodeIgniter\Model->doInsert([...])
 7 SYSTEMPATH\Model.php(666): CodeIgniter\BaseModel->insert([...], true)
 8 APPPATH\Controllers\Category.php(26): CodeIgniter\Model->insert([...])
 9 SYSTEMPATH\CodeIgniter.php(896): App\Controllers\Category->category()
10 SYSTEMPATH\CodeIgniter.php(466): CodeIgniter\CodeIgniter->runController(Object(App\Controllers\Category))
11 SYSTEMPATH\CodeIgniter.php(349): CodeIgniter\CodeIgniter->handleRequest(null, Object(Config\Cache), false)
12 FCPATH\index.php(55): CodeIgniter\CodeIgniter->run()
CRITICAL - 2022-07-21 04:09:52 --> Undefined variable: imageName
in APPPATH\Controllers\product.php on line 23.
 1 APPPATH\Controllers\product.php(23): CodeIgniter\Debug\Exceptions->errorHandler(8, 'Undefined variable: imageName', 'APPPATH\\Controllers\\product.php', 23, [...])
 2 SYSTEMPATH\CodeIgniter.php(896): App\Controllers\product->products()
 3 SYSTEMPATH\CodeIgniter.php(466): CodeIgniter\CodeIgniter->runController(Object(App\Controllers\product))
 4 SYSTEMPATH\CodeIgniter.php(349): CodeIgniter\CodeIgniter->handleRequest(null, Object(Config\Cache), false)
 5 FCPATH\index.php(55): CodeIgniter\CodeIgniter->run()
CRITICAL - 2022-07-21 04:10:19 --> Undefined variable: imageName
in APPPATH\Controllers\product.php on line 23.
 1 APPPATH\Controllers\product.php(23): CodeIgniter\Debug\Exceptions->errorHandler(8, 'Undefined variable: imageName', 'APPPATH\\Controllers\\product.php', 23, [...])
 2 SYSTEMPATH\CodeIgniter.php(896): App\Controllers\product->products()
 3 SYSTEMPATH\CodeIgniter.php(466): CodeIgniter\CodeIgniter->runController(Object(App\Controllers\product))
 4 SYSTEMPATH\CodeIgniter.php(349): CodeIgniter\CodeIgniter->handleRequest(null, Object(Config\Cache), false)
 5 FCPATH\index.php(55): CodeIgniter\CodeIgniter->run()
CRITICAL - 2022-07-21 04:19:35 --> Undefined variable: imageName
in APPPATH\Controllers\product.php on line 23.
 1 APPPATH\Controllers\product.php(23): CodeIgniter\Debug\Exceptions->errorHandler(8, 'Undefined variable: imageName', 'APPPATH\\Controllers\\product.php', 23, [...])
 2 SYSTEMPATH\CodeIgniter.php(896): App\Controllers\product->products()
 3 SYSTEMPATH\CodeIgniter.php(466): CodeIgniter\CodeIgniter->runController(Object(App\Controllers\product))
 4 SYSTEMPATH\CodeIgniter.php(349): CodeIgniter\CodeIgniter->handleRequest(null, Object(Config\Cache), false)
 5 FCPATH\index.php(55): CodeIgniter\CodeIgniter->run()
CRITICAL - 2022-07-21 04:20:30 --> Undefined variable: imageName
in APPPATH\Controllers\product.php on line 23.
 1 APPPATH\Controllers\product.php(23): CodeIgniter\Debug\Exceptions->errorHandler(8, 'Undefined variable: imageName', 'APPPATH\\Controllers\\product.php', 23, [...])
 2 SYSTEMPATH\CodeIgniter.php(896): App\Controllers\product->products()
 3 SYSTEMPATH\CodeIgniter.php(466): CodeIgniter\CodeIgniter->runController(Object(App\Controllers\product))
 4 SYSTEMPATH\CodeIgniter.php(349): CodeIgniter\CodeIgniter->handleRequest(null, Object(Config\Cache), false)
 5 FCPATH\index.php(55): CodeIgniter\CodeIgniter->run()
CRITICAL - 2022-07-21 05:22:00 --> Undefined index: product_image
in APPPATH\Views\admin\pages\display.php on line 151.
 1 APPPATH\Views\admin\pages\display.php(151): CodeIgniter\Debug\Exceptions->errorHandler(8, 'Undefined index: product_image', 'APPPATH\\Views\\admin\\pages\\display.php', 151, [...])
 2 SYSTEMPATH\View\View.php(213): include('APPPATH\\Views\\admin\\pages\\display.php')
 3 SYSTEMPATH\View\View.php(216): CodeIgniter\View\View->CodeIgniter\View\{closure}()
 4 SYSTEMPATH\Common.php(1135): CodeIgniter\View\View->render('admin/pages/display', [], true)
 5 APPPATH\Controllers\Admin.php(199): view('admin/pages/display', [...])
 6 SYSTEMPATH\CodeIgniter.php(896): App\Controllers\Admin->display()
 7 SYSTEMPATH\CodeIgniter.php(466): CodeIgniter\CodeIgniter->runController(Object(App\Controllers\Admin))
 8 SYSTEMPATH\CodeIgniter.php(349): CodeIgniter\CodeIgniter->handleRequest(null, Object(Config\Cache), false)
 9 FCPATH\index.php(55): CodeIgniter\CodeIgniter->run()
CRITICAL - 2022-07-21 23:14:31 --> Undefined variable: name
in APPPATH\Views\admin\pages\edit.php on line 135.
 1 APPPATH\Views\admin\pages\edit.php(135): CodeIgniter\Debug\Exceptions->errorHandler(8, 'Undefined variable: name', 'APPPATH\\Views\\admin\\pages\\edit.php', 135, [...])
 2 SYSTEMPATH\View\View.php(213): include('APPPATH\\Views\\admin\\pages\\edit.php')
 3 SYSTEMPATH\View\View.php(216): CodeIgniter\View\View->CodeIgniter\View\{closure}()
 4 SYSTEMPATH\Common.php(1135): CodeIgniter\View\View->render('admin/pages/edit', [], true)
 5 APPPATH\Controllers\product.php(39): view('admin/pages/edit', [...])
 6 SYSTEMPATH\CodeIgniter.php(896): App\Controllers\product->edit('10')
 7 SYSTEMPATH\CodeIgniter.php(466): CodeIgniter\CodeIgniter->runController(Object(App\Controllers\product))
 8 SYSTEMPATH\CodeIgniter.php(349): CodeIgniter\CodeIgniter->handleRequest(null, Object(Config\Cache), false)
 9 FCPATH\index.php(55): CodeIgniter\CodeIgniter->run()
