ERROR - 2022-07-19 02:48:51 --> Column 'product_img1' cannot be null
CRITICAL - 2022-07-19 02:48:51 --> Column 'product_img1' cannot be null
in SYSTEMPATH\Database\MySQLi\Connection.php on line 292.
 1 SYSTEMPATH\Database\MySQLi\Connection.php(292): mysqli->query('INSERT INTO `product` (`product_name`, `product_img1`, `product_price`, `product_qty`) VALUES (\'ring\', NULL, \'125\', \'1\')', 0)
 2 SYSTEMPATH\Database\BaseConnection.php(695): CodeIgniter\Database\MySQLi\Connection->execute('INSERT INTO `product` (`product_name`, `product_img1`, `product_price`, `product_qty`) VALUES (\'ring\', NULL, \'125\', \'1\')')
 3 SYSTEMPATH\Database\BaseConnection.php(609): CodeIgniter\Database\BaseConnection->simpleQuery('INSERT INTO `product` (`product_name`, `product_img1`, `product_price`, `product_qty`) VALUES (\'ring\', NULL, \'125\', \'1\')')
 4 SYSTEMPATH\Database\BaseBuilder.php(1904): CodeIgniter\Database\BaseConnection->query('INSERT INTO `product` (`product_name`, `product_img1`, `product_price`, `product_qty`) VALUES (:product_name:, :product_img1:, :product_price:, :product_qty:)', [...], false)
 5 SYSTEMPATH\Model.php(278): CodeIgniter\Database\BaseBuilder->insert()
 6 SYSTEMPATH\BaseModel.php(738): CodeIgniter\Model->doInsert([...])
 7 SYSTEMPATH\Model.php(666): CodeIgniter\BaseModel->insert([...], true)
 8 APPPATH\Controllers\product.php(20): CodeIgniter\Model->insert([...])
 9 SYSTEMPATH\CodeIgniter.php(896): App\Controllers\product->products()
10 SYSTEMPATH\CodeIgniter.php(466): CodeIgniter\CodeIgniter->runController(Object(App\Controllers\product))
11 SYSTEMPATH\CodeIgniter.php(349): CodeIgniter\CodeIgniter->handleRequest(null, Object(Config\Cache), false)
12 FCPATH\index.php(55): CodeIgniter\CodeIgniter->run()
ERROR - 2022-07-19 02:52:22 --> Column 'product_img1' cannot be null
CRITICAL - 2022-07-19 02:52:22 --> Column 'product_img1' cannot be null
in SYSTEMPATH\Database\MySQLi\Connection.php on line 292.
 1 SYSTEMPATH\Database\MySQLi\Connection.php(292): mysqli->query('INSERT INTO `product` (`product_name`, `product_img1`, `product_price`, `product_qty`) VALUES (\'ring\', NULL, \'125\', \'1\')', 0)
 2 SYSTEMPATH\Database\BaseConnection.php(695): CodeIgniter\Database\MySQLi\Connection->execute('INSERT INTO `product` (`product_name`, `product_img1`, `product_price`, `product_qty`) VALUES (\'ring\', NULL, \'125\', \'1\')')
 3 SYSTEMPATH\Database\BaseConnection.php(609): CodeIgniter\Database\BaseConnection->simpleQuery('INSERT INTO `product` (`product_name`, `product_img1`, `product_price`, `product_qty`) VALUES (\'ring\', NULL, \'125\', \'1\')')
 4 SYSTEMPATH\Database\BaseBuilder.php(1904): CodeIgniter\Database\BaseConnection->query('INSERT INTO `product` (`product_name`, `product_img1`, `product_price`, `product_qty`) VALUES (:product_name:, :product_img1:, :product_price:, :product_qty:)', [...], false)
 5 SYSTEMPATH\Model.php(278): CodeIgniter\Database\BaseBuilder->insert()
 6 SYSTEMPATH\BaseModel.php(738): CodeIgniter\Model->doInsert([...])
 7 SYSTEMPATH\Model.php(666): CodeIgniter\BaseModel->insert([...], true)
 8 APPPATH\Controllers\product.php(20): CodeIgniter\Model->insert([...])
 9 SYSTEMPATH\CodeIgniter.php(896): App\Controllers\product->products()
10 SYSTEMPATH\CodeIgniter.php(466): CodeIgniter\CodeIgniter->runController(Object(App\Controllers\product))
11 SYSTEMPATH\CodeIgniter.php(349): CodeIgniter\CodeIgniter->handleRequest(null, Object(Config\Cache), false)
12 FCPATH\index.php(55): CodeIgniter\CodeIgniter->run()
ERROR - 2022-07-19 02:52:38 --> Column 'product_img1' cannot be null
CRITICAL - 2022-07-19 02:52:38 --> Column 'product_img1' cannot be null
in SYSTEMPATH\Database\MySQLi\Connection.php on line 292.
 1 SYSTEMPATH\Database\MySQLi\Connection.php(292): mysqli->query('INSERT INTO `product` (`product_name`, `product_img1`, `product_price`, `product_qty`) VALUES (\'ring\', NULL, \'125\', \'1\')', 0)
 2 SYSTEMPATH\Database\BaseConnection.php(695): CodeIgniter\Database\MySQLi\Connection->execute('INSERT INTO `product` (`product_name`, `product_img1`, `product_price`, `product_qty`) VALUES (\'ring\', NULL, \'125\', \'1\')')
 3 SYSTEMPATH\Database\BaseConnection.php(609): CodeIgniter\Database\BaseConnection->simpleQuery('INSERT INTO `product` (`product_name`, `product_img1`, `product_price`, `product_qty`) VALUES (\'ring\', NULL, \'125\', \'1\')')
 4 SYSTEMPATH\Database\BaseBuilder.php(1904): CodeIgniter\Database\BaseConnection->query('INSERT INTO `product` (`product_name`, `product_img1`, `product_price`, `product_qty`) VALUES (:product_name:, :product_img1:, :product_price:, :product_qty:)', [...], false)
 5 SYSTEMPATH\Model.php(278): CodeIgniter\Database\BaseBuilder->insert()
 6 SYSTEMPATH\BaseModel.php(738): CodeIgniter\Model->doInsert([...])
 7 SYSTEMPATH\Model.php(666): CodeIgniter\BaseModel->insert([...], true)
 8 APPPATH\Controllers\product.php(20): CodeIgniter\Model->insert([...])
 9 SYSTEMPATH\CodeIgniter.php(896): App\Controllers\product->products()
10 SYSTEMPATH\CodeIgniter.php(466): CodeIgniter\CodeIgniter->runController(Object(App\Controllers\product))
11 SYSTEMPATH\CodeIgniter.php(349): CodeIgniter\CodeIgniter->handleRequest(null, Object(Config\Cache), false)
12 FCPATH\index.php(55): CodeIgniter\CodeIgniter->run()
ERROR - 2022-07-19 02:54:14 --> Column 'product_img' cannot be null
CRITICAL - 2022-07-19 02:54:14 --> Column 'product_img' cannot be null
in SYSTEMPATH\Database\MySQLi\Connection.php on line 292.
 1 SYSTEMPATH\Database\MySQLi\Connection.php(292): mysqli->query('INSERT INTO `product` (`product_name`, `product_img`, `product_price`, `product_qty`) VALUES (\'ring\', NULL, \'125\', \'1\')', 0)
 2 SYSTEMPATH\Database\BaseConnection.php(695): CodeIgniter\Database\MySQLi\Connection->execute('INSERT INTO `product` (`product_name`, `product_img`, `product_price`, `product_qty`) VALUES (\'ring\', NULL, \'125\', \'1\')')
 3 SYSTEMPATH\Database\BaseConnection.php(609): CodeIgniter\Database\BaseConnection->simpleQuery('INSERT INTO `product` (`product_name`, `product_img`, `product_price`, `product_qty`) VALUES (\'ring\', NULL, \'125\', \'1\')')
 4 SYSTEMPATH\Database\BaseBuilder.php(1904): CodeIgniter\Database\BaseConnection->query('INSERT INTO `product` (`product_name`, `product_img`, `product_price`, `product_qty`) VALUES (:product_name:, :product_img:, :product_price:, :product_qty:)', [...], false)
 5 SYSTEMPATH\Model.php(278): CodeIgniter\Database\BaseBuilder->insert()
 6 SYSTEMPATH\BaseModel.php(738): CodeIgniter\Model->doInsert([...])
 7 SYSTEMPATH\Model.php(666): CodeIgniter\BaseModel->insert([...], true)
 8 APPPATH\Controllers\product.php(20): CodeIgniter\Model->insert([...])
 9 SYSTEMPATH\CodeIgniter.php(896): App\Controllers\product->products()
10 SYSTEMPATH\CodeIgniter.php(466): CodeIgniter\CodeIgniter->runController(Object(App\Controllers\product))
11 SYSTEMPATH\CodeIgniter.php(349): CodeIgniter\CodeIgniter->handleRequest(null, Object(Config\Cache), false)
12 FCPATH\index.php(55): CodeIgniter\CodeIgniter->run()
ERROR - 2022-07-19 02:54:37 --> Column 'product_img' cannot be null
CRITICAL - 2022-07-19 02:54:37 --> Column 'product_img' cannot be null
in SYSTEMPATH\Database\MySQLi\Connection.php on line 292.
 1 SYSTEMPATH\Database\MySQLi\Connection.php(292): mysqli->query('INSERT INTO `product` (`product_name`, `product_img`, `product_price`, `product_qty`) VALUES (\'ring\', NULL, \'125\', \'1\')', 0)
 2 SYSTEMPATH\Database\BaseConnection.php(695): CodeIgniter\Database\MySQLi\Connection->execute('INSERT INTO `product` (`product_name`, `product_img`, `product_price`, `product_qty`) VALUES (\'ring\', NULL, \'125\', \'1\')')
 3 SYSTEMPATH\Database\BaseConnection.php(609): CodeIgniter\Database\BaseConnection->simpleQuery('INSERT INTO `product` (`product_name`, `product_img`, `product_price`, `product_qty`) VALUES (\'ring\', NULL, \'125\', \'1\')')
 4 SYSTEMPATH\Database\BaseBuilder.php(1904): CodeIgniter\Database\BaseConnection->query('INSERT INTO `product` (`product_name`, `product_img`, `product_price`, `product_qty`) VALUES (:product_name:, :product_img:, :product_price:, :product_qty:)', [...], false)
 5 SYSTEMPATH\Model.php(278): CodeIgniter\Database\BaseBuilder->insert()
 6 SYSTEMPATH\BaseModel.php(738): CodeIgniter\Model->doInsert([...])
 7 SYSTEMPATH\Model.php(666): CodeIgniter\BaseModel->insert([...], true)
 8 APPPATH\Controllers\product.php(20): CodeIgniter\Model->insert([...])
 9 SYSTEMPATH\CodeIgniter.php(896): App\Controllers\product->products()
10 SYSTEMPATH\CodeIgniter.php(466): CodeIgniter\CodeIgniter->runController(Object(App\Controllers\product))
11 SYSTEMPATH\CodeIgniter.php(349): CodeIgniter\CodeIgniter->handleRequest(null, Object(Config\Cache), false)
12 FCPATH\index.php(55): CodeIgniter\CodeIgniter->run()
ERROR - 2022-07-19 02:55:41 --> Column 'product_img' cannot be null
CRITICAL - 2022-07-19 02:55:41 --> Column 'product_img' cannot be null
in SYSTEMPATH\Database\MySQLi\Connection.php on line 292.
 1 SYSTEMPATH\Database\MySQLi\Connection.php(292): mysqli->query('INSERT INTO `product` (`product_name`, `product_img`, `product_price`, `product_qty`) VALUES (\'ring\', NULL, \'125\', \'1\')', 0)
 2 SYSTEMPATH\Database\BaseConnection.php(695): CodeIgniter\Database\MySQLi\Connection->execute('INSERT INTO `product` (`product_name`, `product_img`, `product_price`, `product_qty`) VALUES (\'ring\', NULL, \'125\', \'1\')')
 3 SYSTEMPATH\Database\BaseConnection.php(609): CodeIgniter\Database\BaseConnection->simpleQuery('INSERT INTO `product` (`product_name`, `product_img`, `product_price`, `product_qty`) VALUES (\'ring\', NULL, \'125\', \'1\')')
 4 SYSTEMPATH\Database\BaseBuilder.php(1904): CodeIgniter\Database\BaseConnection->query('INSERT INTO `product` (`product_name`, `product_img`, `product_price`, `product_qty`) VALUES (:product_name:, :product_img:, :product_price:, :product_qty:)', [...], false)
 5 SYSTEMPATH\Model.php(278): CodeIgniter\Database\BaseBuilder->insert()
 6 SYSTEMPATH\BaseModel.php(738): CodeIgniter\Model->doInsert([...])
 7 SYSTEMPATH\Model.php(666): CodeIgniter\BaseModel->insert([...], true)
 8 APPPATH\Controllers\product.php(20): CodeIgniter\Model->insert([...])
 9 SYSTEMPATH\CodeIgniter.php(896): App\Controllers\product->products()
10 SYSTEMPATH\CodeIgniter.php(466): CodeIgniter\CodeIgniter->runController(Object(App\Controllers\product))
11 SYSTEMPATH\CodeIgniter.php(349): CodeIgniter\CodeIgniter->handleRequest(null, Object(Config\Cache), false)
12 FCPATH\index.php(55): CodeIgniter\CodeIgniter->run()
ERROR - 2022-07-19 02:56:44 --> Column 'product_img' cannot be null
CRITICAL - 2022-07-19 02:56:44 --> Column 'product_img' cannot be null
in SYSTEMPATH\Database\MySQLi\Connection.php on line 292.
 1 SYSTEMPATH\Database\MySQLi\Connection.php(292): mysqli->query('INSERT INTO `product` (`product_name`, `product_img`, `product_price`, `product_qty`) VALUES (\'ring\', NULL, \'125\', \'1\')', 0)
 2 SYSTEMPATH\Database\BaseConnection.php(695): CodeIgniter\Database\MySQLi\Connection->execute('INSERT INTO `product` (`product_name`, `product_img`, `product_price`, `product_qty`) VALUES (\'ring\', NULL, \'125\', \'1\')')
 3 SYSTEMPATH\Database\BaseConnection.php(609): CodeIgniter\Database\BaseConnection->simpleQuery('INSERT INTO `product` (`product_name`, `product_img`, `product_price`, `product_qty`) VALUES (\'ring\', NULL, \'125\', \'1\')')
 4 SYSTEMPATH\Database\BaseBuilder.php(1904): CodeIgniter\Database\BaseConnection->query('INSERT INTO `product` (`product_name`, `product_img`, `product_price`, `product_qty`) VALUES (:product_name:, :product_img:, :product_price:, :product_qty:)', [...], false)
 5 SYSTEMPATH\Model.php(278): CodeIgniter\Database\BaseBuilder->insert()
 6 SYSTEMPATH\BaseModel.php(738): CodeIgniter\Model->doInsert([...])
 7 SYSTEMPATH\Model.php(666): CodeIgniter\BaseModel->insert([...], true)
 8 APPPATH\Controllers\product.php(20): CodeIgniter\Model->insert([...])
 9 SYSTEMPATH\CodeIgniter.php(896): App\Controllers\product->products()
10 SYSTEMPATH\CodeIgniter.php(466): CodeIgniter\CodeIgniter->runController(Object(App\Controllers\product))
11 SYSTEMPATH\CodeIgniter.php(349): CodeIgniter\CodeIgniter->handleRequest(null, Object(Config\Cache), false)
12 FCPATH\index.php(55): CodeIgniter\CodeIgniter->run()
ERROR - 2022-07-19 03:01:17 --> Duplicate entry '0' for key 'PRIMARY'
CRITICAL - 2022-07-19 03:01:17 --> Duplicate entry '0' for key 'PRIMARY'
in SYSTEMPATH\Database\MySQLi\Connection.php on line 292.
 1 SYSTEMPATH\Database\MySQLi\Connection.php(292): mysqli->query('INSERT INTO `product` (`product_name`, `product_img`, `product_price`, `product_qty`) VALUES (\'Chaney Pratt\', \'C:\\\\xampp2\\\\tmp\\\\php71F5.tmp\', \'841\', \'790\')', 0)
 2 SYSTEMPATH\Database\BaseConnection.php(695): CodeIgniter\Database\MySQLi\Connection->execute('INSERT INTO `product` (`product_name`, `product_img`, `product_price`, `product_qty`) VALUES (\'Chaney Pratt\', \'C:\\\\xampp2\\\\tmp\\\\php71F5.tmp\', \'841\', \'790\')')
 3 SYSTEMPATH\Database\BaseConnection.php(609): CodeIgniter\Database\BaseConnection->simpleQuery('INSERT INTO `product` (`product_name`, `product_img`, `product_price`, `product_qty`) VALUES (\'Chaney Pratt\', \'C:\\\\xampp2\\\\tmp\\\\php71F5.tmp\', \'841\', \'790\')')
 4 SYSTEMPATH\Database\BaseBuilder.php(1904): CodeIgniter\Database\BaseConnection->query('INSERT INTO `product` (`product_name`, `product_img`, `product_price`, `product_qty`) VALUES (:product_name:, :product_img:, :product_price:, :product_qty:)', [...], false)
 5 SYSTEMPATH\Model.php(278): CodeIgniter\Database\BaseBuilder->insert()
 6 SYSTEMPATH\BaseModel.php(738): CodeIgniter\Model->doInsert([...])
 7 SYSTEMPATH\Model.php(666): CodeIgniter\BaseModel->insert([...], true)
 8 APPPATH\Controllers\product.php(25): CodeIgniter\Model->insert([...])
 9 SYSTEMPATH\CodeIgniter.php(896): App\Controllers\product->products()
10 SYSTEMPATH\CodeIgniter.php(466): CodeIgniter\CodeIgniter->runController(Object(App\Controllers\product))
11 SYSTEMPATH\CodeIgniter.php(349): CodeIgniter\CodeIgniter->handleRequest(null, Object(Config\Cache), false)
12 FCPATH\index.php(55): CodeIgniter\CodeIgniter->run()
CRITICAL - 2022-07-19 03:07:45 --> Undefined variable: image
in APPPATH\Controllers\product.php on line 20.
 1 APPPATH\Controllers\product.php(20): CodeIgniter\Debug\Exceptions->errorHandler(8, 'Undefined variable: image', 'APPPATH\\Controllers\\product.php', 20, [...])
 2 SYSTEMPATH\CodeIgniter.php(896): App\Controllers\product->products()
 3 SYSTEMPATH\CodeIgniter.php(466): CodeIgniter\CodeIgniter->runController(Object(App\Controllers\product))
 4 SYSTEMPATH\CodeIgniter.php(349): CodeIgniter\CodeIgniter->handleRequest(null, Object(Config\Cache), false)
 5 FCPATH\index.php(55): CodeIgniter\CodeIgniter->run()
CRITICAL - 2022-07-19 03:57:47 --> Undefined variable: name
in APPPATH\Views\admin\pages\display.php on line 141.
 1 APPPATH\Views\admin\pages\display.php(141): CodeIgniter\Debug\Exceptions->errorHandler(8, 'Undefined variable: name', 'APPPATH\\Views\\admin\\pages\\display.php', 141, [])
 2 SYSTEMPATH\View\View.php(213): include('APPPATH\\Views\\admin\\pages\\display.php')
 3 SYSTEMPATH\View\View.php(216): CodeIgniter\View\View->CodeIgniter\View\{closure}()
 4 SYSTEMPATH\Common.php(1135): CodeIgniter\View\View->render('admin/pages/display', [], true)
 5 APPPATH\Controllers\Admin.php(187): view('admin/pages/display')
 6 SYSTEMPATH\CodeIgniter.php(896): App\Controllers\Admin->display()
 7 SYSTEMPATH\CodeIgniter.php(466): CodeIgniter\CodeIgniter->runController(Object(App\Controllers\Admin))
 8 SYSTEMPATH\CodeIgniter.php(349): CodeIgniter\CodeIgniter->handleRequest(null, Object(Config\Cache), false)
 9 FCPATH\index.php(55): CodeIgniter\CodeIgniter->run()
CRITICAL - 2022-07-19 03:59:34 --> Undefined variable: name
in APPPATH\Views\admin\pages\display.php on line 142.
 1 APPPATH\Views\admin\pages\display.php(142): CodeIgniter\Debug\Exceptions->errorHandler(8, 'Undefined variable: name', 'APPPATH\\Views\\admin\\pages\\display.php', 142, [])
 2 SYSTEMPATH\View\View.php(213): include('APPPATH\\Views\\admin\\pages\\display.php')
 3 SYSTEMPATH\View\View.php(216): CodeIgniter\View\View->CodeIgniter\View\{closure}()
 4 SYSTEMPATH\Common.php(1135): CodeIgniter\View\View->render('admin/pages/display', [], true)
 5 APPPATH\Controllers\Admin.php(187): view('admin/pages/display')
 6 SYSTEMPATH\CodeIgniter.php(896): App\Controllers\Admin->display()
 7 SYSTEMPATH\CodeIgniter.php(466): CodeIgniter\CodeIgniter->runController(Object(App\Controllers\Admin))
 8 SYSTEMPATH\CodeIgniter.php(349): CodeIgniter\CodeIgniter->handleRequest(null, Object(Config\Cache), false)
 9 FCPATH\index.php(55): CodeIgniter\CodeIgniter->run()
CRITICAL - 2022-07-19 03:59:36 --> Undefined variable: name
in APPPATH\Views\admin\pages\display.php on line 142.
 1 APPPATH\Views\admin\pages\display.php(142): CodeIgniter\Debug\Exceptions->errorHandler(8, 'Undefined variable: name', 'APPPATH\\Views\\admin\\pages\\display.php', 142, [])
 2 SYSTEMPATH\View\View.php(213): include('APPPATH\\Views\\admin\\pages\\display.php')
 3 SYSTEMPATH\View\View.php(216): CodeIgniter\View\View->CodeIgniter\View\{closure}()
 4 SYSTEMPATH\Common.php(1135): CodeIgniter\View\View->render('admin/pages/display', [], true)
 5 APPPATH\Controllers\Admin.php(187): view('admin/pages/display')
 6 SYSTEMPATH\CodeIgniter.php(896): App\Controllers\Admin->display()
 7 SYSTEMPATH\CodeIgniter.php(466): CodeIgniter\CodeIgniter->runController(Object(App\Controllers\Admin))
 8 SYSTEMPATH\CodeIgniter.php(349): CodeIgniter\CodeIgniter->handleRequest(null, Object(Config\Cache), false)
 9 FCPATH\index.php(55): CodeIgniter\CodeIgniter->run()
CRITICAL - 2022-07-19 03:59:36 --> Undefined variable: name
in APPPATH\Views\admin\pages\display.php on line 142.
 1 APPPATH\Views\admin\pages\display.php(142): CodeIgniter\Debug\Exceptions->errorHandler(8, 'Undefined variable: name', 'APPPATH\\Views\\admin\\pages\\display.php', 142, [])
 2 SYSTEMPATH\View\View.php(213): include('APPPATH\\Views\\admin\\pages\\display.php')
 3 SYSTEMPATH\View\View.php(216): CodeIgniter\View\View->CodeIgniter\View\{closure}()
 4 SYSTEMPATH\Common.php(1135): CodeIgniter\View\View->render('admin/pages/display', [], true)
 5 APPPATH\Controllers\Admin.php(187): view('admin/pages/display')
 6 SYSTEMPATH\CodeIgniter.php(896): App\Controllers\Admin->display()
 7 SYSTEMPATH\CodeIgniter.php(466): CodeIgniter\CodeIgniter->runController(Object(App\Controllers\Admin))
 8 SYSTEMPATH\CodeIgniter.php(349): CodeIgniter\CodeIgniter->handleRequest(null, Object(Config\Cache), false)
 9 FCPATH\index.php(55): CodeIgniter\CodeIgniter->run()
CRITICAL - 2022-07-19 03:59:36 --> Undefined variable: name
in APPPATH\Views\admin\pages\display.php on line 142.
 1 APPPATH\Views\admin\pages\display.php(142): CodeIgniter\Debug\Exceptions->errorHandler(8, 'Undefined variable: name', 'APPPATH\\Views\\admin\\pages\\display.php', 142, [])
 2 SYSTEMPATH\View\View.php(213): include('APPPATH\\Views\\admin\\pages\\display.php')
 3 SYSTEMPATH\View\View.php(216): CodeIgniter\View\View->CodeIgniter\View\{closure}()
 4 SYSTEMPATH\Common.php(1135): CodeIgniter\View\View->render('admin/pages/display', [], true)
 5 APPPATH\Controllers\Admin.php(187): view('admin/pages/display')
 6 SYSTEMPATH\CodeIgniter.php(896): App\Controllers\Admin->display()
 7 SYSTEMPATH\CodeIgniter.php(466): CodeIgniter\CodeIgniter->runController(Object(App\Controllers\Admin))
 8 SYSTEMPATH\CodeIgniter.php(349): CodeIgniter\CodeIgniter->handleRequest(null, Object(Config\Cache), false)
 9 FCPATH\index.php(55): CodeIgniter\CodeIgniter->run()
CRITICAL - 2022-07-19 03:59:37 --> Undefined variable: name
in APPPATH\Views\admin\pages\display.php on line 142.
 1 APPPATH\Views\admin\pages\display.php(142): CodeIgniter\Debug\Exceptions->errorHandler(8, 'Undefined variable: name', 'APPPATH\\Views\\admin\\pages\\display.php', 142, [])
 2 SYSTEMPATH\View\View.php(213): include('APPPATH\\Views\\admin\\pages\\display.php')
 3 SYSTEMPATH\View\View.php(216): CodeIgniter\View\View->CodeIgniter\View\{closure}()
 4 SYSTEMPATH\Common.php(1135): CodeIgniter\View\View->render('admin/pages/display', [], true)
 5 APPPATH\Controllers\Admin.php(187): view('admin/pages/display')
 6 SYSTEMPATH\CodeIgniter.php(896): App\Controllers\Admin->display()
 7 SYSTEMPATH\CodeIgniter.php(466): CodeIgniter\CodeIgniter->runController(Object(App\Controllers\Admin))
 8 SYSTEMPATH\CodeIgniter.php(349): CodeIgniter\CodeIgniter->handleRequest(null, Object(Config\Cache), false)
 9 FCPATH\index.php(55): CodeIgniter\CodeIgniter->run()
CRITICAL - 2022-07-19 03:59:37 --> Undefined variable: name
in APPPATH\Views\admin\pages\display.php on line 142.
 1 APPPATH\Views\admin\pages\display.php(142): CodeIgniter\Debug\Exceptions->errorHandler(8, 'Undefined variable: name', 'APPPATH\\Views\\admin\\pages\\display.php', 142, [])
 2 SYSTEMPATH\View\View.php(213): include('APPPATH\\Views\\admin\\pages\\display.php')
 3 SYSTEMPATH\View\View.php(216): CodeIgniter\View\View->CodeIgniter\View\{closure}()
 4 SYSTEMPATH\Common.php(1135): CodeIgniter\View\View->render('admin/pages/display', [], true)
 5 APPPATH\Controllers\Admin.php(187): view('admin/pages/display')
 6 SYSTEMPATH\CodeIgniter.php(896): App\Controllers\Admin->display()
 7 SYSTEMPATH\CodeIgniter.php(466): CodeIgniter\CodeIgniter->runController(Object(App\Controllers\Admin))
 8 SYSTEMPATH\CodeIgniter.php(349): CodeIgniter\CodeIgniter->handleRequest(null, Object(Config\Cache), false)
 9 FCPATH\index.php(55): CodeIgniter\CodeIgniter->run()
CRITICAL - 2022-07-19 03:59:37 --> Undefined variable: name
in APPPATH\Views\admin\pages\display.php on line 142.
 1 APPPATH\Views\admin\pages\display.php(142): CodeIgniter\Debug\Exceptions->errorHandler(8, 'Undefined variable: name', 'APPPATH\\Views\\admin\\pages\\display.php', 142, [])
 2 SYSTEMPATH\View\View.php(213): include('APPPATH\\Views\\admin\\pages\\display.php')
 3 SYSTEMPATH\View\View.php(216): CodeIgniter\View\View->CodeIgniter\View\{closure}()
 4 SYSTEMPATH\Common.php(1135): CodeIgniter\View\View->render('admin/pages/display', [], true)
 5 APPPATH\Controllers\Admin.php(187): view('admin/pages/display')
 6 SYSTEMPATH\CodeIgniter.php(896): App\Controllers\Admin->display()
 7 SYSTEMPATH\CodeIgniter.php(466): CodeIgniter\CodeIgniter->runController(Object(App\Controllers\Admin))
 8 SYSTEMPATH\CodeIgniter.php(349): CodeIgniter\CodeIgniter->handleRequest(null, Object(Config\Cache), false)
 9 FCPATH\index.php(55): CodeIgniter\CodeIgniter->run()
CRITICAL - 2022-07-19 03:59:37 --> Undefined variable: name
in APPPATH\Views\admin\pages\display.php on line 142.
 1 APPPATH\Views\admin\pages\display.php(142): CodeIgniter\Debug\Exceptions->errorHandler(8, 'Undefined variable: name', 'APPPATH\\Views\\admin\\pages\\display.php', 142, [])
 2 SYSTEMPATH\View\View.php(213): include('APPPATH\\Views\\admin\\pages\\display.php')
 3 SYSTEMPATH\View\View.php(216): CodeIgniter\View\View->CodeIgniter\View\{closure}()
 4 SYSTEMPATH\Common.php(1135): CodeIgniter\View\View->render('admin/pages/display', [], true)
 5 APPPATH\Controllers\Admin.php(187): view('admin/pages/display')
 6 SYSTEMPATH\CodeIgniter.php(896): App\Controllers\Admin->display()
 7 SYSTEMPATH\CodeIgniter.php(466): CodeIgniter\CodeIgniter->runController(Object(App\Controllers\Admin))
 8 SYSTEMPATH\CodeIgniter.php(349): CodeIgniter\CodeIgniter->handleRequest(null, Object(Config\Cache), false)
 9 FCPATH\index.php(55): CodeIgniter\CodeIgniter->run()
CRITICAL - 2022-07-19 04:04:01 --> Undefined variable: name
in APPPATH\Views\admin\pages\display.php on line 142.
 1 APPPATH\Views\admin\pages\display.php(142): CodeIgniter\Debug\Exceptions->errorHandler(8, 'Undefined variable: name', 'APPPATH\\Views\\admin\\pages\\display.php', 142, [])
 2 SYSTEMPATH\View\View.php(213): include('APPPATH\\Views\\admin\\pages\\display.php')
 3 SYSTEMPATH\View\View.php(216): CodeIgniter\View\View->CodeIgniter\View\{closure}()
 4 SYSTEMPATH\Common.php(1135): CodeIgniter\View\View->render('admin/pages/display', [], true)
 5 APPPATH\Controllers\Admin.php(187): view('admin/pages/display')
 6 SYSTEMPATH\CodeIgniter.php(896): App\Controllers\Admin->display()
 7 SYSTEMPATH\CodeIgniter.php(466): CodeIgniter\CodeIgniter->runController(Object(App\Controllers\Admin))
 8 SYSTEMPATH\CodeIgniter.php(349): CodeIgniter\CodeIgniter->handleRequest(null, Object(Config\Cache), false)
 9 FCPATH\index.php(55): CodeIgniter\CodeIgniter->run()
CRITICAL - 2022-07-19 04:35:24 --> There is no data to insert.
in SYSTEMPATH\BaseModel.php on line 718.
 1 SYSTEMPATH\BaseModel.php(718): CodeIgniter\Database\Exceptions\DataException::forEmptyDataset('insert')
 2 SYSTEMPATH\Model.php(666): CodeIgniter\BaseModel->insert([], true)
 3 APPPATH\Controllers\Category.php(20): CodeIgniter\Model->insert([...])
 4 SYSTEMPATH\CodeIgniter.php(896): App\Controllers\Category->category()
 5 SYSTEMPATH\CodeIgniter.php(466): CodeIgniter\CodeIgniter->runController(Object(App\Controllers\Category))
 6 SYSTEMPATH\CodeIgniter.php(349): CodeIgniter\CodeIgniter->handleRequest(null, Object(Config\Cache), false)
 7 FCPATH\index.php(55): CodeIgniter\CodeIgniter->run()
CRITICAL - 2022-07-19 22:00:19 --> Undefined variable: name
in APPPATH\Views\admin\pages\display.php on line 142.
 1 APPPATH\Views\admin\pages\display.php(142): CodeIgniter\Debug\Exceptions->errorHandler(8, 'Undefined variable: name', 'APPPATH\\Views\\admin\\pages\\display.php', 142, [])
 2 SYSTEMPATH\View\View.php(213): include('APPPATH\\Views\\admin\\pages\\display.php')
 3 SYSTEMPATH\View\View.php(216): CodeIgniter\View\View->CodeIgniter\View\{closure}()
 4 SYSTEMPATH\Common.php(1135): CodeIgniter\View\View->render('admin/pages/display', [], true)
 5 APPPATH\Controllers\Admin.php(187): view('admin/pages/display')
 6 SYSTEMPATH\CodeIgniter.php(896): App\Controllers\Admin->display()
 7 SYSTEMPATH\CodeIgniter.php(466): CodeIgniter\CodeIgniter->runController(Object(App\Controllers\Admin))
 8 SYSTEMPATH\CodeIgniter.php(349): CodeIgniter\CodeIgniter->handleRequest(null, Object(Config\Cache), false)
 9 FCPATH\index.php(55): CodeIgniter\CodeIgniter->run()
CRITICAL - 2022-07-19 22:20:45 --> Undefined variable: name
in APPPATH\Views\admin\pages\subcategory.php on line 84.
 1 APPPATH\Views\admin\pages\subcategory.php(84): CodeIgniter\Debug\Exceptions->errorHandler(8, 'Undefined variable: name', 'APPPATH\\Views\\admin\\pages\\subcategory.php', 84, [])
 2 SYSTEMPATH\View\View.php(213): include('APPPATH\\Views\\admin\\pages\\subcategory.php')
 3 SYSTEMPATH\View\View.php(216): CodeIgniter\View\View->CodeIgniter\View\{closure}()
 4 SYSTEMPATH\Common.php(1135): CodeIgniter\View\View->render('admin/pages/subcategory', [], true)
 5 APPPATH\Controllers\Admin.php(203): view('admin/pages/subcategory')
 6 SYSTEMPATH\CodeIgniter.php(896): App\Controllers\Admin->subcategory()
 7 SYSTEMPATH\CodeIgniter.php(466): CodeIgniter\CodeIgniter->runController(Object(App\Controllers\Admin))
 8 SYSTEMPATH\CodeIgniter.php(349): CodeIgniter\CodeIgniter->handleRequest(null, Object(Config\Cache), false)
 9 FCPATH\index.php(55): CodeIgniter\CodeIgniter->run()
CRITICAL - 2022-07-19 22:24:51 --> Undefined variable: name
in APPPATH\Views\admin\pages\subcategory.php on line 84.
 1 APPPATH\Views\admin\pages\subcategory.php(84): CodeIgniter\Debug\Exceptions->errorHandler(8, 'Undefined variable: name', 'APPPATH\\Views\\admin\\pages\\subcategory.php', 84, [])
 2 SYSTEMPATH\View\View.php(213): include('APPPATH\\Views\\admin\\pages\\subcategory.php')
 3 SYSTEMPATH\View\View.php(216): CodeIgniter\View\View->CodeIgniter\View\{closure}()
 4 SYSTEMPATH\Common.php(1135): CodeIgniter\View\View->render('admin/pages/subcategory', [], true)
 5 APPPATH\Controllers\Admin.php(203): view('admin/pages/subcategory')
 6 SYSTEMPATH\CodeIgniter.php(896): App\Controllers\Admin->subcategory()
 7 SYSTEMPATH\CodeIgniter.php(466): CodeIgniter\CodeIgniter->runController(Object(App\Controllers\Admin))
 8 SYSTEMPATH\CodeIgniter.php(349): CodeIgniter\CodeIgniter->handleRequest(null, Object(Config\Cache), false)
 9 FCPATH\index.php(55): CodeIgniter\CodeIgniter->run()
CRITICAL - 2022-07-19 22:24:53 --> Undefined variable: name
in APPPATH\Views\admin\pages\subcategory.php on line 84.
 1 APPPATH\Views\admin\pages\subcategory.php(84): CodeIgniter\Debug\Exceptions->errorHandler(8, 'Undefined variable: name', 'APPPATH\\Views\\admin\\pages\\subcategory.php', 84, [])
 2 SYSTEMPATH\View\View.php(213): include('APPPATH\\Views\\admin\\pages\\subcategory.php')
 3 SYSTEMPATH\View\View.php(216): CodeIgniter\View\View->CodeIgniter\View\{closure}()
 4 SYSTEMPATH\Common.php(1135): CodeIgniter\View\View->render('admin/pages/subcategory', [], true)
 5 APPPATH\Controllers\Admin.php(203): view('admin/pages/subcategory')
 6 SYSTEMPATH\CodeIgniter.php(896): App\Controllers\Admin->subcategory()
 7 SYSTEMPATH\CodeIgniter.php(466): CodeIgniter\CodeIgniter->runController(Object(App\Controllers\Admin))
 8 SYSTEMPATH\CodeIgniter.php(349): CodeIgniter\CodeIgniter->handleRequest(null, Object(Config\Cache), false)
 9 FCPATH\index.php(55): CodeIgniter\CodeIgniter->run()
CRITICAL - 2022-07-19 22:24:53 --> Undefined variable: name
in APPPATH\Views\admin\pages\subcategory.php on line 84.
 1 APPPATH\Views\admin\pages\subcategory.php(84): CodeIgniter\Debug\Exceptions->errorHandler(8, 'Undefined variable: name', 'APPPATH\\Views\\admin\\pages\\subcategory.php', 84, [])
 2 SYSTEMPATH\View\View.php(213): include('APPPATH\\Views\\admin\\pages\\subcategory.php')
 3 SYSTEMPATH\View\View.php(216): CodeIgniter\View\View->CodeIgniter\View\{closure}()
 4 SYSTEMPATH\Common.php(1135): CodeIgniter\View\View->render('admin/pages/subcategory', [], true)
 5 APPPATH\Controllers\Admin.php(203): view('admin/pages/subcategory')
 6 SYSTEMPATH\CodeIgniter.php(896): App\Controllers\Admin->subcategory()
 7 SYSTEMPATH\CodeIgniter.php(466): CodeIgniter\CodeIgniter->runController(Object(App\Controllers\Admin))
 8 SYSTEMPATH\CodeIgniter.php(349): CodeIgniter\CodeIgniter->handleRequest(null, Object(Config\Cache), false)
 9 FCPATH\index.php(55): CodeIgniter\CodeIgniter->run()
CRITICAL - 2022-07-19 22:24:53 --> Undefined variable: name
in APPPATH\Views\admin\pages\subcategory.php on line 84.
 1 APPPATH\Views\admin\pages\subcategory.php(84): CodeIgniter\Debug\Exceptions->errorHandler(8, 'Undefined variable: name', 'APPPATH\\Views\\admin\\pages\\subcategory.php', 84, [])
 2 SYSTEMPATH\View\View.php(213): include('APPPATH\\Views\\admin\\pages\\subcategory.php')
 3 SYSTEMPATH\View\View.php(216): CodeIgniter\View\View->CodeIgniter\View\{closure}()
 4 SYSTEMPATH\Common.php(1135): CodeIgniter\View\View->render('admin/pages/subcategory', [], true)
 5 APPPATH\Controllers\Admin.php(203): view('admin/pages/subcategory')
 6 SYSTEMPATH\CodeIgniter.php(896): App\Controllers\Admin->subcategory()
 7 SYSTEMPATH\CodeIgniter.php(466): CodeIgniter\CodeIgniter->runController(Object(App\Controllers\Admin))
 8 SYSTEMPATH\CodeIgniter.php(349): CodeIgniter\CodeIgniter->handleRequest(null, Object(Config\Cache), false)
 9 FCPATH\index.php(55): CodeIgniter\CodeIgniter->run()
CRITICAL - 2022-07-19 22:24:53 --> Undefined variable: name
in APPPATH\Views\admin\pages\subcategory.php on line 84.
 1 APPPATH\Views\admin\pages\subcategory.php(84): CodeIgniter\Debug\Exceptions->errorHandler(8, 'Undefined variable: name', 'APPPATH\\Views\\admin\\pages\\subcategory.php', 84, [])
 2 SYSTEMPATH\View\View.php(213): include('APPPATH\\Views\\admin\\pages\\subcategory.php')
 3 SYSTEMPATH\View\View.php(216): CodeIgniter\View\View->CodeIgniter\View\{closure}()
 4 SYSTEMPATH\Common.php(1135): CodeIgniter\View\View->render('admin/pages/subcategory', [], true)
 5 APPPATH\Controllers\Admin.php(203): view('admin/pages/subcategory')
 6 SYSTEMPATH\CodeIgniter.php(896): App\Controllers\Admin->subcategory()
 7 SYSTEMPATH\CodeIgniter.php(466): CodeIgniter\CodeIgniter->runController(Object(App\Controllers\Admin))
 8 SYSTEMPATH\CodeIgniter.php(349): CodeIgniter\CodeIgniter->handleRequest(null, Object(Config\Cache), false)
 9 FCPATH\index.php(55): CodeIgniter\CodeIgniter->run()
CRITICAL - 2022-07-19 22:24:53 --> Undefined variable: name
in APPPATH\Views\admin\pages\subcategory.php on line 84.
 1 APPPATH\Views\admin\pages\subcategory.php(84): CodeIgniter\Debug\Exceptions->errorHandler(8, 'Undefined variable: name', 'APPPATH\\Views\\admin\\pages\\subcategory.php', 84, [])
 2 SYSTEMPATH\View\View.php(213): include('APPPATH\\Views\\admin\\pages\\subcategory.php')
 3 SYSTEMPATH\View\View.php(216): CodeIgniter\View\View->CodeIgniter\View\{closure}()
 4 SYSTEMPATH\Common.php(1135): CodeIgniter\View\View->render('admin/pages/subcategory', [], true)
 5 APPPATH\Controllers\Admin.php(203): view('admin/pages/subcategory')
 6 SYSTEMPATH\CodeIgniter.php(896): App\Controllers\Admin->subcategory()
 7 SYSTEMPATH\CodeIgniter.php(466): CodeIgniter\CodeIgniter->runController(Object(App\Controllers\Admin))
 8 SYSTEMPATH\CodeIgniter.php(349): CodeIgniter\CodeIgniter->handleRequest(null, Object(Config\Cache), false)
 9 FCPATH\index.php(55): CodeIgniter\CodeIgniter->run()
CRITICAL - 2022-07-19 22:24:54 --> Undefined variable: name
in APPPATH\Views\admin\pages\subcategory.php on line 84.
 1 APPPATH\Views\admin\pages\subcategory.php(84): CodeIgniter\Debug\Exceptions->errorHandler(8, 'Undefined variable: name', 'APPPATH\\Views\\admin\\pages\\subcategory.php', 84, [])
 2 SYSTEMPATH\View\View.php(213): include('APPPATH\\Views\\admin\\pages\\subcategory.php')
 3 SYSTEMPATH\View\View.php(216): CodeIgniter\View\View->CodeIgniter\View\{closure}()
 4 SYSTEMPATH\Common.php(1135): CodeIgniter\View\View->render('admin/pages/subcategory', [], true)
 5 APPPATH\Controllers\Admin.php(203): view('admin/pages/subcategory')
 6 SYSTEMPATH\CodeIgniter.php(896): App\Controllers\Admin->subcategory()
 7 SYSTEMPATH\CodeIgniter.php(466): CodeIgniter\CodeIgniter->runController(Object(App\Controllers\Admin))
 8 SYSTEMPATH\CodeIgniter.php(349): CodeIgniter\CodeIgniter->handleRequest(null, Object(Config\Cache), false)
 9 FCPATH\index.php(55): CodeIgniter\CodeIgniter->run()
CRITICAL - 2022-07-19 22:24:54 --> Undefined variable: name
in APPPATH\Views\admin\pages\subcategory.php on line 84.
 1 APPPATH\Views\admin\pages\subcategory.php(84): CodeIgniter\Debug\Exceptions->errorHandler(8, 'Undefined variable: name', 'APPPATH\\Views\\admin\\pages\\subcategory.php', 84, [])
 2 SYSTEMPATH\View\View.php(213): include('APPPATH\\Views\\admin\\pages\\subcategory.php')
 3 SYSTEMPATH\View\View.php(216): CodeIgniter\View\View->CodeIgniter\View\{closure}()
 4 SYSTEMPATH\Common.php(1135): CodeIgniter\View\View->render('admin/pages/subcategory', [], true)
 5 APPPATH\Controllers\Admin.php(203): view('admin/pages/subcategory')
 6 SYSTEMPATH\CodeIgniter.php(896): App\Controllers\Admin->subcategory()
 7 SYSTEMPATH\CodeIgniter.php(466): CodeIgniter\CodeIgniter->runController(Object(App\Controllers\Admin))
 8 SYSTEMPATH\CodeIgniter.php(349): CodeIgniter\CodeIgniter->handleRequest(null, Object(Config\Cache), false)
 9 FCPATH\index.php(55): CodeIgniter\CodeIgniter->run()
CRITICAL - 2022-07-19 22:25:57 --> Undefined variable: name
in APPPATH\Views\admin\pages\display.php on line 142.
 1 APPPATH\Views\admin\pages\display.php(142): CodeIgniter\Debug\Exceptions->errorHandler(8, 'Undefined variable: name', 'APPPATH\\Views\\admin\\pages\\display.php', 142, [])
 2 SYSTEMPATH\View\View.php(213): include('APPPATH\\Views\\admin\\pages\\display.php')
 3 SYSTEMPATH\View\View.php(216): CodeIgniter\View\View->CodeIgniter\View\{closure}()
 4 SYSTEMPATH\Common.php(1135): CodeIgniter\View\View->render('admin/pages/display', [], true)
 5 APPPATH\Controllers\Admin.php(187): view('admin/pages/display')
 6 SYSTEMPATH\CodeIgniter.php(896): App\Controllers\Admin->display()
 7 SYSTEMPATH\CodeIgniter.php(466): CodeIgniter\CodeIgniter->runController(Object(App\Controllers\Admin))
 8 SYSTEMPATH\CodeIgniter.php(349): CodeIgniter\CodeIgniter->handleRequest(null, Object(Config\Cache), false)
 9 FCPATH\index.php(55): CodeIgniter\CodeIgniter->run()
CRITICAL - 2022-07-19 22:30:46 --> Undefined variable: name
in APPPATH\Views\admin\pages\display.php on line 142.
 1 APPPATH\Views\admin\pages\display.php(142): CodeIgniter\Debug\Exceptions->errorHandler(8, 'Undefined variable: name', 'APPPATH\\Views\\admin\\pages\\display.php', 142, [])
 2 SYSTEMPATH\View\View.php(213): include('APPPATH\\Views\\admin\\pages\\display.php')
 3 SYSTEMPATH\View\View.php(216): CodeIgniter\View\View->CodeIgniter\View\{closure}()
 4 SYSTEMPATH\Common.php(1135): CodeIgniter\View\View->render('admin/pages/display', [], true)
 5 APPPATH\Controllers\Admin.php(187): view('admin/pages/display')
 6 SYSTEMPATH\CodeIgniter.php(896): App\Controllers\Admin->display()
 7 SYSTEMPATH\CodeIgniter.php(466): CodeIgniter\CodeIgniter->runController(Object(App\Controllers\Admin))
 8 SYSTEMPATH\CodeIgniter.php(349): CodeIgniter\CodeIgniter->handleRequest(null, Object(Config\Cache), false)
 9 FCPATH\index.php(55): CodeIgniter\CodeIgniter->run()
CRITICAL - 2022-07-19 22:30:48 --> Undefined variable: name
in APPPATH\Views\admin\pages\display.php on line 142.
 1 APPPATH\Views\admin\pages\display.php(142): CodeIgniter\Debug\Exceptions->errorHandler(8, 'Undefined variable: name', 'APPPATH\\Views\\admin\\pages\\display.php', 142, [])
 2 SYSTEMPATH\View\View.php(213): include('APPPATH\\Views\\admin\\pages\\display.php')
 3 SYSTEMPATH\View\View.php(216): CodeIgniter\View\View->CodeIgniter\View\{closure}()
 4 SYSTEMPATH\Common.php(1135): CodeIgniter\View\View->render('admin/pages/display', [], true)
 5 APPPATH\Controllers\Admin.php(187): view('admin/pages/display')
 6 SYSTEMPATH\CodeIgniter.php(896): App\Controllers\Admin->display()
 7 SYSTEMPATH\CodeIgniter.php(466): CodeIgniter\CodeIgniter->runController(Object(App\Controllers\Admin))
 8 SYSTEMPATH\CodeIgniter.php(349): CodeIgniter\CodeIgniter->handleRequest(null, Object(Config\Cache), false)
 9 FCPATH\index.php(55): CodeIgniter\CodeIgniter->run()
CRITICAL - 2022-07-19 22:30:48 --> Undefined variable: name
in APPPATH\Views\admin\pages\display.php on line 142.
 1 APPPATH\Views\admin\pages\display.php(142): CodeIgniter\Debug\Exceptions->errorHandler(8, 'Undefined variable: name', 'APPPATH\\Views\\admin\\pages\\display.php', 142, [])
 2 SYSTEMPATH\View\View.php(213): include('APPPATH\\Views\\admin\\pages\\display.php')
 3 SYSTEMPATH\View\View.php(216): CodeIgniter\View\View->CodeIgniter\View\{closure}()
 4 SYSTEMPATH\Common.php(1135): CodeIgniter\View\View->render('admin/pages/display', [], true)
 5 APPPATH\Controllers\Admin.php(187): view('admin/pages/display')
 6 SYSTEMPATH\CodeIgniter.php(896): App\Controllers\Admin->display()
 7 SYSTEMPATH\CodeIgniter.php(466): CodeIgniter\CodeIgniter->runController(Object(App\Controllers\Admin))
 8 SYSTEMPATH\CodeIgniter.php(349): CodeIgniter\CodeIgniter->handleRequest(null, Object(Config\Cache), false)
 9 FCPATH\index.php(55): CodeIgniter\CodeIgniter->run()
CRITICAL - 2022-07-19 22:30:48 --> Undefined variable: name
in APPPATH\Views\admin\pages\display.php on line 142.
 1 APPPATH\Views\admin\pages\display.php(142): CodeIgniter\Debug\Exceptions->errorHandler(8, 'Undefined variable: name', 'APPPATH\\Views\\admin\\pages\\display.php', 142, [])
 2 SYSTEMPATH\View\View.php(213): include('APPPATH\\Views\\admin\\pages\\display.php')
 3 SYSTEMPATH\View\View.php(216): CodeIgniter\View\View->CodeIgniter\View\{closure}()
 4 SYSTEMPATH\Common.php(1135): CodeIgniter\View\View->render('admin/pages/display', [], true)
 5 APPPATH\Controllers\Admin.php(187): view('admin/pages/display')
 6 SYSTEMPATH\CodeIgniter.php(896): App\Controllers\Admin->display()
 7 SYSTEMPATH\CodeIgniter.php(466): CodeIgniter\CodeIgniter->runController(Object(App\Controllers\Admin))
 8 SYSTEMPATH\CodeIgniter.php(349): CodeIgniter\CodeIgniter->handleRequest(null, Object(Config\Cache), false)
 9 FCPATH\index.php(55): CodeIgniter\CodeIgniter->run()
CRITICAL - 2022-07-19 22:30:49 --> Undefined variable: name
in APPPATH\Views\admin\pages\display.php on line 142.
 1 APPPATH\Views\admin\pages\display.php(142): CodeIgniter\Debug\Exceptions->errorHandler(8, 'Undefined variable: name', 'APPPATH\\Views\\admin\\pages\\display.php', 142, [])
 2 SYSTEMPATH\View\View.php(213): include('APPPATH\\Views\\admin\\pages\\display.php')
 3 SYSTEMPATH\View\View.php(216): CodeIgniter\View\View->CodeIgniter\View\{closure}()
 4 SYSTEMPATH\Common.php(1135): CodeIgniter\View\View->render('admin/pages/display', [], true)
 5 APPPATH\Controllers\Admin.php(187): view('admin/pages/display')
 6 SYSTEMPATH\CodeIgniter.php(896): App\Controllers\Admin->display()
 7 SYSTEMPATH\CodeIgniter.php(466): CodeIgniter\CodeIgniter->runController(Object(App\Controllers\Admin))
 8 SYSTEMPATH\CodeIgniter.php(349): CodeIgniter\CodeIgniter->handleRequest(null, Object(Config\Cache), false)
 9 FCPATH\index.php(55): CodeIgniter\CodeIgniter->run()
CRITICAL - 2022-07-19 22:30:49 --> Undefined variable: name
in APPPATH\Views\admin\pages\display.php on line 142.
 1 APPPATH\Views\admin\pages\display.php(142): CodeIgniter\Debug\Exceptions->errorHandler(8, 'Undefined variable: name', 'APPPATH\\Views\\admin\\pages\\display.php', 142, [])
 2 SYSTEMPATH\View\View.php(213): include('APPPATH\\Views\\admin\\pages\\display.php')
 3 SYSTEMPATH\View\View.php(216): CodeIgniter\View\View->CodeIgniter\View\{closure}()
 4 SYSTEMPATH\Common.php(1135): CodeIgniter\View\View->render('admin/pages/display', [], true)
 5 APPPATH\Controllers\Admin.php(187): view('admin/pages/display')
 6 SYSTEMPATH\CodeIgniter.php(896): App\Controllers\Admin->display()
 7 SYSTEMPATH\CodeIgniter.php(466): CodeIgniter\CodeIgniter->runController(Object(App\Controllers\Admin))
 8 SYSTEMPATH\CodeIgniter.php(349): CodeIgniter\CodeIgniter->handleRequest(null, Object(Config\Cache), false)
 9 FCPATH\index.php(55): CodeIgniter\CodeIgniter->run()
CRITICAL - 2022-07-19 22:30:49 --> Undefined variable: name
in APPPATH\Views\admin\pages\display.php on line 142.
 1 APPPATH\Views\admin\pages\display.php(142): CodeIgniter\Debug\Exceptions->errorHandler(8, 'Undefined variable: name', 'APPPATH\\Views\\admin\\pages\\display.php', 142, [])
 2 SYSTEMPATH\View\View.php(213): include('APPPATH\\Views\\admin\\pages\\display.php')
 3 SYSTEMPATH\View\View.php(216): CodeIgniter\View\View->CodeIgniter\View\{closure}()
 4 SYSTEMPATH\Common.php(1135): CodeIgniter\View\View->render('admin/pages/display', [], true)
 5 APPPATH\Controllers\Admin.php(187): view('admin/pages/display')
 6 SYSTEMPATH\CodeIgniter.php(896): App\Controllers\Admin->display()
 7 SYSTEMPATH\CodeIgniter.php(466): CodeIgniter\CodeIgniter->runController(Object(App\Controllers\Admin))
 8 SYSTEMPATH\CodeIgniter.php(349): CodeIgniter\CodeIgniter->handleRequest(null, Object(Config\Cache), false)
 9 FCPATH\index.php(55): CodeIgniter\CodeIgniter->run()
CRITICAL - 2022-07-19 22:30:49 --> Undefined variable: name
in APPPATH\Views\admin\pages\display.php on line 142.
 1 APPPATH\Views\admin\pages\display.php(142): CodeIgniter\Debug\Exceptions->errorHandler(8, 'Undefined variable: name', 'APPPATH\\Views\\admin\\pages\\display.php', 142, [])
 2 SYSTEMPATH\View\View.php(213): include('APPPATH\\Views\\admin\\pages\\display.php')
 3 SYSTEMPATH\View\View.php(216): CodeIgniter\View\View->CodeIgniter\View\{closure}()
 4 SYSTEMPATH\Common.php(1135): CodeIgniter\View\View->render('admin/pages/display', [], true)
 5 APPPATH\Controllers\Admin.php(187): view('admin/pages/display')
 6 SYSTEMPATH\CodeIgniter.php(896): App\Controllers\Admin->display()
 7 SYSTEMPATH\CodeIgniter.php(466): CodeIgniter\CodeIgniter->runController(Object(App\Controllers\Admin))
 8 SYSTEMPATH\CodeIgniter.php(349): CodeIgniter\CodeIgniter->handleRequest(null, Object(Config\Cache), false)
 9 FCPATH\index.php(55): CodeIgniter\CodeIgniter->run()
CRITICAL - 2022-07-19 22:30:49 --> Undefined variable: name
in APPPATH\Views\admin\pages\display.php on line 142.
 1 APPPATH\Views\admin\pages\display.php(142): CodeIgniter\Debug\Exceptions->errorHandler(8, 'Undefined variable: name', 'APPPATH\\Views\\admin\\pages\\display.php', 142, [])
 2 SYSTEMPATH\View\View.php(213): include('APPPATH\\Views\\admin\\pages\\display.php')
 3 SYSTEMPATH\View\View.php(216): CodeIgniter\View\View->CodeIgniter\View\{closure}()
 4 SYSTEMPATH\Common.php(1135): CodeIgniter\View\View->render('admin/pages/display', [], true)
 5 APPPATH\Controllers\Admin.php(187): view('admin/pages/display')
 6 SYSTEMPATH\CodeIgniter.php(896): App\Controllers\Admin->display()
 7 SYSTEMPATH\CodeIgniter.php(466): CodeIgniter\CodeIgniter->runController(Object(App\Controllers\Admin))
 8 SYSTEMPATH\CodeIgniter.php(349): CodeIgniter\CodeIgniter->handleRequest(null, Object(Config\Cache), false)
 9 FCPATH\index.php(55): CodeIgniter\CodeIgniter->run()
CRITICAL - 2022-07-19 22:30:50 --> Undefined variable: name
in APPPATH\Views\admin\pages\display.php on line 142.
 1 APPPATH\Views\admin\pages\display.php(142): CodeIgniter\Debug\Exceptions->errorHandler(8, 'Undefined variable: name', 'APPPATH\\Views\\admin\\pages\\display.php', 142, [])
 2 SYSTEMPATH\View\View.php(213): include('APPPATH\\Views\\admin\\pages\\display.php')
 3 SYSTEMPATH\View\View.php(216): CodeIgniter\View\View->CodeIgniter\View\{closure}()
 4 SYSTEMPATH\Common.php(1135): CodeIgniter\View\View->render('admin/pages/display', [], true)
 5 APPPATH\Controllers\Admin.php(187): view('admin/pages/display')
 6 SYSTEMPATH\CodeIgniter.php(896): App\Controllers\Admin->display()
 7 SYSTEMPATH\CodeIgniter.php(466): CodeIgniter\CodeIgniter->runController(Object(App\Controllers\Admin))
 8 SYSTEMPATH\CodeIgniter.php(349): CodeIgniter\CodeIgniter->handleRequest(null, Object(Config\Cache), false)
 9 FCPATH\index.php(55): CodeIgniter\CodeIgniter->run()
CRITICAL - 2022-07-19 22:30:50 --> Undefined variable: name
in APPPATH\Views\admin\pages\display.php on line 142.
 1 APPPATH\Views\admin\pages\display.php(142): CodeIgniter\Debug\Exceptions->errorHandler(8, 'Undefined variable: name', 'APPPATH\\Views\\admin\\pages\\display.php', 142, [])
 2 SYSTEMPATH\View\View.php(213): include('APPPATH\\Views\\admin\\pages\\display.php')
 3 SYSTEMPATH\View\View.php(216): CodeIgniter\View\View->CodeIgniter\View\{closure}()
 4 SYSTEMPATH\Common.php(1135): CodeIgniter\View\View->render('admin/pages/display', [], true)
 5 APPPATH\Controllers\Admin.php(187): view('admin/pages/display')
 6 SYSTEMPATH\CodeIgniter.php(896): App\Controllers\Admin->display()
 7 SYSTEMPATH\CodeIgniter.php(466): CodeIgniter\CodeIgniter->runController(Object(App\Controllers\Admin))
 8 SYSTEMPATH\CodeIgniter.php(349): CodeIgniter\CodeIgniter->handleRequest(null, Object(Config\Cache), false)
 9 FCPATH\index.php(55): CodeIgniter\CodeIgniter->run()
CRITICAL - 2022-07-19 22:30:50 --> Undefined variable: name
in APPPATH\Views\admin\pages\display.php on line 142.
 1 APPPATH\Views\admin\pages\display.php(142): CodeIgniter\Debug\Exceptions->errorHandler(8, 'Undefined variable: name', 'APPPATH\\Views\\admin\\pages\\display.php', 142, [])
 2 SYSTEMPATH\View\View.php(213): include('APPPATH\\Views\\admin\\pages\\display.php')
 3 SYSTEMPATH\View\View.php(216): CodeIgniter\View\View->CodeIgniter\View\{closure}()
 4 SYSTEMPATH\Common.php(1135): CodeIgniter\View\View->render('admin/pages/display', [], true)
 5 APPPATH\Controllers\Admin.php(187): view('admin/pages/display')
 6 SYSTEMPATH\CodeIgniter.php(896): App\Controllers\Admin->display()
 7 SYSTEMPATH\CodeIgniter.php(466): CodeIgniter\CodeIgniter->runController(Object(App\Controllers\Admin))
 8 SYSTEMPATH\CodeIgniter.php(349): CodeIgniter\CodeIgniter->handleRequest(null, Object(Config\Cache), false)
 9 FCPATH\index.php(55): CodeIgniter\CodeIgniter->run()
CRITICAL - 2022-07-19 22:30:50 --> Undefined variable: name
in APPPATH\Views\admin\pages\display.php on line 142.
 1 APPPATH\Views\admin\pages\display.php(142): CodeIgniter\Debug\Exceptions->errorHandler(8, 'Undefined variable: name', 'APPPATH\\Views\\admin\\pages\\display.php', 142, [])
 2 SYSTEMPATH\View\View.php(213): include('APPPATH\\Views\\admin\\pages\\display.php')
 3 SYSTEMPATH\View\View.php(216): CodeIgniter\View\View->CodeIgniter\View\{closure}()
 4 SYSTEMPATH\Common.php(1135): CodeIgniter\View\View->render('admin/pages/display', [], true)
 5 APPPATH\Controllers\Admin.php(187): view('admin/pages/display')
 6 SYSTEMPATH\CodeIgniter.php(896): App\Controllers\Admin->display()
 7 SYSTEMPATH\CodeIgniter.php(466): CodeIgniter\CodeIgniter->runController(Object(App\Controllers\Admin))
 8 SYSTEMPATH\CodeIgniter.php(349): CodeIgniter\CodeIgniter->handleRequest(null, Object(Config\Cache), false)
 9 FCPATH\index.php(55): CodeIgniter\CodeIgniter->run()
CRITICAL - 2022-07-19 22:30:50 --> Undefined variable: name
in APPPATH\Views\admin\pages\display.php on line 142.
 1 APPPATH\Views\admin\pages\display.php(142): CodeIgniter\Debug\Exceptions->errorHandler(8, 'Undefined variable: name', 'APPPATH\\Views\\admin\\pages\\display.php', 142, [])
 2 SYSTEMPATH\View\View.php(213): include('APPPATH\\Views\\admin\\pages\\display.php')
 3 SYSTEMPATH\View\View.php(216): CodeIgniter\View\View->CodeIgniter\View\{closure}()
 4 SYSTEMPATH\Common.php(1135): CodeIgniter\View\View->render('admin/pages/display', [], true)
 5 APPPATH\Controllers\Admin.php(187): view('admin/pages/display')
 6 SYSTEMPATH\CodeIgniter.php(896): App\Controllers\Admin->display()
 7 SYSTEMPATH\CodeIgniter.php(466): CodeIgniter\CodeIgniter->runController(Object(App\Controllers\Admin))
 8 SYSTEMPATH\CodeIgniter.php(349): CodeIgniter\CodeIgniter->handleRequest(null, Object(Config\Cache), false)
 9 FCPATH\index.php(55): CodeIgniter\CodeIgniter->run()
CRITICAL - 2022-07-19 22:30:51 --> Undefined variable: name
in APPPATH\Views\admin\pages\display.php on line 142.
 1 APPPATH\Views\admin\pages\display.php(142): CodeIgniter\Debug\Exceptions->errorHandler(8, 'Undefined variable: name', 'APPPATH\\Views\\admin\\pages\\display.php', 142, [])
 2 SYSTEMPATH\View\View.php(213): include('APPPATH\\Views\\admin\\pages\\display.php')
 3 SYSTEMPATH\View\View.php(216): CodeIgniter\View\View->CodeIgniter\View\{closure}()
 4 SYSTEMPATH\Common.php(1135): CodeIgniter\View\View->render('admin/pages/display', [], true)
 5 APPPATH\Controllers\Admin.php(187): view('admin/pages/display')
 6 SYSTEMPATH\CodeIgniter.php(896): App\Controllers\Admin->display()
 7 SYSTEMPATH\CodeIgniter.php(466): CodeIgniter\CodeIgniter->runController(Object(App\Controllers\Admin))
 8 SYSTEMPATH\CodeIgniter.php(349): CodeIgniter\CodeIgniter->handleRequest(null, Object(Config\Cache), false)
 9 FCPATH\index.php(55): CodeIgniter\CodeIgniter->run()
CRITICAL - 2022-07-19 22:30:52 --> Undefined variable: name
in APPPATH\Views\admin\pages\display.php on line 142.
 1 APPPATH\Views\admin\pages\display.php(142): CodeIgniter\Debug\Exceptions->errorHandler(8, 'Undefined variable: name', 'APPPATH\\Views\\admin\\pages\\display.php', 142, [])
 2 SYSTEMPATH\View\View.php(213): include('APPPATH\\Views\\admin\\pages\\display.php')
 3 SYSTEMPATH\View\View.php(216): CodeIgniter\View\View->CodeIgniter\View\{closure}()
 4 SYSTEMPATH\Common.php(1135): CodeIgniter\View\View->render('admin/pages/display', [], true)
 5 APPPATH\Controllers\Admin.php(187): view('admin/pages/display')
 6 SYSTEMPATH\CodeIgniter.php(896): App\Controllers\Admin->display()
 7 SYSTEMPATH\CodeIgniter.php(466): CodeIgniter\CodeIgniter->runController(Object(App\Controllers\Admin))
 8 SYSTEMPATH\CodeIgniter.php(349): CodeIgniter\CodeIgniter->handleRequest(null, Object(Config\Cache), false)
 9 FCPATH\index.php(55): CodeIgniter\CodeIgniter->run()
CRITICAL - 2022-07-19 22:30:52 --> Undefined variable: name
in APPPATH\Views\admin\pages\display.php on line 142.
 1 APPPATH\Views\admin\pages\display.php(142): CodeIgniter\Debug\Exceptions->errorHandler(8, 'Undefined variable: name', 'APPPATH\\Views\\admin\\pages\\display.php', 142, [])
 2 SYSTEMPATH\View\View.php(213): include('APPPATH\\Views\\admin\\pages\\display.php')
 3 SYSTEMPATH\View\View.php(216): CodeIgniter\View\View->CodeIgniter\View\{closure}()
 4 SYSTEMPATH\Common.php(1135): CodeIgniter\View\View->render('admin/pages/display', [], true)
 5 APPPATH\Controllers\Admin.php(187): view('admin/pages/display')
 6 SYSTEMPATH\CodeIgniter.php(896): App\Controllers\Admin->display()
 7 SYSTEMPATH\CodeIgniter.php(466): CodeIgniter\CodeIgniter->runController(Object(App\Controllers\Admin))
 8 SYSTEMPATH\CodeIgniter.php(349): CodeIgniter\CodeIgniter->handleRequest(null, Object(Config\Cache), false)
 9 FCPATH\index.php(55): CodeIgniter\CodeIgniter->run()
CRITICAL - 2022-07-19 22:31:11 --> Undefined variable: pname
in APPPATH\Views\admin\pages\display.php on line 142.
 1 APPPATH\Views\admin\pages\display.php(142): CodeIgniter\Debug\Exceptions->errorHandler(8, 'Undefined variable: pname', 'APPPATH\\Views\\admin\\pages\\display.php', 142, [])
 2 SYSTEMPATH\View\View.php(213): include('APPPATH\\Views\\admin\\pages\\display.php')
 3 SYSTEMPATH\View\View.php(216): CodeIgniter\View\View->CodeIgniter\View\{closure}()
 4 SYSTEMPATH\Common.php(1135): CodeIgniter\View\View->render('admin/pages/display', [], true)
 5 APPPATH\Controllers\Admin.php(187): view('admin/pages/display')
 6 SYSTEMPATH\CodeIgniter.php(896): App\Controllers\Admin->display()
 7 SYSTEMPATH\CodeIgniter.php(466): CodeIgniter\CodeIgniter->runController(Object(App\Controllers\Admin))
 8 SYSTEMPATH\CodeIgniter.php(349): CodeIgniter\CodeIgniter->handleRequest(null, Object(Config\Cache), false)
 9 FCPATH\index.php(55): CodeIgniter\CodeIgniter->run()
CRITICAL - 2022-07-19 22:50:13 --> Undefined variable: pname
in APPPATH\Views\admin\pages\display.php on line 142.
 1 APPPATH\Views\admin\pages\display.php(142): CodeIgniter\Debug\Exceptions->errorHandler(8, 'Undefined variable: pname', 'APPPATH\\Views\\admin\\pages\\display.php', 142, [])
 2 SYSTEMPATH\View\View.php(213): include('APPPATH\\Views\\admin\\pages\\display.php')
 3 SYSTEMPATH\View\View.php(216): CodeIgniter\View\View->CodeIgniter\View\{closure}()
 4 SYSTEMPATH\Common.php(1135): CodeIgniter\View\View->render('admin/pages/display', [], true)
 5 APPPATH\Controllers\Admin.php(187): view('admin/pages/display')
 6 SYSTEMPATH\CodeIgniter.php(896): App\Controllers\Admin->display()
 7 SYSTEMPATH\CodeIgniter.php(466): CodeIgniter\CodeIgniter->runController(Object(App\Controllers\Admin))
 8 SYSTEMPATH\CodeIgniter.php(349): CodeIgniter\CodeIgniter->handleRequest(null, Object(Config\Cache), false)
 9 FCPATH\index.php(55): CodeIgniter\CodeIgniter->run()
CRITICAL - 2022-07-19 22:50:15 --> Undefined variable: pname
in APPPATH\Views\admin\pages\display.php on line 142.
 1 APPPATH\Views\admin\pages\display.php(142): CodeIgniter\Debug\Exceptions->errorHandler(8, 'Undefined variable: pname', 'APPPATH\\Views\\admin\\pages\\display.php', 142, [])
 2 SYSTEMPATH\View\View.php(213): include('APPPATH\\Views\\admin\\pages\\display.php')
 3 SYSTEMPATH\View\View.php(216): CodeIgniter\View\View->CodeIgniter\View\{closure}()
 4 SYSTEMPATH\Common.php(1135): CodeIgniter\View\View->render('admin/pages/display', [], true)
 5 APPPATH\Controllers\Admin.php(187): view('admin/pages/display')
 6 SYSTEMPATH\CodeIgniter.php(896): App\Controllers\Admin->display()
 7 SYSTEMPATH\CodeIgniter.php(466): CodeIgniter\CodeIgniter->runController(Object(App\Controllers\Admin))
 8 SYSTEMPATH\CodeIgniter.php(349): CodeIgniter\CodeIgniter->handleRequest(null, Object(Config\Cache), false)
 9 FCPATH\index.php(55): CodeIgniter\CodeIgniter->run()
CRITICAL - 2022-07-19 22:50:15 --> Undefined variable: pname
in APPPATH\Views\admin\pages\display.php on line 142.
 1 APPPATH\Views\admin\pages\display.php(142): CodeIgniter\Debug\Exceptions->errorHandler(8, 'Undefined variable: pname', 'APPPATH\\Views\\admin\\pages\\display.php', 142, [])
 2 SYSTEMPATH\View\View.php(213): include('APPPATH\\Views\\admin\\pages\\display.php')
 3 SYSTEMPATH\View\View.php(216): CodeIgniter\View\View->CodeIgniter\View\{closure}()
 4 SYSTEMPATH\Common.php(1135): CodeIgniter\View\View->render('admin/pages/display', [], true)
 5 APPPATH\Controllers\Admin.php(187): view('admin/pages/display')
 6 SYSTEMPATH\CodeIgniter.php(896): App\Controllers\Admin->display()
 7 SYSTEMPATH\CodeIgniter.php(466): CodeIgniter\CodeIgniter->runController(Object(App\Controllers\Admin))
 8 SYSTEMPATH\CodeIgniter.php(349): CodeIgniter\CodeIgniter->handleRequest(null, Object(Config\Cache), false)
 9 FCPATH\index.php(55): CodeIgniter\CodeIgniter->run()
CRITICAL - 2022-07-19 22:50:15 --> Undefined variable: pname
in APPPATH\Views\admin\pages\display.php on line 142.
 1 APPPATH\Views\admin\pages\display.php(142): CodeIgniter\Debug\Exceptions->errorHandler(8, 'Undefined variable: pname', 'APPPATH\\Views\\admin\\pages\\display.php', 142, [])
 2 SYSTEMPATH\View\View.php(213): include('APPPATH\\Views\\admin\\pages\\display.php')
 3 SYSTEMPATH\View\View.php(216): CodeIgniter\View\View->CodeIgniter\View\{closure}()
 4 SYSTEMPATH\Common.php(1135): CodeIgniter\View\View->render('admin/pages/display', [], true)
 5 APPPATH\Controllers\Admin.php(187): view('admin/pages/display')
 6 SYSTEMPATH\CodeIgniter.php(896): App\Controllers\Admin->display()
 7 SYSTEMPATH\CodeIgniter.php(466): CodeIgniter\CodeIgniter->runController(Object(App\Controllers\Admin))
 8 SYSTEMPATH\CodeIgniter.php(349): CodeIgniter\CodeIgniter->handleRequest(null, Object(Config\Cache), false)
 9 FCPATH\index.php(55): CodeIgniter\CodeIgniter->run()
CRITICAL - 2022-07-19 22:50:15 --> Undefined variable: pname
in APPPATH\Views\admin\pages\display.php on line 142.
 1 APPPATH\Views\admin\pages\display.php(142): CodeIgniter\Debug\Exceptions->errorHandler(8, 'Undefined variable: pname', 'APPPATH\\Views\\admin\\pages\\display.php', 142, [])
 2 SYSTEMPATH\View\View.php(213): include('APPPATH\\Views\\admin\\pages\\display.php')
 3 SYSTEMPATH\View\View.php(216): CodeIgniter\View\View->CodeIgniter\View\{closure}()
 4 SYSTEMPATH\Common.php(1135): CodeIgniter\View\View->render('admin/pages/display', [], true)
 5 APPPATH\Controllers\Admin.php(187): view('admin/pages/display')
 6 SYSTEMPATH\CodeIgniter.php(896): App\Controllers\Admin->display()
 7 SYSTEMPATH\CodeIgniter.php(466): CodeIgniter\CodeIgniter->runController(Object(App\Controllers\Admin))
 8 SYSTEMPATH\CodeIgniter.php(349): CodeIgniter\CodeIgniter->handleRequest(null, Object(Config\Cache), false)
 9 FCPATH\index.php(55): CodeIgniter\CodeIgniter->run()
CRITICAL - 2022-07-19 22:52:10 --> Undefined variable: name
in APPPATH\Views\admin\pages\display.php on line 62.
 1 APPPATH\Views\admin\pages\display.php(62): CodeIgniter\Debug\Exceptions->errorHandler(8, 'Undefined variable: name', 'APPPATH\\Views\\admin\\pages\\display.php', 62, [])
 2 SYSTEMPATH\View\View.php(213): include('APPPATH\\Views\\admin\\pages\\display.php')
 3 SYSTEMPATH\View\View.php(216): CodeIgniter\View\View->CodeIgniter\View\{closure}()
 4 SYSTEMPATH\Common.php(1135): CodeIgniter\View\View->render('admin/pages/display', [], true)
 5 APPPATH\Controllers\Admin.php(187): view('admin/pages/display')
 6 SYSTEMPATH\CodeIgniter.php(896): App\Controllers\Admin->display()
 7 SYSTEMPATH\CodeIgniter.php(466): CodeIgniter\CodeIgniter->runController(Object(App\Controllers\Admin))
 8 SYSTEMPATH\CodeIgniter.php(349): CodeIgniter\CodeIgniter->handleRequest(null, Object(Config\Cache), false)
 9 FCPATH\index.php(55): CodeIgniter\CodeIgniter->run()
CRITICAL - 2022-07-19 22:52:10 --> Undefined variable: name
in APPPATH\Views\admin\pages\display.php on line 62.
 1 APPPATH\Views\admin\pages\display.php(62): CodeIgniter\Debug\Exceptions->errorHandler(8, 'Undefined variable: name', 'APPPATH\\Views\\admin\\pages\\display.php', 62, [])
 2 SYSTEMPATH\View\View.php(213): include('APPPATH\\Views\\admin\\pages\\display.php')
 3 SYSTEMPATH\View\View.php(216): CodeIgniter\View\View->CodeIgniter\View\{closure}()
 4 SYSTEMPATH\Common.php(1135): CodeIgniter\View\View->render('admin/pages/display', [], true)
 5 APPPATH\Controllers\Admin.php(187): view('admin/pages/display')
 6 SYSTEMPATH\CodeIgniter.php(896): App\Controllers\Admin->display()
 7 SYSTEMPATH\CodeIgniter.php(466): CodeIgniter\CodeIgniter->runController(Object(App\Controllers\Admin))
 8 SYSTEMPATH\CodeIgniter.php(349): CodeIgniter\CodeIgniter->handleRequest(null, Object(Config\Cache), false)
 9 FCPATH\index.php(55): CodeIgniter\CodeIgniter->run()
CRITICAL - 2022-07-19 22:52:11 --> Undefined variable: name
in APPPATH\Views\admin\pages\display.php on line 62.
 1 APPPATH\Views\admin\pages\display.php(62): CodeIgniter\Debug\Exceptions->errorHandler(8, 'Undefined variable: name', 'APPPATH\\Views\\admin\\pages\\display.php', 62, [])
 2 SYSTEMPATH\View\View.php(213): include('APPPATH\\Views\\admin\\pages\\display.php')
 3 SYSTEMPATH\View\View.php(216): CodeIgniter\View\View->CodeIgniter\View\{closure}()
 4 SYSTEMPATH\Common.php(1135): CodeIgniter\View\View->render('admin/pages/display', [], true)
 5 APPPATH\Controllers\Admin.php(187): view('admin/pages/display')
 6 SYSTEMPATH\CodeIgniter.php(896): App\Controllers\Admin->display()
 7 SYSTEMPATH\CodeIgniter.php(466): CodeIgniter\CodeIgniter->runController(Object(App\Controllers\Admin))
 8 SYSTEMPATH\CodeIgniter.php(349): CodeIgniter\CodeIgniter->handleRequest(null, Object(Config\Cache), false)
 9 FCPATH\index.php(55): CodeIgniter\CodeIgniter->run()
CRITICAL - 2022-07-19 22:52:11 --> Undefined variable: name
in APPPATH\Views\admin\pages\display.php on line 62.
 1 APPPATH\Views\admin\pages\display.php(62): CodeIgniter\Debug\Exceptions->errorHandler(8, 'Undefined variable: name', 'APPPATH\\Views\\admin\\pages\\display.php', 62, [])
 2 SYSTEMPATH\View\View.php(213): include('APPPATH\\Views\\admin\\pages\\display.php')
 3 SYSTEMPATH\View\View.php(216): CodeIgniter\View\View->CodeIgniter\View\{closure}()
 4 SYSTEMPATH\Common.php(1135): CodeIgniter\View\View->render('admin/pages/display', [], true)
 5 APPPATH\Controllers\Admin.php(187): view('admin/pages/display')
 6 SYSTEMPATH\CodeIgniter.php(896): App\Controllers\Admin->display()
 7 SYSTEMPATH\CodeIgniter.php(466): CodeIgniter\CodeIgniter->runController(Object(App\Controllers\Admin))
 8 SYSTEMPATH\CodeIgniter.php(349): CodeIgniter\CodeIgniter->handleRequest(null, Object(Config\Cache), false)
 9 FCPATH\index.php(55): CodeIgniter\CodeIgniter->run()
CRITICAL - 2022-07-19 22:52:11 --> Undefined variable: name
in APPPATH\Views\admin\pages\display.php on line 62.
 1 APPPATH\Views\admin\pages\display.php(62): CodeIgniter\Debug\Exceptions->errorHandler(8, 'Undefined variable: name', 'APPPATH\\Views\\admin\\pages\\display.php', 62, [])
 2 SYSTEMPATH\View\View.php(213): include('APPPATH\\Views\\admin\\pages\\display.php')
 3 SYSTEMPATH\View\View.php(216): CodeIgniter\View\View->CodeIgniter\View\{closure}()
 4 SYSTEMPATH\Common.php(1135): CodeIgniter\View\View->render('admin/pages/display', [], true)
 5 APPPATH\Controllers\Admin.php(187): view('admin/pages/display')
 6 SYSTEMPATH\CodeIgniter.php(896): App\Controllers\Admin->display()
 7 SYSTEMPATH\CodeIgniter.php(466): CodeIgniter\CodeIgniter->runController(Object(App\Controllers\Admin))
 8 SYSTEMPATH\CodeIgniter.php(349): CodeIgniter\CodeIgniter->handleRequest(null, Object(Config\Cache), false)
 9 FCPATH\index.php(55): CodeIgniter\CodeIgniter->run()
CRITICAL - 2022-07-19 22:52:11 --> Undefined variable: name
in APPPATH\Views\admin\pages\display.php on line 62.
 1 APPPATH\Views\admin\pages\display.php(62): CodeIgniter\Debug\Exceptions->errorHandler(8, 'Undefined variable: name', 'APPPATH\\Views\\admin\\pages\\display.php', 62, [])
 2 SYSTEMPATH\View\View.php(213): include('APPPATH\\Views\\admin\\pages\\display.php')
 3 SYSTEMPATH\View\View.php(216): CodeIgniter\View\View->CodeIgniter\View\{closure}()
 4 SYSTEMPATH\Common.php(1135): CodeIgniter\View\View->render('admin/pages/display', [], true)
 5 APPPATH\Controllers\Admin.php(187): view('admin/pages/display')
 6 SYSTEMPATH\CodeIgniter.php(896): App\Controllers\Admin->display()
 7 SYSTEMPATH\CodeIgniter.php(466): CodeIgniter\CodeIgniter->runController(Object(App\Controllers\Admin))
 8 SYSTEMPATH\CodeIgniter.php(349): CodeIgniter\CodeIgniter->handleRequest(null, Object(Config\Cache), false)
 9 FCPATH\index.php(55): CodeIgniter\CodeIgniter->run()
CRITICAL - 2022-07-19 22:52:11 --> Undefined variable: name
in APPPATH\Views\admin\pages\display.php on line 62.
 1 APPPATH\Views\admin\pages\display.php(62): CodeIgniter\Debug\Exceptions->errorHandler(8, 'Undefined variable: name', 'APPPATH\\Views\\admin\\pages\\display.php', 62, [])
 2 SYSTEMPATH\View\View.php(213): include('APPPATH\\Views\\admin\\pages\\display.php')
 3 SYSTEMPATH\View\View.php(216): CodeIgniter\View\View->CodeIgniter\View\{closure}()
 4 SYSTEMPATH\Common.php(1135): CodeIgniter\View\View->render('admin/pages/display', [], true)
 5 APPPATH\Controllers\Admin.php(187): view('admin/pages/display')
 6 SYSTEMPATH\CodeIgniter.php(896): App\Controllers\Admin->display()
 7 SYSTEMPATH\CodeIgniter.php(466): CodeIgniter\CodeIgniter->runController(Object(App\Controllers\Admin))
 8 SYSTEMPATH\CodeIgniter.php(349): CodeIgniter\CodeIgniter->handleRequest(null, Object(Config\Cache), false)
 9 FCPATH\index.php(55): CodeIgniter\CodeIgniter->run()
CRITICAL - 2022-07-19 22:52:12 --> Undefined variable: name
in APPPATH\Views\admin\pages\display.php on line 62.
 1 APPPATH\Views\admin\pages\display.php(62): CodeIgniter\Debug\Exceptions->errorHandler(8, 'Undefined variable: name', 'APPPATH\\Views\\admin\\pages\\display.php', 62, [])
 2 SYSTEMPATH\View\View.php(213): include('APPPATH\\Views\\admin\\pages\\display.php')
 3 SYSTEMPATH\View\View.php(216): CodeIgniter\View\View->CodeIgniter\View\{closure}()
 4 SYSTEMPATH\Common.php(1135): CodeIgniter\View\View->render('admin/pages/display', [], true)
 5 APPPATH\Controllers\Admin.php(187): view('admin/pages/display')
 6 SYSTEMPATH\CodeIgniter.php(896): App\Controllers\Admin->display()
 7 SYSTEMPATH\CodeIgniter.php(466): CodeIgniter\CodeIgniter->runController(Object(App\Controllers\Admin))
 8 SYSTEMPATH\CodeIgniter.php(349): CodeIgniter\CodeIgniter->handleRequest(null, Object(Config\Cache), false)
 9 FCPATH\index.php(55): CodeIgniter\CodeIgniter->run()
CRITICAL - 2022-07-19 22:52:12 --> Undefined variable: name
in APPPATH\Views\admin\pages\display.php on line 62.
 1 APPPATH\Views\admin\pages\display.php(62): CodeIgniter\Debug\Exceptions->errorHandler(8, 'Undefined variable: name', 'APPPATH\\Views\\admin\\pages\\display.php', 62, [])
 2 SYSTEMPATH\View\View.php(213): include('APPPATH\\Views\\admin\\pages\\display.php')
 3 SYSTEMPATH\View\View.php(216): CodeIgniter\View\View->CodeIgniter\View\{closure}()
 4 SYSTEMPATH\Common.php(1135): CodeIgniter\View\View->render('admin/pages/display', [], true)
 5 APPPATH\Controllers\Admin.php(187): view('admin/pages/display')
 6 SYSTEMPATH\CodeIgniter.php(896): App\Controllers\Admin->display()
 7 SYSTEMPATH\CodeIgniter.php(466): CodeIgniter\CodeIgniter->runController(Object(App\Controllers\Admin))
 8 SYSTEMPATH\CodeIgniter.php(349): CodeIgniter\CodeIgniter->handleRequest(null, Object(Config\Cache), false)
 9 FCPATH\index.php(55): CodeIgniter\CodeIgniter->run()
CRITICAL - 2022-07-19 23:03:49 --> Undefined index: name
in APPPATH\Views\admin\pages\display.php on line 62.
 1 APPPATH\Views\admin\pages\display.php(62): CodeIgniter\Debug\Exceptions->errorHandler(8, 'Undefined index: name', 'APPPATH\\Views\\admin\\pages\\display.php', 62, [...])
 2 SYSTEMPATH\View\View.php(213): include('APPPATH\\Views\\admin\\pages\\display.php')
 3 SYSTEMPATH\View\View.php(216): CodeIgniter\View\View->CodeIgniter\View\{closure}()
 4 SYSTEMPATH\Common.php(1135): CodeIgniter\View\View->render('admin/pages/display', [], true)
 5 APPPATH\Controllers\Admin.php(189): view('admin/pages/display', [...])
 6 SYSTEMPATH\CodeIgniter.php(896): App\Controllers\Admin->display()
 7 SYSTEMPATH\CodeIgniter.php(466): CodeIgniter\CodeIgniter->runController(Object(App\Controllers\Admin))
 8 SYSTEMPATH\CodeIgniter.php(349): CodeIgniter\CodeIgniter->handleRequest(null, Object(Config\Cache), false)
 9 FCPATH\index.php(55): CodeIgniter\CodeIgniter->run()
CRITICAL - 2022-07-19 23:03:53 --> Undefined index: name
in APPPATH\Views\admin\pages\display.php on line 62.
 1 APPPATH\Views\admin\pages\display.php(62): CodeIgniter\Debug\Exceptions->errorHandler(8, 'Undefined index: name', 'APPPATH\\Views\\admin\\pages\\display.php', 62, [...])
 2 SYSTEMPATH\View\View.php(213): include('APPPATH\\Views\\admin\\pages\\display.php')
 3 SYSTEMPATH\View\View.php(216): CodeIgniter\View\View->CodeIgniter\View\{closure}()
 4 SYSTEMPATH\Common.php(1135): CodeIgniter\View\View->render('admin/pages/display', [], true)
 5 APPPATH\Controllers\Admin.php(189): view('admin/pages/display', [...])
 6 SYSTEMPATH\CodeIgniter.php(896): App\Controllers\Admin->display()
 7 SYSTEMPATH\CodeIgniter.php(466): CodeIgniter\CodeIgniter->runController(Object(App\Controllers\Admin))
 8 SYSTEMPATH\CodeIgniter.php(349): CodeIgniter\CodeIgniter->handleRequest(null, Object(Config\Cache), false)
 9 FCPATH\index.php(55): CodeIgniter\CodeIgniter->run()
CRITICAL - 2022-07-19 23:03:53 --> Undefined index: name
in APPPATH\Views\admin\pages\display.php on line 62.
 1 APPPATH\Views\admin\pages\display.php(62): CodeIgniter\Debug\Exceptions->errorHandler(8, 'Undefined index: name', 'APPPATH\\Views\\admin\\pages\\display.php', 62, [...])
 2 SYSTEMPATH\View\View.php(213): include('APPPATH\\Views\\admin\\pages\\display.php')
 3 SYSTEMPATH\View\View.php(216): CodeIgniter\View\View->CodeIgniter\View\{closure}()
 4 SYSTEMPATH\Common.php(1135): CodeIgniter\View\View->render('admin/pages/display', [], true)
 5 APPPATH\Controllers\Admin.php(189): view('admin/pages/display', [...])
 6 SYSTEMPATH\CodeIgniter.php(896): App\Controllers\Admin->display()
 7 SYSTEMPATH\CodeIgniter.php(466): CodeIgniter\CodeIgniter->runController(Object(App\Controllers\Admin))
 8 SYSTEMPATH\CodeIgniter.php(349): CodeIgniter\CodeIgniter->handleRequest(null, Object(Config\Cache), false)
 9 FCPATH\index.php(55): CodeIgniter\CodeIgniter->run()
CRITICAL - 2022-07-19 23:03:54 --> Undefined index: name
in APPPATH\Views\admin\pages\display.php on line 62.
 1 APPPATH\Views\admin\pages\display.php(62): CodeIgniter\Debug\Exceptions->errorHandler(8, 'Undefined index: name', 'APPPATH\\Views\\admin\\pages\\display.php', 62, [...])
 2 SYSTEMPATH\View\View.php(213): include('APPPATH\\Views\\admin\\pages\\display.php')
 3 SYSTEMPATH\View\View.php(216): CodeIgniter\View\View->CodeIgniter\View\{closure}()
 4 SYSTEMPATH\Common.php(1135): CodeIgniter\View\View->render('admin/pages/display', [], true)
 5 APPPATH\Controllers\Admin.php(189): view('admin/pages/display', [...])
 6 SYSTEMPATH\CodeIgniter.php(896): App\Controllers\Admin->display()
 7 SYSTEMPATH\CodeIgniter.php(466): CodeIgniter\CodeIgniter->runController(Object(App\Controllers\Admin))
 8 SYSTEMPATH\CodeIgniter.php(349): CodeIgniter\CodeIgniter->handleRequest(null, Object(Config\Cache), false)
 9 FCPATH\index.php(55): CodeIgniter\CodeIgniter->run()
CRITICAL - 2022-07-19 23:03:54 --> Undefined index: name
in APPPATH\Views\admin\pages\display.php on line 62.
 1 APPPATH\Views\admin\pages\display.php(62): CodeIgniter\Debug\Exceptions->errorHandler(8, 'Undefined index: name', 'APPPATH\\Views\\admin\\pages\\display.php', 62, [...])
 2 SYSTEMPATH\View\View.php(213): include('APPPATH\\Views\\admin\\pages\\display.php')
 3 SYSTEMPATH\View\View.php(216): CodeIgniter\View\View->CodeIgniter\View\{closure}()
 4 SYSTEMPATH\Common.php(1135): CodeIgniter\View\View->render('admin/pages/display', [], true)
 5 APPPATH\Controllers\Admin.php(189): view('admin/pages/display', [...])
 6 SYSTEMPATH\CodeIgniter.php(896): App\Controllers\Admin->display()
 7 SYSTEMPATH\CodeIgniter.php(466): CodeIgniter\CodeIgniter->runController(Object(App\Controllers\Admin))
 8 SYSTEMPATH\CodeIgniter.php(349): CodeIgniter\CodeIgniter->handleRequest(null, Object(Config\Cache), false)
 9 FCPATH\index.php(55): CodeIgniter\CodeIgniter->run()
CRITICAL - 2022-07-19 23:04:46 --> Undefined index: category_name
in APPPATH\Views\admin\pages\display.php on line 145.
 1 APPPATH\Views\admin\pages\display.php(145): CodeIgniter\Debug\Exceptions->errorHandler(8, 'Undefined index: category_name', 'APPPATH\\Views\\admin\\pages\\display.php', 145, [...])
 2 SYSTEMPATH\View\View.php(213): include('APPPATH\\Views\\admin\\pages\\display.php')
 3 SYSTEMPATH\View\View.php(216): CodeIgniter\View\View->CodeIgniter\View\{closure}()
 4 SYSTEMPATH\Common.php(1135): CodeIgniter\View\View->render('admin/pages/display', [], true)
 5 APPPATH\Controllers\Admin.php(189): view('admin/pages/display', [...])
 6 SYSTEMPATH\CodeIgniter.php(896): App\Controllers\Admin->display()
 7 SYSTEMPATH\CodeIgniter.php(466): CodeIgniter\CodeIgniter->runController(Object(App\Controllers\Admin))
 8 SYSTEMPATH\CodeIgniter.php(349): CodeIgniter\CodeIgniter->handleRequest(null, Object(Config\Cache), false)
 9 FCPATH\index.php(55): CodeIgniter\CodeIgniter->run()
CRITICAL - 2022-07-19 23:06:48 --> Undefined index: name
in APPPATH\Views\admin\pages\subcategory.php on line 60.
 1 APPPATH\Views\admin\pages\subcategory.php(60): CodeIgniter\Debug\Exceptions->errorHandler(8, 'Undefined index: name', 'APPPATH\\Views\\admin\\pages\\subcategory.php', 60, [...])
 2 SYSTEMPATH\View\View.php(213): include('APPPATH\\Views\\admin\\pages\\subcategory.php')
 3 SYSTEMPATH\View\View.php(216): CodeIgniter\View\View->CodeIgniter\View\{closure}()
 4 SYSTEMPATH\Common.php(1135): CodeIgniter\View\View->render('admin/pages/subcategory', [], true)
 5 APPPATH\Controllers\Admin.php(207): view('admin/pages/subcategory', [...])
 6 SYSTEMPATH\CodeIgniter.php(896): App\Controllers\Admin->subcategory()
 7 SYSTEMPATH\CodeIgniter.php(466): CodeIgniter\CodeIgniter->runController(Object(App\Controllers\Admin))
 8 SYSTEMPATH\CodeIgniter.php(349): CodeIgniter\CodeIgniter->handleRequest(null, Object(Config\Cache), false)
 9 FCPATH\index.php(55): CodeIgniter\CodeIgniter->run()
CRITICAL - 2022-07-19 23:07:23 --> Array to string conversion
in APPPATH\Views\admin\pages\subcategory.php on line 86.
 1 APPPATH\Views\admin\pages\subcategory.php(86): CodeIgniter\Debug\Exceptions->errorHandler(8, 'Array to string conversion', 'APPPATH\\Views\\admin\\pages\\subcategory.php', 86, [...])
 2 SYSTEMPATH\View\View.php(213): include('APPPATH\\Views\\admin\\pages\\subcategory.php')
 3 SYSTEMPATH\View\View.php(216): CodeIgniter\View\View->CodeIgniter\View\{closure}()
 4 SYSTEMPATH\Common.php(1135): CodeIgniter\View\View->render('admin/pages/subcategory', [], true)
 5 APPPATH\Controllers\Admin.php(207): view('admin/pages/subcategory', [...])
 6 SYSTEMPATH\CodeIgniter.php(896): App\Controllers\Admin->subcategory()
 7 SYSTEMPATH\CodeIgniter.php(466): CodeIgniter\CodeIgniter->runController(Object(App\Controllers\Admin))
 8 SYSTEMPATH\CodeIgniter.php(349): CodeIgniter\CodeIgniter->handleRequest(null, Object(Config\Cache), false)
 9 FCPATH\index.php(55): CodeIgniter\CodeIgniter->run()
CRITICAL - 2022-07-19 23:09:17 --> Undefined variable: category
in APPPATH\Views\admin\pages\subcategory.php on line 86.
 1 APPPATH\Views\admin\pages\subcategory.php(86): CodeIgniter\Debug\Exceptions->errorHandler(8, 'Undefined variable: category', 'APPPATH\\Views\\admin\\pages\\subcategory.php', 86, [...])
 2 SYSTEMPATH\View\View.php(213): include('APPPATH\\Views\\admin\\pages\\subcategory.php')
 3 SYSTEMPATH\View\View.php(216): CodeIgniter\View\View->CodeIgniter\View\{closure}()
 4 SYSTEMPATH\Common.php(1135): CodeIgniter\View\View->render('admin/pages/subcategory', [], true)
 5 APPPATH\Controllers\Admin.php(207): view('admin/pages/subcategory', [...])
 6 SYSTEMPATH\CodeIgniter.php(896): App\Controllers\Admin->subcategory()
 7 SYSTEMPATH\CodeIgniter.php(466): CodeIgniter\CodeIgniter->runController(Object(App\Controllers\Admin))
 8 SYSTEMPATH\CodeIgniter.php(349): CodeIgniter\CodeIgniter->handleRequest(null, Object(Config\Cache), false)
 9 FCPATH\index.php(55): CodeIgniter\CodeIgniter->run()
CRITICAL - 2022-07-19 23:09:50 --> Undefined index: name
in APPPATH\Views\admin\pages\subcategory.php on line 87.
 1 APPPATH\Views\admin\pages\subcategory.php(87): CodeIgniter\Debug\Exceptions->errorHandler(8, 'Undefined index: name', 'APPPATH\\Views\\admin\\pages\\subcategory.php', 87, [...])
 2 SYSTEMPATH\View\View.php(213): include('APPPATH\\Views\\admin\\pages\\subcategory.php')
 3 SYSTEMPATH\View\View.php(216): CodeIgniter\View\View->CodeIgniter\View\{closure}()
 4 SYSTEMPATH\Common.php(1135): CodeIgniter\View\View->render('admin/pages/subcategory', [], true)
 5 APPPATH\Controllers\Admin.php(207): view('admin/pages/subcategory', [...])
 6 SYSTEMPATH\CodeIgniter.php(896): App\Controllers\Admin->subcategory()
 7 SYSTEMPATH\CodeIgniter.php(466): CodeIgniter\CodeIgniter->runController(Object(App\Controllers\Admin))
 8 SYSTEMPATH\CodeIgniter.php(349): CodeIgniter\CodeIgniter->handleRequest(null, Object(Config\Cache), false)
 9 FCPATH\index.php(55): CodeIgniter\CodeIgniter->run()
