CRITICAL - 2022-07-18 02:11:06 --> include(check_session.php): failed to open stream: No such file or directory
in APPPATH\Views\admin\template\default.php on line 42.
 1 APPPATH\Views\admin\template\default.php(42): CodeIgniter\Debug\Exceptions->errorHandler(2, 'include(check_session.php): failed to open stream: No such file or directory', 'APPPATH\\Views\\admin\\template\\default.php', 42, [])
 2 APPPATH\Views\admin\template\default.php(42): include()
 3 SYSTEMPATH\View\View.php(213): include('APPPATH\\Views\\admin\\template\\default.php')
 4 SYSTEMPATH\View\View.php(216): CodeIgniter\View\View->CodeIgniter\View\{closure}()
 5 SYSTEMPATH\View\View.php(229): CodeIgniter\View\View->render('admin/template/default', [], true)
 6 SYSTEMPATH\Common.php(1135): CodeIgniter\View\View->render('admin/pages/index', [], true)
 7 APPPATH\Controllers\Admin.php(14): view('admin/pages/index')
 8 SYSTEMPATH\CodeIgniter.php(896): App\Controllers\Admin->index()
 9 SYSTEMPATH\CodeIgniter.php(466): CodeIgniter\CodeIgniter->runController(Object(App\Controllers\Admin))
10 SYSTEMPATH\CodeIgniter.php(349): CodeIgniter\CodeIgniter->handleRequest(null, Object(Config\Cache), false)
11 FCPATH\index.php(55): CodeIgniter\CodeIgniter->run()
CRITICAL - 2022-07-18 02:12:00 --> include(check_session.php): failed to open stream: No such file or directory
in APPPATH\Views\admin\template\default.php on line 42.
 1 APPPATH\Views\admin\template\default.php(42): CodeIgniter\Debug\Exceptions->errorHandler(2, 'include(check_session.php): failed to open stream: No such file or directory', 'APPPATH\\Views\\admin\\template\\default.php', 42, [])
 2 APPPATH\Views\admin\template\default.php(42): include()
 3 SYSTEMPATH\View\View.php(213): include('APPPATH\\Views\\admin\\template\\default.php')
 4 SYSTEMPATH\View\View.php(216): CodeIgniter\View\View->CodeIgniter\View\{closure}()
 5 SYSTEMPATH\View\View.php(229): CodeIgniter\View\View->render('admin/template/default', [], true)
 6 SYSTEMPATH\Common.php(1135): CodeIgniter\View\View->render('admin/pages/index', [], true)
 7 APPPATH\Controllers\Admin.php(14): view('admin/pages/index')
 8 SYSTEMPATH\CodeIgniter.php(896): App\Controllers\Admin->index()
 9 SYSTEMPATH\CodeIgniter.php(466): CodeIgniter\CodeIgniter->runController(Object(App\Controllers\Admin))
10 SYSTEMPATH\CodeIgniter.php(349): CodeIgniter\CodeIgniter->handleRequest(null, Object(Config\Cache), false)
11 FCPATH\index.php(55): CodeIgniter\CodeIgniter->run()
CRITICAL - 2022-07-18 02:12:05 --> include(check_session.php): failed to open stream: No such file or directory
in APPPATH\Views\admin\template\default.php on line 42.
 1 APPPATH\Views\admin\template\default.php(42): CodeIgniter\Debug\Exceptions->errorHandler(2, 'include(check_session.php): failed to open stream: No such file or directory', 'APPPATH\\Views\\admin\\template\\default.php', 42, [])
 2 APPPATH\Views\admin\template\default.php(42): include()
 3 SYSTEMPATH\View\View.php(213): include('APPPATH\\Views\\admin\\template\\default.php')
 4 SYSTEMPATH\View\View.php(216): CodeIgniter\View\View->CodeIgniter\View\{closure}()
 5 SYSTEMPATH\View\View.php(229): CodeIgniter\View\View->render('admin/template/default', [], true)
 6 SYSTEMPATH\Common.php(1135): CodeIgniter\View\View->render('admin/pages/index', [], true)
 7 APPPATH\Controllers\Admin.php(14): view('admin/pages/index')
 8 SYSTEMPATH\CodeIgniter.php(896): App\Controllers\Admin->index()
 9 SYSTEMPATH\CodeIgniter.php(466): CodeIgniter\CodeIgniter->runController(Object(App\Controllers\Admin))
10 SYSTEMPATH\CodeIgniter.php(349): CodeIgniter\CodeIgniter->handleRequest(null, Object(Config\Cache), false)
11 FCPATH\index.php(55): CodeIgniter\CodeIgniter->run()
CRITICAL - 2022-07-18 02:12:39 --> include(check_session.php): failed to open stream: No such file or directory
in APPPATH\Views\admin\template\default.php on line 42.
 1 APPPATH\Views\admin\template\default.php(42): CodeIgniter\Debug\Exceptions->errorHandler(2, 'include(check_session.php): failed to open stream: No such file or directory', 'APPPATH\\Views\\admin\\template\\default.php', 42, [])
 2 APPPATH\Views\admin\template\default.php(42): include()
 3 SYSTEMPATH\View\View.php(213): include('APPPATH\\Views\\admin\\template\\default.php')
 4 SYSTEMPATH\View\View.php(216): CodeIgniter\View\View->CodeIgniter\View\{closure}()
 5 SYSTEMPATH\View\View.php(229): CodeIgniter\View\View->render('admin/template/default', [], true)
 6 SYSTEMPATH\Common.php(1135): CodeIgniter\View\View->render('admin/pages/index', [], true)
 7 APPPATH\Controllers\Admin.php(14): view('admin/pages/index')
 8 SYSTEMPATH\CodeIgniter.php(896): App\Controllers\Admin->index()
 9 SYSTEMPATH\CodeIgniter.php(466): CodeIgniter\CodeIgniter->runController(Object(App\Controllers\Admin))
10 SYSTEMPATH\CodeIgniter.php(349): CodeIgniter\CodeIgniter->handleRequest(null, Object(Config\Cache), false)
11 FCPATH\index.php(55): CodeIgniter\CodeIgniter->run()
CRITICAL - 2022-07-18 02:12:40 --> include(check_session.php): failed to open stream: No such file or directory
in APPPATH\Views\admin\template\default.php on line 42.
 1 APPPATH\Views\admin\template\default.php(42): CodeIgniter\Debug\Exceptions->errorHandler(2, 'include(check_session.php): failed to open stream: No such file or directory', 'APPPATH\\Views\\admin\\template\\default.php', 42, [])
 2 APPPATH\Views\admin\template\default.php(42): include()
 3 SYSTEMPATH\View\View.php(213): include('APPPATH\\Views\\admin\\template\\default.php')
 4 SYSTEMPATH\View\View.php(216): CodeIgniter\View\View->CodeIgniter\View\{closure}()
 5 SYSTEMPATH\View\View.php(229): CodeIgniter\View\View->render('admin/template/default', [], true)
 6 SYSTEMPATH\Common.php(1135): CodeIgniter\View\View->render('admin/pages/index', [], true)
 7 APPPATH\Controllers\Admin.php(14): view('admin/pages/index')
 8 SYSTEMPATH\CodeIgniter.php(896): App\Controllers\Admin->index()
 9 SYSTEMPATH\CodeIgniter.php(466): CodeIgniter\CodeIgniter->runController(Object(App\Controllers\Admin))
10 SYSTEMPATH\CodeIgniter.php(349): CodeIgniter\CodeIgniter->handleRequest(null, Object(Config\Cache), false)
11 FCPATH\index.php(55): CodeIgniter\CodeIgniter->run()
CRITICAL - 2022-07-18 02:12:40 --> include(check_session.php): failed to open stream: No such file or directory
in APPPATH\Views\admin\template\default.php on line 42.
 1 APPPATH\Views\admin\template\default.php(42): CodeIgniter\Debug\Exceptions->errorHandler(2, 'include(check_session.php): failed to open stream: No such file or directory', 'APPPATH\\Views\\admin\\template\\default.php', 42, [])
 2 APPPATH\Views\admin\template\default.php(42): include()
 3 SYSTEMPATH\View\View.php(213): include('APPPATH\\Views\\admin\\template\\default.php')
 4 SYSTEMPATH\View\View.php(216): CodeIgniter\View\View->CodeIgniter\View\{closure}()
 5 SYSTEMPATH\View\View.php(229): CodeIgniter\View\View->render('admin/template/default', [], true)
 6 SYSTEMPATH\Common.php(1135): CodeIgniter\View\View->render('admin/pages/index', [], true)
 7 APPPATH\Controllers\Admin.php(14): view('admin/pages/index')
 8 SYSTEMPATH\CodeIgniter.php(896): App\Controllers\Admin->index()
 9 SYSTEMPATH\CodeIgniter.php(466): CodeIgniter\CodeIgniter->runController(Object(App\Controllers\Admin))
10 SYSTEMPATH\CodeIgniter.php(349): CodeIgniter\CodeIgniter->handleRequest(null, Object(Config\Cache), false)
11 FCPATH\index.php(55): CodeIgniter\CodeIgniter->run()
CRITICAL - 2022-07-18 02:12:40 --> include(check_session.php): failed to open stream: No such file or directory
in APPPATH\Views\admin\template\default.php on line 42.
 1 APPPATH\Views\admin\template\default.php(42): CodeIgniter\Debug\Exceptions->errorHandler(2, 'include(check_session.php): failed to open stream: No such file or directory', 'APPPATH\\Views\\admin\\template\\default.php', 42, [])
 2 APPPATH\Views\admin\template\default.php(42): include()
 3 SYSTEMPATH\View\View.php(213): include('APPPATH\\Views\\admin\\template\\default.php')
 4 SYSTEMPATH\View\View.php(216): CodeIgniter\View\View->CodeIgniter\View\{closure}()
 5 SYSTEMPATH\View\View.php(229): CodeIgniter\View\View->render('admin/template/default', [], true)
 6 SYSTEMPATH\Common.php(1135): CodeIgniter\View\View->render('admin/pages/index', [], true)
 7 APPPATH\Controllers\Admin.php(14): view('admin/pages/index')
 8 SYSTEMPATH\CodeIgniter.php(896): App\Controllers\Admin->index()
 9 SYSTEMPATH\CodeIgniter.php(466): CodeIgniter\CodeIgniter->runController(Object(App\Controllers\Admin))
10 SYSTEMPATH\CodeIgniter.php(349): CodeIgniter\CodeIgniter->handleRequest(null, Object(Config\Cache), false)
11 FCPATH\index.php(55): CodeIgniter\CodeIgniter->run()
CRITICAL - 2022-07-18 02:12:40 --> include(check_session.php): failed to open stream: No such file or directory
in APPPATH\Views\admin\template\default.php on line 42.
 1 APPPATH\Views\admin\template\default.php(42): CodeIgniter\Debug\Exceptions->errorHandler(2, 'include(check_session.php): failed to open stream: No such file or directory', 'APPPATH\\Views\\admin\\template\\default.php', 42, [])
 2 APPPATH\Views\admin\template\default.php(42): include()
 3 SYSTEMPATH\View\View.php(213): include('APPPATH\\Views\\admin\\template\\default.php')
 4 SYSTEMPATH\View\View.php(216): CodeIgniter\View\View->CodeIgniter\View\{closure}()
 5 SYSTEMPATH\View\View.php(229): CodeIgniter\View\View->render('admin/template/default', [], true)
 6 SYSTEMPATH\Common.php(1135): CodeIgniter\View\View->render('admin/pages/index', [], true)
 7 APPPATH\Controllers\Admin.php(14): view('admin/pages/index')
 8 SYSTEMPATH\CodeIgniter.php(896): App\Controllers\Admin->index()
 9 SYSTEMPATH\CodeIgniter.php(466): CodeIgniter\CodeIgniter->runController(Object(App\Controllers\Admin))
10 SYSTEMPATH\CodeIgniter.php(349): CodeIgniter\CodeIgniter->handleRequest(null, Object(Config\Cache), false)
11 FCPATH\index.php(55): CodeIgniter\CodeIgniter->run()
CRITICAL - 2022-07-18 02:12:41 --> include(check_session.php): failed to open stream: No such file or directory
in APPPATH\Views\admin\template\default.php on line 42.
 1 APPPATH\Views\admin\template\default.php(42): CodeIgniter\Debug\Exceptions->errorHandler(2, 'include(check_session.php): failed to open stream: No such file or directory', 'APPPATH\\Views\\admin\\template\\default.php', 42, [])
 2 APPPATH\Views\admin\template\default.php(42): include()
 3 SYSTEMPATH\View\View.php(213): include('APPPATH\\Views\\admin\\template\\default.php')
 4 SYSTEMPATH\View\View.php(216): CodeIgniter\View\View->CodeIgniter\View\{closure}()
 5 SYSTEMPATH\View\View.php(229): CodeIgniter\View\View->render('admin/template/default', [], true)
 6 SYSTEMPATH\Common.php(1135): CodeIgniter\View\View->render('admin/pages/index', [], true)
 7 APPPATH\Controllers\Admin.php(14): view('admin/pages/index')
 8 SYSTEMPATH\CodeIgniter.php(896): App\Controllers\Admin->index()
 9 SYSTEMPATH\CodeIgniter.php(466): CodeIgniter\CodeIgniter->runController(Object(App\Controllers\Admin))
10 SYSTEMPATH\CodeIgniter.php(349): CodeIgniter\CodeIgniter->handleRequest(null, Object(Config\Cache), false)
11 FCPATH\index.php(55): CodeIgniter\CodeIgniter->run()
CRITICAL - 2022-07-18 02:12:41 --> include(check_session.php): failed to open stream: No such file or directory
in APPPATH\Views\admin\template\default.php on line 42.
 1 APPPATH\Views\admin\template\default.php(42): CodeIgniter\Debug\Exceptions->errorHandler(2, 'include(check_session.php): failed to open stream: No such file or directory', 'APPPATH\\Views\\admin\\template\\default.php', 42, [])
 2 APPPATH\Views\admin\template\default.php(42): include()
 3 SYSTEMPATH\View\View.php(213): include('APPPATH\\Views\\admin\\template\\default.php')
 4 SYSTEMPATH\View\View.php(216): CodeIgniter\View\View->CodeIgniter\View\{closure}()
 5 SYSTEMPATH\View\View.php(229): CodeIgniter\View\View->render('admin/template/default', [], true)
 6 SYSTEMPATH\Common.php(1135): CodeIgniter\View\View->render('admin/pages/index', [], true)
 7 APPPATH\Controllers\Admin.php(14): view('admin/pages/index')
 8 SYSTEMPATH\CodeIgniter.php(896): App\Controllers\Admin->index()
 9 SYSTEMPATH\CodeIgniter.php(466): CodeIgniter\CodeIgniter->runController(Object(App\Controllers\Admin))
10 SYSTEMPATH\CodeIgniter.php(349): CodeIgniter\CodeIgniter->handleRequest(null, Object(Config\Cache), false)
11 FCPATH\index.php(55): CodeIgniter\CodeIgniter->run()
CRITICAL - 2022-07-18 02:12:41 --> include(check_session.php): failed to open stream: No such file or directory
in APPPATH\Views\admin\template\default.php on line 42.
 1 APPPATH\Views\admin\template\default.php(42): CodeIgniter\Debug\Exceptions->errorHandler(2, 'include(check_session.php): failed to open stream: No such file or directory', 'APPPATH\\Views\\admin\\template\\default.php', 42, [])
 2 APPPATH\Views\admin\template\default.php(42): include()
 3 SYSTEMPATH\View\View.php(213): include('APPPATH\\Views\\admin\\template\\default.php')
 4 SYSTEMPATH\View\View.php(216): CodeIgniter\View\View->CodeIgniter\View\{closure}()
 5 SYSTEMPATH\View\View.php(229): CodeIgniter\View\View->render('admin/template/default', [], true)
 6 SYSTEMPATH\Common.php(1135): CodeIgniter\View\View->render('admin/pages/index', [], true)
 7 APPPATH\Controllers\Admin.php(14): view('admin/pages/index')
 8 SYSTEMPATH\CodeIgniter.php(896): App\Controllers\Admin->index()
 9 SYSTEMPATH\CodeIgniter.php(466): CodeIgniter\CodeIgniter->runController(Object(App\Controllers\Admin))
10 SYSTEMPATH\CodeIgniter.php(349): CodeIgniter\CodeIgniter->handleRequest(null, Object(Config\Cache), false)
11 FCPATH\index.php(55): CodeIgniter\CodeIgniter->run()
CRITICAL - 2022-07-18 02:12:41 --> include(check_session.php): failed to open stream: No such file or directory
in APPPATH\Views\admin\template\default.php on line 42.
 1 APPPATH\Views\admin\template\default.php(42): CodeIgniter\Debug\Exceptions->errorHandler(2, 'include(check_session.php): failed to open stream: No such file or directory', 'APPPATH\\Views\\admin\\template\\default.php', 42, [])
 2 APPPATH\Views\admin\template\default.php(42): include()
 3 SYSTEMPATH\View\View.php(213): include('APPPATH\\Views\\admin\\template\\default.php')
 4 SYSTEMPATH\View\View.php(216): CodeIgniter\View\View->CodeIgniter\View\{closure}()
 5 SYSTEMPATH\View\View.php(229): CodeIgniter\View\View->render('admin/template/default', [], true)
 6 SYSTEMPATH\Common.php(1135): CodeIgniter\View\View->render('admin/pages/index', [], true)
 7 APPPATH\Controllers\Admin.php(14): view('admin/pages/index')
 8 SYSTEMPATH\CodeIgniter.php(896): App\Controllers\Admin->index()
 9 SYSTEMPATH\CodeIgniter.php(466): CodeIgniter\CodeIgniter->runController(Object(App\Controllers\Admin))
10 SYSTEMPATH\CodeIgniter.php(349): CodeIgniter\CodeIgniter->handleRequest(null, Object(Config\Cache), false)
11 FCPATH\index.php(55): CodeIgniter\CodeIgniter->run()
CRITICAL - 2022-07-18 02:12:41 --> include(check_session.php): failed to open stream: No such file or directory
in APPPATH\Views\admin\template\default.php on line 42.
 1 APPPATH\Views\admin\template\default.php(42): CodeIgniter\Debug\Exceptions->errorHandler(2, 'include(check_session.php): failed to open stream: No such file or directory', 'APPPATH\\Views\\admin\\template\\default.php', 42, [])
 2 APPPATH\Views\admin\template\default.php(42): include()
 3 SYSTEMPATH\View\View.php(213): include('APPPATH\\Views\\admin\\template\\default.php')
 4 SYSTEMPATH\View\View.php(216): CodeIgniter\View\View->CodeIgniter\View\{closure}()
 5 SYSTEMPATH\View\View.php(229): CodeIgniter\View\View->render('admin/template/default', [], true)
 6 SYSTEMPATH\Common.php(1135): CodeIgniter\View\View->render('admin/pages/index', [], true)
 7 APPPATH\Controllers\Admin.php(14): view('admin/pages/index')
 8 SYSTEMPATH\CodeIgniter.php(896): App\Controllers\Admin->index()
 9 SYSTEMPATH\CodeIgniter.php(466): CodeIgniter\CodeIgniter->runController(Object(App\Controllers\Admin))
10 SYSTEMPATH\CodeIgniter.php(349): CodeIgniter\CodeIgniter->handleRequest(null, Object(Config\Cache), false)
11 FCPATH\index.php(55): CodeIgniter\CodeIgniter->run()
CRITICAL - 2022-07-18 02:15:35 --> include(checksession.php): failed to open stream: No such file or directory
in APPPATH\Views\admin\template\default.php on line 42.
 1 APPPATH\Views\admin\template\default.php(42): CodeIgniter\Debug\Exceptions->errorHandler(2, 'include(checksession.php): failed to open stream: No such file or directory', 'APPPATH\\Views\\admin\\template\\default.php', 42, [])
 2 APPPATH\Views\admin\template\default.php(42): include()
 3 SYSTEMPATH\View\View.php(213): include('APPPATH\\Views\\admin\\template\\default.php')
 4 SYSTEMPATH\View\View.php(216): CodeIgniter\View\View->CodeIgniter\View\{closure}()
 5 SYSTEMPATH\View\View.php(229): CodeIgniter\View\View->render('admin/template/default', [], true)
 6 SYSTEMPATH\Common.php(1135): CodeIgniter\View\View->render('admin/pages/index', [], true)
 7 APPPATH\Controllers\Admin.php(14): view('admin/pages/index')
 8 SYSTEMPATH\CodeIgniter.php(896): App\Controllers\Admin->index()
 9 SYSTEMPATH\CodeIgniter.php(466): CodeIgniter\CodeIgniter->runController(Object(App\Controllers\Admin))
10 SYSTEMPATH\CodeIgniter.php(349): CodeIgniter\CodeIgniter->handleRequest(null, Object(Config\Cache), false)
11 FCPATH\index.php(55): CodeIgniter\CodeIgniter->run()
CRITICAL - 2022-07-18 02:15:42 --> include(checksession.php): failed to open stream: No such file or directory
in APPPATH\Views\admin\template\default.php on line 42.
 1 APPPATH\Views\admin\template\default.php(42): CodeIgniter\Debug\Exceptions->errorHandler(2, 'include(checksession.php): failed to open stream: No such file or directory', 'APPPATH\\Views\\admin\\template\\default.php', 42, [])
 2 APPPATH\Views\admin\template\default.php(42): include()
 3 SYSTEMPATH\View\View.php(213): include('APPPATH\\Views\\admin\\template\\default.php')
 4 SYSTEMPATH\View\View.php(216): CodeIgniter\View\View->CodeIgniter\View\{closure}()
 5 SYSTEMPATH\View\View.php(229): CodeIgniter\View\View->render('admin/template/default', [], true)
 6 SYSTEMPATH\Common.php(1135): CodeIgniter\View\View->render('admin/pages/index', [], true)
 7 APPPATH\Controllers\Admin.php(14): view('admin/pages/index')
 8 SYSTEMPATH\CodeIgniter.php(896): App\Controllers\Admin->index()
 9 SYSTEMPATH\CodeIgniter.php(466): CodeIgniter\CodeIgniter->runController(Object(App\Controllers\Admin))
10 SYSTEMPATH\CodeIgniter.php(349): CodeIgniter\CodeIgniter->handleRequest(null, Object(Config\Cache), false)
11 FCPATH\index.php(55): CodeIgniter\CodeIgniter->run()
CRITICAL - 2022-07-18 02:16:17 --> include(check_session.php): failed to open stream: No such file or directory
in APPPATH\Views\admin\pages\charts-chartjs.php on line 42.
 1 APPPATH\Views\admin\pages\charts-chartjs.php(42): CodeIgniter\Debug\Exceptions->errorHandler(2, 'include(check_session.php): failed to open stream: No such file or directory', 'APPPATH\\Views\\admin\\pages\\charts-chartjs.php', 42, [])
 2 APPPATH\Views\admin\pages\charts-chartjs.php(42): include()
 3 SYSTEMPATH\View\View.php(213): include('APPPATH\\Views\\admin\\pages\\charts-chartjs.php')
 4 SYSTEMPATH\View\View.php(216): CodeIgniter\View\View->CodeIgniter\View\{closure}()
 5 SYSTEMPATH\Common.php(1135): CodeIgniter\View\View->render('admin/pages/charts-chartjs', [], true)
 6 APPPATH\Controllers\Admin.php(29): view('admin/pages/charts-chartjs')
 7 SYSTEMPATH\CodeIgniter.php(896): App\Controllers\Admin->chartjs()
 8 SYSTEMPATH\CodeIgniter.php(466): CodeIgniter\CodeIgniter->runController(Object(App\Controllers\Admin))
 9 SYSTEMPATH\CodeIgniter.php(349): CodeIgniter\CodeIgniter->handleRequest(null, Object(Config\Cache), false)
10 FCPATH\index.php(55): CodeIgniter\CodeIgniter->run()
CRITICAL - 2022-07-18 02:45:46 --> include(checksession.php): failed to open stream: No such file or directory
in APPPATH\Views\admin\template\default.php on line 42.
 1 APPPATH\Views\admin\template\default.php(42): CodeIgniter\Debug\Exceptions->errorHandler(2, 'include(checksession.php): failed to open stream: No such file or directory', 'APPPATH\\Views\\admin\\template\\default.php', 42, [])
 2 APPPATH\Views\admin\template\default.php(42): include()
 3 SYSTEMPATH\View\View.php(213): include('APPPATH\\Views\\admin\\template\\default.php')
 4 SYSTEMPATH\View\View.php(216): CodeIgniter\View\View->CodeIgniter\View\{closure}()
 5 SYSTEMPATH\View\View.php(229): CodeIgniter\View\View->render('admin/template/default', [], true)
 6 SYSTEMPATH\Common.php(1135): CodeIgniter\View\View->render('admin/pages/index', [], true)
 7 APPPATH\Controllers\Admin.php(14): view('admin/pages/index')
 8 SYSTEMPATH\CodeIgniter.php(896): App\Controllers\Admin->index()
 9 SYSTEMPATH\CodeIgniter.php(466): CodeIgniter\CodeIgniter->runController(Object(App\Controllers\Admin))
10 SYSTEMPATH\CodeIgniter.php(349): CodeIgniter\CodeIgniter->handleRequest(null, Object(Config\Cache), false)
11 FCPATH\index.php(55): CodeIgniter\CodeIgniter->run()
CRITICAL - 2022-07-18 02:45:50 --> include(checksession.php): failed to open stream: No such file or directory
in APPPATH\Views\admin\template\default.php on line 42.
 1 APPPATH\Views\admin\template\default.php(42): CodeIgniter\Debug\Exceptions->errorHandler(2, 'include(checksession.php): failed to open stream: No such file or directory', 'APPPATH\\Views\\admin\\template\\default.php', 42, [])
 2 APPPATH\Views\admin\template\default.php(42): include()
 3 SYSTEMPATH\View\View.php(213): include('APPPATH\\Views\\admin\\template\\default.php')
 4 SYSTEMPATH\View\View.php(216): CodeIgniter\View\View->CodeIgniter\View\{closure}()
 5 SYSTEMPATH\View\View.php(229): CodeIgniter\View\View->render('admin/template/default', [], true)
 6 SYSTEMPATH\Common.php(1135): CodeIgniter\View\View->render('admin/pages/index', [], true)
 7 APPPATH\Controllers\Admin.php(14): view('admin/pages/index')
 8 SYSTEMPATH\CodeIgniter.php(896): App\Controllers\Admin->index()
 9 SYSTEMPATH\CodeIgniter.php(466): CodeIgniter\CodeIgniter->runController(Object(App\Controllers\Admin))
10 SYSTEMPATH\CodeIgniter.php(349): CodeIgniter\CodeIgniter->handleRequest(null, Object(Config\Cache), false)
11 FCPATH\index.php(55): CodeIgniter\CodeIgniter->run()
CRITICAL - 2022-07-18 02:45:58 --> include(checksession.php): failed to open stream: No such file or directory
in APPPATH\Views\admin\template\default.php on line 42.
 1 APPPATH\Views\admin\template\default.php(42): CodeIgniter\Debug\Exceptions->errorHandler(2, 'include(checksession.php): failed to open stream: No such file or directory', 'APPPATH\\Views\\admin\\template\\default.php', 42, [])
 2 APPPATH\Views\admin\template\default.php(42): include()
 3 SYSTEMPATH\View\View.php(213): include('APPPATH\\Views\\admin\\template\\default.php')
 4 SYSTEMPATH\View\View.php(216): CodeIgniter\View\View->CodeIgniter\View\{closure}()
 5 SYSTEMPATH\View\View.php(229): CodeIgniter\View\View->render('admin/template/default', [], true)
 6 SYSTEMPATH\Common.php(1135): CodeIgniter\View\View->render('admin/pages/index', [], true)
 7 APPPATH\Controllers\Admin.php(14): view('admin/pages/index')
 8 SYSTEMPATH\CodeIgniter.php(896): App\Controllers\Admin->index()
 9 SYSTEMPATH\CodeIgniter.php(466): CodeIgniter\CodeIgniter->runController(Object(App\Controllers\Admin))
10 SYSTEMPATH\CodeIgniter.php(349): CodeIgniter\CodeIgniter->handleRequest(null, Object(Config\Cache), false)
11 FCPATH\index.php(55): CodeIgniter\CodeIgniter->run()
CRITICAL - 2022-07-18 02:46:48 --> include(check_session.php): failed to open stream: No such file or directory
in APPPATH\Views\admin\pages\charts-chartjs.php on line 42.
 1 APPPATH\Views\admin\pages\charts-chartjs.php(42): CodeIgniter\Debug\Exceptions->errorHandler(2, 'include(check_session.php): failed to open stream: No such file or directory', 'APPPATH\\Views\\admin\\pages\\charts-chartjs.php', 42, [])
 2 APPPATH\Views\admin\pages\charts-chartjs.php(42): include()
 3 SYSTEMPATH\View\View.php(213): include('APPPATH\\Views\\admin\\pages\\charts-chartjs.php')
 4 SYSTEMPATH\View\View.php(216): CodeIgniter\View\View->CodeIgniter\View\{closure}()
 5 SYSTEMPATH\Common.php(1135): CodeIgniter\View\View->render('admin/pages/charts-chartjs', [], true)
 6 APPPATH\Controllers\Admin.php(29): view('admin/pages/charts-chartjs')
 7 SYSTEMPATH\CodeIgniter.php(896): App\Controllers\Admin->chartjs()
 8 SYSTEMPATH\CodeIgniter.php(466): CodeIgniter\CodeIgniter->runController(Object(App\Controllers\Admin))
 9 SYSTEMPATH\CodeIgniter.php(349): CodeIgniter\CodeIgniter->handleRequest(null, Object(Config\Cache), false)
10 FCPATH\index.php(55): CodeIgniter\CodeIgniter->run()
CRITICAL - 2022-07-18 03:08:55 --> include(check_session.php): failed to open stream: No such file or directory
in APPPATH\Views\admin\template\default.php on line 42.
 1 APPPATH\Views\admin\template\default.php(42): CodeIgniter\Debug\Exceptions->errorHandler(2, 'include(check_session.php): failed to open stream: No such file or directory', 'APPPATH\\Views\\admin\\template\\default.php', 42, [])
 2 APPPATH\Views\admin\template\default.php(42): include()
 3 SYSTEMPATH\View\View.php(213): include('APPPATH\\Views\\admin\\template\\default.php')
 4 SYSTEMPATH\View\View.php(216): CodeIgniter\View\View->CodeIgniter\View\{closure}()
 5 SYSTEMPATH\View\View.php(229): CodeIgniter\View\View->render('admin/template/default', [], true)
 6 SYSTEMPATH\Common.php(1135): CodeIgniter\View\View->render('admin/pages/index', [], true)
 7 APPPATH\Controllers\Admin.php(14): view('admin/pages/index')
 8 SYSTEMPATH\CodeIgniter.php(896): App\Controllers\Admin->index()
 9 SYSTEMPATH\CodeIgniter.php(466): CodeIgniter\CodeIgniter->runController(Object(App\Controllers\Admin))
10 SYSTEMPATH\CodeIgniter.php(349): CodeIgniter\CodeIgniter->handleRequest(null, Object(Config\Cache), false)
11 FCPATH\index.php(55): CodeIgniter\CodeIgniter->run()
CRITICAL - 2022-07-18 03:35:30 --> Invalid file: admin/pages/froms-elements.php
in SYSTEMPATH\Exceptions\FrameworkException.php on line 33.
 1 SYSTEMPATH\View\View.php(201): CodeIgniter\Exceptions\FrameworkException::forInvalidFile('admin/pages/froms-elements.php')
 2 SYSTEMPATH\Common.php(1135): CodeIgniter\View\View->render('admin/pages/froms-elements', [], true)
 3 APPPATH\Controllers\Admin.php(112): view('admin/pages/froms-elements')
 4 SYSTEMPATH\CodeIgniter.php(896): App\Controllers\Admin->elements()
 5 SYSTEMPATH\CodeIgniter.php(466): CodeIgniter\CodeIgniter->runController(Object(App\Controllers\Admin))
 6 SYSTEMPATH\CodeIgniter.php(349): CodeIgniter\CodeIgniter->handleRequest(null, Object(Config\Cache), false)
 7 FCPATH\index.php(55): CodeIgniter\CodeIgniter->run()
CRITICAL - 2022-07-18 03:50:41 --> Undefined variable: _SESSION
in APPPATH\Views\admin\pages\display.php on line 108.
 1 APPPATH\Views\admin\pages\display.php(108): CodeIgniter\Debug\Exceptions->errorHandler(8, 'Undefined variable: _SESSION', 'APPPATH\\Views\\admin\\pages\\display.php', 108, [])
 2 SYSTEMPATH\View\View.php(213): include('APPPATH\\Views\\admin\\pages\\display.php')
 3 SYSTEMPATH\View\View.php(216): CodeIgniter\View\View->CodeIgniter\View\{closure}()
 4 SYSTEMPATH\Common.php(1135): CodeIgniter\View\View->render('admin/pages/display', [], true)
 5 APPPATH\Controllers\Admin.php(187): view('admin/pages/display')
 6 SYSTEMPATH\CodeIgniter.php(896): App\Controllers\Admin->display()
 7 SYSTEMPATH\CodeIgniter.php(466): CodeIgniter\CodeIgniter->runController(Object(App\Controllers\Admin))
 8 SYSTEMPATH\CodeIgniter.php(349): CodeIgniter\CodeIgniter->handleRequest(null, Object(Config\Cache), false)
 9 FCPATH\index.php(55): CodeIgniter\CodeIgniter->run()
CRITICAL - 2022-07-18 03:52:53 --> Undefined variable: result1
in APPPATH\Views\admin\pages\display.php on line 142.
 1 APPPATH\Views\admin\pages\display.php(142): CodeIgniter\Debug\Exceptions->errorHandler(8, 'Undefined variable: result1', 'APPPATH\\Views\\admin\\pages\\display.php', 142, [])
 2 SYSTEMPATH\View\View.php(213): include('APPPATH\\Views\\admin\\pages\\display.php')
 3 SYSTEMPATH\View\View.php(216): CodeIgniter\View\View->CodeIgniter\View\{closure}()
 4 SYSTEMPATH\Common.php(1135): CodeIgniter\View\View->render('admin/pages/display', [], true)
 5 APPPATH\Controllers\Admin.php(187): view('admin/pages/display')
 6 SYSTEMPATH\CodeIgniter.php(896): App\Controllers\Admin->display()
 7 SYSTEMPATH\CodeIgniter.php(466): CodeIgniter\CodeIgniter->runController(Object(App\Controllers\Admin))
 8 SYSTEMPATH\CodeIgniter.php(349): CodeIgniter\CodeIgniter->handleRequest(null, Object(Config\Cache), false)
 9 FCPATH\index.php(55): CodeIgniter\CodeIgniter->run()
CRITICAL - 2022-07-18 03:55:20 --> Undefined variable: page
in APPPATH\Views\admin\pages\display.php on line 180.
 1 APPPATH\Views\admin\pages\display.php(180): CodeIgniter\Debug\Exceptions->errorHandler(8, 'Undefined variable: page', 'APPPATH\\Views\\admin\\pages\\display.php', 180, [])
 2 SYSTEMPATH\View\View.php(213): include('APPPATH\\Views\\admin\\pages\\display.php')
 3 SYSTEMPATH\View\View.php(216): CodeIgniter\View\View->CodeIgniter\View\{closure}()
 4 SYSTEMPATH\Common.php(1135): CodeIgniter\View\View->render('admin/pages/display', [], true)
 5 APPPATH\Controllers\Admin.php(187): view('admin/pages/display')
 6 SYSTEMPATH\CodeIgniter.php(896): App\Controllers\Admin->display()
 7 SYSTEMPATH\CodeIgniter.php(466): CodeIgniter\CodeIgniter->runController(Object(App\Controllers\Admin))
 8 SYSTEMPATH\CodeIgniter.php(349): CodeIgniter\CodeIgniter->handleRequest(null, Object(Config\Cache), false)
 9 FCPATH\index.php(55): CodeIgniter\CodeIgniter->run()
CRITICAL - 2022-07-18 05:07:12 --> Class 'App\Models\CategoryModel' not found
in APPPATH\Controllers\Category.php on line 11.
 1 SYSTEMPATH\CodeIgniter.php(896): App\Controllers\Category->category()
 2 SYSTEMPATH\CodeIgniter.php(466): CodeIgniter\CodeIgniter->runController(Object(App\Controllers\Category))
 3 SYSTEMPATH\CodeIgniter.php(349): CodeIgniter\CodeIgniter->handleRequest(null, Object(Config\Cache), false)
 4 FCPATH\index.php(55): CodeIgniter\CodeIgniter->run()
CRITICAL - 2022-07-18 05:15:24 --> Class 'App\Controllers\App\Models\CategoryModel' not found
in APPPATH\Controllers\Category.php on line 12.
 1 SYSTEMPATH\CodeIgniter.php(896): App\Controllers\Category->category()
 2 SYSTEMPATH\CodeIgniter.php(466): CodeIgniter\CodeIgniter->runController(Object(App\Controllers\Category))
 3 SYSTEMPATH\CodeIgniter.php(349): CodeIgniter\CodeIgniter->handleRequest(null, Object(Config\Cache), false)
 4 FCPATH\index.php(55): CodeIgniter\CodeIgniter->run()
CRITICAL - 2022-07-18 05:15:37 --> Class 'App\Controllers\App\Models\CategoryModel' not found
in APPPATH\Controllers\Category.php on line 12.
 1 SYSTEMPATH\CodeIgniter.php(896): App\Controllers\Category->category()
 2 SYSTEMPATH\CodeIgniter.php(466): CodeIgniter\CodeIgniter->runController(Object(App\Controllers\Category))
 3 SYSTEMPATH\CodeIgniter.php(349): CodeIgniter\CodeIgniter->handleRequest(null, Object(Config\Cache), false)
 4 FCPATH\index.php(55): CodeIgniter\CodeIgniter->run()
CRITICAL - 2022-07-18 05:27:55 --> Class 'CategoryModel' not found
in APPPATH\Controllers\Category.php on line 13.
 1 SYSTEMPATH\CodeIgniter.php(896): App\Controllers\Category->category()
 2 SYSTEMPATH\CodeIgniter.php(466): CodeIgniter\CodeIgniter->runController(Object(App\Controllers\Category))
 3 SYSTEMPATH\CodeIgniter.php(349): CodeIgniter\CodeIgniter->handleRequest(null, Object(Config\Cache), false)
 4 FCPATH\index.php(55): CodeIgniter\CodeIgniter->run()
CRITICAL - 2022-07-18 05:39:50 --> Class 'App\Models\CategoryModel' not found
in APPPATH\Controllers\Category.php on line 15.
 1 SYSTEMPATH\CodeIgniter.php(896): App\Controllers\Category->category()
 2 SYSTEMPATH\CodeIgniter.php(466): CodeIgniter\CodeIgniter->runController(Object(App\Controllers\Category))
 3 SYSTEMPATH\CodeIgniter.php(349): CodeIgniter\CodeIgniter->handleRequest(null, Object(Config\Cache), false)
 4 FCPATH\index.php(55): CodeIgniter\CodeIgniter->run()
CRITICAL - 2022-07-18 05:44:26 --> There is no data to insert.
in SYSTEMPATH\BaseModel.php on line 718.
 1 SYSTEMPATH\BaseModel.php(718): CodeIgniter\Database\Exceptions\DataException::forEmptyDataset('insert')
 2 SYSTEMPATH\Model.php(666): CodeIgniter\BaseModel->insert([], true)
 3 APPPATH\Controllers\Category.php(16): CodeIgniter\Model->insert([...])
 4 SYSTEMPATH\CodeIgniter.php(896): App\Controllers\Category->category()
 5 SYSTEMPATH\CodeIgniter.php(466): CodeIgniter\CodeIgniter->runController(Object(App\Controllers\Category))
 6 SYSTEMPATH\CodeIgniter.php(349): CodeIgniter\CodeIgniter->handleRequest(null, Object(Config\Cache), false)
 7 FCPATH\index.php(55): CodeIgniter\CodeIgniter->run()
CRITICAL - 2022-07-18 05:44:35 --> There is no data to insert.
in SYSTEMPATH\BaseModel.php on line 718.
 1 SYSTEMPATH\BaseModel.php(718): CodeIgniter\Database\Exceptions\DataException::forEmptyDataset('insert')
 2 SYSTEMPATH\Model.php(666): CodeIgniter\BaseModel->insert([], true)
 3 APPPATH\Controllers\Category.php(16): CodeIgniter\Model->insert([...])
 4 SYSTEMPATH\CodeIgniter.php(896): App\Controllers\Category->category()
 5 SYSTEMPATH\CodeIgniter.php(466): CodeIgniter\CodeIgniter->runController(Object(App\Controllers\Category))
 6 SYSTEMPATH\CodeIgniter.php(349): CodeIgniter\CodeIgniter->handleRequest(null, Object(Config\Cache), false)
 7 FCPATH\index.php(55): CodeIgniter\CodeIgniter->run()
CRITICAL - 2022-07-18 05:49:20 --> There is no data to insert.
in SYSTEMPATH\BaseModel.php on line 718.
 1 SYSTEMPATH\BaseModel.php(718): CodeIgniter\Database\Exceptions\DataException::forEmptyDataset('insert')
 2 SYSTEMPATH\Model.php(666): CodeIgniter\BaseModel->insert([], true)
 3 APPPATH\Controllers\Category.php(19): CodeIgniter\Model->insert([...])
 4 SYSTEMPATH\CodeIgniter.php(896): App\Controllers\Category->category()
 5 SYSTEMPATH\CodeIgniter.php(466): CodeIgniter\CodeIgniter->runController(Object(App\Controllers\Category))
 6 SYSTEMPATH\CodeIgniter.php(349): CodeIgniter\CodeIgniter->handleRequest(null, Object(Config\Cache), false)
 7 FCPATH\index.php(55): CodeIgniter\CodeIgniter->run()
CRITICAL - 2022-07-18 20:45:04 --> There is no data to insert.
in SYSTEMPATH\BaseModel.php on line 718.
 1 SYSTEMPATH\BaseModel.php(718): CodeIgniter\Database\Exceptions\DataException::forEmptyDataset('insert')
 2 SYSTEMPATH\Model.php(666): CodeIgniter\BaseModel->insert([], true)
 3 APPPATH\Controllers\Category.php(19): CodeIgniter\Model->insert([...])
 4 SYSTEMPATH\CodeIgniter.php(896): App\Controllers\Category->category()
 5 SYSTEMPATH\CodeIgniter.php(466): CodeIgniter\CodeIgniter->runController(Object(App\Controllers\Category))
 6 SYSTEMPATH\CodeIgniter.php(349): CodeIgniter\CodeIgniter->handleRequest(null, Object(Config\Cache), false)
 7 FCPATH\index.php(55): CodeIgniter\CodeIgniter->run()
CRITICAL - 2022-07-18 20:48:15 --> There is no data to insert.
in SYSTEMPATH\BaseModel.php on line 718.
 1 SYSTEMPATH\BaseModel.php(718): CodeIgniter\Database\Exceptions\DataException::forEmptyDataset('insert')
 2 SYSTEMPATH\Model.php(666): CodeIgniter\BaseModel->insert([], true)
 3 APPPATH\Controllers\Category.php(11): CodeIgniter\Model->insert([...])
 4 SYSTEMPATH\CodeIgniter.php(896): App\Controllers\Category->category()
 5 SYSTEMPATH\CodeIgniter.php(466): CodeIgniter\CodeIgniter->runController(Object(App\Controllers\Category))
 6 SYSTEMPATH\CodeIgniter.php(349): CodeIgniter\CodeIgniter->handleRequest(null, Object(Config\Cache), false)
 7 FCPATH\index.php(55): CodeIgniter\CodeIgniter->run()
CRITICAL - 2022-07-18 20:49:45 --> There is no data to insert.
in SYSTEMPATH\BaseModel.php on line 718.
 1 SYSTEMPATH\BaseModel.php(718): CodeIgniter\Database\Exceptions\DataException::forEmptyDataset('insert')
 2 SYSTEMPATH\Model.php(666): CodeIgniter\BaseModel->insert([], true)
 3 APPPATH\Controllers\Category.php(11): CodeIgniter\Model->insert([...])
 4 SYSTEMPATH\CodeIgniter.php(896): App\Controllers\Category->category()
 5 SYSTEMPATH\CodeIgniter.php(466): CodeIgniter\CodeIgniter->runController(Object(App\Controllers\Category))
 6 SYSTEMPATH\CodeIgniter.php(349): CodeIgniter\CodeIgniter->handleRequest(null, Object(Config\Cache), false)
 7 FCPATH\index.php(55): CodeIgniter\CodeIgniter->run()
CRITICAL - 2022-07-18 20:49:51 --> There is no data to insert.
in SYSTEMPATH\BaseModel.php on line 718.
 1 SYSTEMPATH\BaseModel.php(718): CodeIgniter\Database\Exceptions\DataException::forEmptyDataset('insert')
 2 SYSTEMPATH\Model.php(666): CodeIgniter\BaseModel->insert([], true)
 3 APPPATH\Controllers\Category.php(11): CodeIgniter\Model->insert([...])
 4 SYSTEMPATH\CodeIgniter.php(896): App\Controllers\Category->category()
 5 SYSTEMPATH\CodeIgniter.php(466): CodeIgniter\CodeIgniter->runController(Object(App\Controllers\Category))
 6 SYSTEMPATH\CodeIgniter.php(349): CodeIgniter\CodeIgniter->handleRequest(null, Object(Config\Cache), false)
 7 FCPATH\index.php(55): CodeIgniter\CodeIgniter->run()
CRITICAL - 2022-07-18 20:52:16 --> There is no data to insert.
in SYSTEMPATH\BaseModel.php on line 718.
 1 SYSTEMPATH\BaseModel.php(718): CodeIgniter\Database\Exceptions\DataException::forEmptyDataset('insert')
 2 SYSTEMPATH\Model.php(666): CodeIgniter\BaseModel->insert([], true)
 3 APPPATH\Controllers\Category.php(11): CodeIgniter\Model->insert([...])
 4 SYSTEMPATH\CodeIgniter.php(896): App\Controllers\Category->category()
 5 SYSTEMPATH\CodeIgniter.php(466): CodeIgniter\CodeIgniter->runController(Object(App\Controllers\Category))
 6 SYSTEMPATH\CodeIgniter.php(349): CodeIgniter\CodeIgniter->handleRequest(null, Object(Config\Cache), false)
 7 FCPATH\index.php(55): CodeIgniter\CodeIgniter->run()
CRITICAL - 2022-07-18 20:52:39 --> There is no data to insert.
in SYSTEMPATH\BaseModel.php on line 718.
 1 SYSTEMPATH\BaseModel.php(718): CodeIgniter\Database\Exceptions\DataException::forEmptyDataset('insert')
 2 SYSTEMPATH\Model.php(666): CodeIgniter\BaseModel->insert([], true)
 3 APPPATH\Controllers\Category.php(11): CodeIgniter\Model->insert([...])
 4 SYSTEMPATH\CodeIgniter.php(896): App\Controllers\Category->category()
 5 SYSTEMPATH\CodeIgniter.php(466): CodeIgniter\CodeIgniter->runController(Object(App\Controllers\Category))
 6 SYSTEMPATH\CodeIgniter.php(349): CodeIgniter\CodeIgniter->handleRequest(null, Object(Config\Cache), false)
 7 FCPATH\index.php(55): CodeIgniter\CodeIgniter->run()
CRITICAL - 2022-07-18 21:40:43 --> There is no data to insert.
in SYSTEMPATH\BaseModel.php on line 718.
 1 SYSTEMPATH\BaseModel.php(718): CodeIgniter\Database\Exceptions\DataException::forEmptyDataset('insert')
 2 SYSTEMPATH\Model.php(666): CodeIgniter\BaseModel->insert([], true)
 3 APPPATH\Controllers\Category.php(16): CodeIgniter\Model->insert([...])
 4 SYSTEMPATH\CodeIgniter.php(896): App\Controllers\Category->category()
 5 SYSTEMPATH\CodeIgniter.php(466): CodeIgniter\CodeIgniter->runController(Object(App\Controllers\Category))
 6 SYSTEMPATH\CodeIgniter.php(349): CodeIgniter\CodeIgniter->handleRequest(null, Object(Config\Cache), false)
 7 FCPATH\index.php(55): CodeIgniter\CodeIgniter->run()
CRITICAL - 2022-07-18 21:44:19 --> There is no data to insert.
in SYSTEMPATH\BaseModel.php on line 718.
 1 SYSTEMPATH\BaseModel.php(718): CodeIgniter\Database\Exceptions\DataException::forEmptyDataset('insert')
 2 SYSTEMPATH\Model.php(666): CodeIgniter\BaseModel->insert([], true)
 3 APPPATH\Controllers\Category.php(16): CodeIgniter\Model->insert([...])
 4 SYSTEMPATH\CodeIgniter.php(896): App\Controllers\Category->category()
 5 SYSTEMPATH\CodeIgniter.php(466): CodeIgniter\CodeIgniter->runController(Object(App\Controllers\Category))
 6 SYSTEMPATH\CodeIgniter.php(349): CodeIgniter\CodeIgniter->handleRequest(null, Object(Config\Cache), false)
 7 FCPATH\index.php(55): CodeIgniter\CodeIgniter->run()
CRITICAL - 2022-07-18 21:44:24 --> There is no data to insert.
in SYSTEMPATH\BaseModel.php on line 718.
 1 SYSTEMPATH\BaseModel.php(718): CodeIgniter\Database\Exceptions\DataException::forEmptyDataset('insert')
 2 SYSTEMPATH\Model.php(666): CodeIgniter\BaseModel->insert([], true)
 3 APPPATH\Controllers\Category.php(16): CodeIgniter\Model->insert([...])
 4 SYSTEMPATH\CodeIgniter.php(896): App\Controllers\Category->category()
 5 SYSTEMPATH\CodeIgniter.php(466): CodeIgniter\CodeIgniter->runController(Object(App\Controllers\Category))
 6 SYSTEMPATH\CodeIgniter.php(349): CodeIgniter\CodeIgniter->handleRequest(null, Object(Config\Cache), false)
 7 FCPATH\index.php(55): CodeIgniter\CodeIgniter->run()
CRITICAL - 2022-07-18 21:47:42 --> There is no data to insert.
in SYSTEMPATH\BaseModel.php on line 718.
 1 SYSTEMPATH\BaseModel.php(718): CodeIgniter\Database\Exceptions\DataException::forEmptyDataset('insert')
 2 SYSTEMPATH\Model.php(666): CodeIgniter\BaseModel->insert([], true)
 3 APPPATH\Controllers\Category.php(16): CodeIgniter\Model->insert([...])
 4 SYSTEMPATH\CodeIgniter.php(896): App\Controllers\Category->category()
 5 SYSTEMPATH\CodeIgniter.php(466): CodeIgniter\CodeIgniter->runController(Object(App\Controllers\Category))
 6 SYSTEMPATH\CodeIgniter.php(349): CodeIgniter\CodeIgniter->handleRequest(null, Object(Config\Cache), false)
 7 FCPATH\index.php(55): CodeIgniter\CodeIgniter->run()
