ERROR - 2022-07-13 05:12:48 --> Table 'jewellery.user' doesn't exist
CRITICAL - 2022-07-13 05:12:48 --> Table 'jewellery.user' doesn't exist
in SYSTEMPATH\Database\MySQLi\Connection.php on line 292.
 1 SYSTEMPATH\Database\MySQLi\Connection.php(292): mysqli->query('SELECT * FROM user WHERE username=\'lavi\' AND password=\'f9e1e94de474cae3a70369c2eed965af\'', 0)
 2 SYSTEMPATH\Database\BaseConnection.php(695): CodeIgniter\Database\MySQLi\Connection->execute('SELECT * FROM user WHERE username=\'lavi\' AND password=\'f9e1e94de474cae3a70369c2eed965af\'')
 3 SYSTEMPATH\Database\BaseConnection.php(609): CodeIgniter\Database\BaseConnection->simpleQuery('SELECT * FROM user WHERE username=\'lavi\' AND password=\'f9e1e94de474cae3a70369c2eed965af\'')
 4 APPPATH\Controllers\Login.php(27): CodeIgniter\Database\BaseConnection->query('SELECT * FROM user WHERE username=? AND password=?', [...])
 5 SYSTEMPATH\CodeIgniter.php(896): App\Controllers\Login->login()
 6 SYSTEMPATH\CodeIgniter.php(466): CodeIgniter\CodeIgniter->runController(Object(App\Controllers\Login))
 7 SYSTEMPATH\CodeIgniter.php(349): CodeIgniter\CodeIgniter->handleRequest(null, Object(Config\Cache), false)
 8 FCPATH\index.php(55): CodeIgniter\CodeIgniter->run()
ERROR - 2022-07-13 05:16:35 --> Table 'jewellery.user' doesn't exist
CRITICAL - 2022-07-13 05:16:35 --> Table 'jewellery.user' doesn't exist
in SYSTEMPATH\Database\MySQLi\Connection.php on line 292.
 1 SYSTEMPATH\Database\MySQLi\Connection.php(292): mysqli->query('SELECT * FROM user WHERE username=\'ale\' AND password=\'fb5366423dfad80a7275695dfac336eb\'', 0)
 2 SYSTEMPATH\Database\BaseConnection.php(695): CodeIgniter\Database\MySQLi\Connection->execute('SELECT * FROM user WHERE username=\'ale\' AND password=\'fb5366423dfad80a7275695dfac336eb\'')
 3 SYSTEMPATH\Database\BaseConnection.php(609): CodeIgniter\Database\BaseConnection->simpleQuery('SELECT * FROM user WHERE username=\'ale\' AND password=\'fb5366423dfad80a7275695dfac336eb\'')
 4 APPPATH\Controllers\Login.php(27): CodeIgniter\Database\BaseConnection->query('SELECT * FROM user WHERE username=? AND password=?', [...])
 5 SYSTEMPATH\CodeIgniter.php(896): App\Controllers\Login->login()
 6 SYSTEMPATH\CodeIgniter.php(466): CodeIgniter\CodeIgniter->runController(Object(App\Controllers\Login))
 7 SYSTEMPATH\CodeIgniter.php(349): CodeIgniter\CodeIgniter->handleRequest(null, Object(Config\Cache), false)
 8 FCPATH\index.php(55): CodeIgniter\CodeIgniter->run()
