CRITICAL - 2022-07-22 02:13:00 --> Too few arguments to function App\Controllers\product::delete(), 0 passed in C:\xampp2\htdocs\jewellery\system\CodeIgniter.php on line 896 and exactly 1 expected
in APPPATH\Controllers\product.php on line 72.
 1 SYSTEMPATH\CodeIgniter.php(896): App\Controllers\product->delete()
 2 SYSTEMPATH\CodeIgniter.php(466): CodeIgniter\CodeIgniter->runController(Object(App\Controllers\product))
 3 SYSTEMPATH\CodeIgniter.php(349): CodeIgniter\CodeIgniter->handleRequest(null, Object(Config\Cache), false)
 4 FCPATH\index.php(55): CodeIgniter\CodeIgniter->run()
CRITICAL - 2022-07-22 02:50:08 --> Undefined variable: imageName
in APPPATH\Controllers\product.php on line 62.
 1 APPPATH\Controllers\product.php(62): CodeIgniter\Debug\Exceptions->errorHandler(8, 'Undefined variable: imageName', 'APPPATH\\Controllers\\product.php', 62, [...])
 2 SYSTEMPATH\CodeIgniter.php(896): App\Controllers\product->update('10')
 3 SYSTEMPATH\CodeIgniter.php(466): CodeIgniter\CodeIgniter->runController(Object(App\Controllers\product))
 4 SYSTEMPATH\CodeIgniter.php(349): CodeIgniter\CodeIgniter->handleRequest(null, Object(Config\Cache), false)
 5 FCPATH\index.php(55): CodeIgniter\CodeIgniter->run()
CRITICAL - 2022-07-22 03:14:45 --> Invalid file: admin/templates/header.php
in SYSTEMPATH\Exceptions\FrameworkException.php on line 33.
 1 SYSTEMPATH\View\View.php(201): CodeIgniter\Exceptions\FrameworkException::forInvalidFile('admin/templates/header.php')
 2 SYSTEMPATH\View\View.php(429): CodeIgniter\View\View->render('admin/templates/header', null, true)
 3 APPPATH\Views\admin\pages\categorytable.php(37): CodeIgniter\View\View->include('admin/templates/header')
 4 SYSTEMPATH\View\View.php(213): include('APPPATH\\Views\\admin\\pages\\categorytable.php')
 5 SYSTEMPATH\View\View.php(216): CodeIgniter\View\View->CodeIgniter\View\{closure}()
 6 SYSTEMPATH\Common.php(1135): CodeIgniter\View\View->render('admin/pages/categorytable', [], true)
 7 APPPATH\Controllers\Admin.php(184): view('admin/pages/categorytable', [...])
 8 SYSTEMPATH\CodeIgniter.php(896): App\Controllers\Admin->categorytable()
 9 SYSTEMPATH\CodeIgniter.php(466): CodeIgniter\CodeIgniter->runController(Object(App\Controllers\Admin))
10 SYSTEMPATH\CodeIgniter.php(349): CodeIgniter\CodeIgniter->handleRequest(null, Object(Config\Cache), false)
11 FCPATH\index.php(55): CodeIgniter\CodeIgniter->run()
CRITICAL - 2022-07-22 03:15:08 --> Undefined index: name
in APPPATH\Views\admin\pages\categorytable.php on line 75.
 1 APPPATH\Views\admin\pages\categorytable.php(75): CodeIgniter\Debug\Exceptions->errorHandler(8, 'Undefined index: name', 'APPPATH\\Views\\admin\\pages\\categorytable.php', 75, [...])
 2 SYSTEMPATH\View\View.php(213): include('APPPATH\\Views\\admin\\pages\\categorytable.php')
 3 SYSTEMPATH\View\View.php(216): CodeIgniter\View\View->CodeIgniter\View\{closure}()
 4 SYSTEMPATH\Common.php(1135): CodeIgniter\View\View->render('admin/pages/categorytable', [], true)
 5 APPPATH\Controllers\Admin.php(184): view('admin/pages/categorytable', [...])
 6 SYSTEMPATH\CodeIgniter.php(896): App\Controllers\Admin->categorytable()
 7 SYSTEMPATH\CodeIgniter.php(466): CodeIgniter\CodeIgniter->runController(Object(App\Controllers\Admin))
 8 SYSTEMPATH\CodeIgniter.php(349): CodeIgniter\CodeIgniter->handleRequest(null, Object(Config\Cache), false)
 9 FCPATH\index.php(55): CodeIgniter\CodeIgniter->run()
